number,value,datetime_start,datetime_complete,duration,params_batch_size,params_depth,params_dropout,params_ffn_hidden_dim,params_ffn_num_layers,params_final_lr_ratio,params_gotennet_cutoff,params_gotennet_lr_scale,params_gotennet_pooling,params_init_lr_ratio,params_max_lr,params_message_hidden_dim,params_warmup_epochs,params_x_d_embed_dim,params_x_d_encoder_heads,params_x_d_fp_groups,user_attrs_params_json,user_attrs_per_seed_values,state
0,0.9961745262145996,2026-06-22 02:41:13.585518,2026-06-22 03:21:19.797633,0 days 00:40:06.212115,16,4,0.35,512,2,0.07756239476796357,5.0,0.1,mean_max,0.08775907543295038,0.00015653014388703845,300,3,128,4,128,"{""batch_size"": 16, ""depth"": 4, ""dropout"": 0.35, ""ffn_hidden_dim"": 512, ""ffn_num_layers"": 2, ""final_lr"": 1.2140852813252617e-05, ""gotennet_cutoff"": 5.0, ""gotennet_lr_scale"": 0.1, ""gotennet_pooling"": ""mean_max"", ""init_lr"": 1.3736940704913184e-05, ""max_lr"": 0.00015653014388703845, ""message_hidden_dim"": 300, ""warmup_epochs"": 3, ""x_d_embed_dim"": 128, ""x_d_encoder_heads"": 4, ""x_d_fp_groups"": 128}","[0.9915966391563416, 1.0, 0.996794819831848, 1.0, 0.9924811720848083]",COMPLETE
1,0.994666576385498,2026-06-22 03:21:19.807136,2026-06-22 03:24:47.351824,0 days 00:03:27.544688,16,4,0.25,512,2,0.08079414919250522,4.0,0.3,mean_max,0.04555029917806253,0.00025343003758733187,300,4,128,8,128,"{""batch_size"": 16, ""depth"": 4, ""dropout"": 0.25, ""ffn_hidden_dim"": 512, ""ffn_num_layers"": 2, ""final_lr"": 2.0475664266693097e-05, ""gotennet_cutoff"": 4.0, ""gotennet_lr_scale"": 0.3, ""gotennet_pooling"": ""mean_max"", ""init_lr"": 1.15438140328106e-05, ""max_lr"": 0.00025343003758733187, ""message_hidden_dim"": 300, ""warmup_epochs"": 4, ""x_d_embed_dim"": 128, ""x_d_encoder_heads"": 8, ""x_d_fp_groups"": 128}","[0.994397759437561, 1.0, 0.9935897588729858, 0.995370388031006, 0.9899749755859376]",COMPLETE
2,0.991847836971283,2026-06-22 03:24:47.357820,2026-06-22 03:30:02.015499,0 days 00:05:14.657679,32,4,0.2,512,1,0.05656627257155115,4.0,0.1,mean_max,0.04608647251321383,7.74398296013482e-05,300,4,128,8,64,"{""batch_size"": 32, ""depth"": 4, ""dropout"": 0.2, ""ffn_hidden_dim"": 512, ""ffn_num_layers"": 1, ""final_lr"": 4.3804825091243375e-06, ""gotennet_cutoff"": 4.0, ""gotennet_lr_scale"": 0.1, ""gotennet_pooling"": ""mean_max"", ""init_lr"": 3.5689285783504967e-06, ""max_lr"": 7.74398296013482e-05, ""message_hidden_dim"": 300, ""warmup_epochs"": 4, ""x_d_embed_dim"": 128, ""x_d_encoder_heads"": 8, ""x_d_fp_groups"": 64}","[0.9831932783126832, 1.0, 0.9935897588729858, 1.0, 0.9824561476707458]",COMPLETE
3,0.9909000515937805,2026-06-22 03:30:02.022026,2026-06-22 03:34:49.510236,0 days 00:04:47.488210,16,3,0.25,512,1,0.06693656791085276,5.0,0.1,mean_max,0.11693635609135392,6.105981923735302e-05,600,4,128,4,64,"{""batch_size"": 16, ""depth"": 3, ""dropout"": 0.25, ""ffn_hidden_dim"": 512, ""ffn_num_layers"": 1, ""final_lr"": 4.087134737005474e-06, ""gotennet_cutoff"": 5.0, ""gotennet_lr_scale"": 0.1, ""gotennet_pooling"": ""mean_max"", ""init_lr"": 7.1401127652128146e-06, ""max_lr"": 6.105981923735302e-05, ""message_hidden_dim"": 600, ""warmup_epochs"": 4, ""x_d_embed_dim"": 128, ""x_d_encoder_heads"": 4, ""x_d_fp_groups"": 64}","[0.9887954592704772, 1.0, 0.990384578704834, 0.995370388031006, 0.9799498319625854]",COMPLETE
4,0.9872867584228515,2026-06-22 03:34:49.516736,2026-06-22 03:40:25.820177,0 days 00:05:36.303441,32,4,0.2,300,2,0.0549720318589522,5.0,0.1,mean_max,0.08786884660469503,6.576507718814309e-05,300,4,128,8,64,"{""batch_size"": 32, ""depth"": 4, ""dropout"": 0.2, ""ffn_hidden_dim"": 300, ""ffn_num_layers"": 2, ""final_lr"": 3.6152399183930524e-06, ""gotennet_cutoff"": 5.0, ""gotennet_lr_scale"": 0.1, ""gotennet_pooling"": ""mean_max"", ""init_lr"": 5.778701479390874e-06, ""max_lr"": 6.576507718814309e-05, ""message_hidden_dim"": 300, ""warmup_epochs"": 4, ""x_d_embed_dim"": 128, ""x_d_encoder_heads"": 8, ""x_d_fp_groups"": 64}","[0.9831932783126832, 1.0, 0.9871794581413268, 0.9861111640930176, 0.9799498915672302]",COMPLETE
5,0.9946883678436279,2026-06-22 03:40:25.826680,2026-06-22 03:44:00.180543,0 days 00:03:34.353863,16,4,0.35,512,2,0.07575261574353705,4.0,0.1,mean_max,0.10530598488557939,0.00011403820393151987,300,3,128,4,128,"{""batch_size"": 16, ""depth"": 4, ""dropout"": 0.35, ""ffn_hidden_dim"": 512, ""ffn_num_layers"": 2, ""final_lr"": 8.638692242507541e-06, ""gotennet_cutoff"": 4.0, ""gotennet_lr_scale"": 0.1, ""gotennet_pooling"": ""mean_max"", ""init_lr"": 1.2008905379591252e-05, ""max_lr"": 0.00011403820393151987, ""message_hidden_dim"": 300, ""warmup_epochs"": 3, ""x_d_embed_dim"": 128, ""x_d_encoder_heads"": 4, ""x_d_fp_groups"": 128}","[0.9887954592704772, 1.0, 0.996794819831848, 0.995370388031006, 0.9924811720848083]",COMPLETE
6,0.9940473556518554,2026-06-22 03:44:00.186546,2026-06-22 03:46:59.333369,0 days 00:02:59.146823,16,4,0.30000000000000004,300,2,0.1071078811605412,5.0,0.1,mean,0.06425381174844887,0.00019403404522845276,600,4,128,8,128,"{""batch_size"": 16, ""depth"": 4, ""dropout"": 0.30000000000000004, ""ffn_hidden_dim"": 300, ""ffn_num_layers"": 2, ""final_lr"": 2.078257545742819e-05, ""gotennet_cutoff"": 5.0, ""gotennet_lr_scale"": 0.1, ""gotennet_pooling"": ""mean"", ""init_lr"": 1.2467427014899017e-05, ""max_lr"": 0.00019403404522845276, ""message_hidden_dim"": 600, ""warmup_epochs"": 4, ""x_d_embed_dim"": 128, ""x_d_encoder_heads"": 8, ""x_d_fp_groups"": 128}","[0.9887954592704772, 1.0, 0.9935897588729858, 0.995370388031006, 0.9924811720848083]",COMPLETE
7,0.9931214332580567,2026-06-22 03:46:59.339372,2026-06-22 03:50:42.177316,0 days 00:03:42.837944,32,3,0.30000000000000004,300,2,0.1036166181758137,4.0,0.1,mean_max,0.08842357404360901,0.00012839847326348127,600,2,128,4,128,"{""batch_size"": 32, ""depth"": 3, ""dropout"": 0.30000000000000004, ""ffn_hidden_dim"": 300, ""ffn_num_layers"": 2, ""final_lr"": 1.3304215578499564e-05, ""gotennet_cutoff"": 4.0, ""gotennet_lr_scale"": 0.1, ""gotennet_pooling"": ""mean_max"", ""init_lr"": 1.1353451907699788e-05, ""max_lr"": 0.00012839847326348127, ""message_hidden_dim"": 600, ""warmup_epochs"": 2, ""x_d_embed_dim"": 128, ""x_d_encoder_heads"": 4, ""x_d_fp_groups"": 128}","[0.9887954592704772, 1.0, 0.9935897588729858, 0.9907407760620116, 0.9924811720848083]",COMPLETE
8,0.9963100910186767,2026-06-22 03:50:42.183320,2026-06-22 03:53:22.500185,0 days 00:02:40.316865,32,4,0.2,300,1,0.07204797623653346,5.0,0.3,mean,0.07852287614241282,0.0003488585019780636,600,4,128,8,128,"{""batch_size"": 32, ""depth"": 4, ""dropout"": 0.2, ""ffn_hidden_dim"": 300, ""ffn_num_layers"": 1, ""final_lr"": 2.513454906042819e-05, ""gotennet_cutoff"": 5.0, ""gotennet_lr_scale"": 0.3, ""gotennet_pooling"": ""mean"", ""init_lr"": 2.739337294205117e-05, ""max_lr"": 0.0003488585019780636, ""message_hidden_dim"": 600, ""warmup_epochs"": 4, ""x_d_embed_dim"": 128, ""x_d_encoder_heads"": 8, ""x_d_fp_groups"": 128}","[0.994397759437561, 1.0, 0.996794819831848, 0.995370388031006, 0.9949874877929688]",COMPLETE
9,0.9914997577667236,2026-06-22 03:53:22.507694,2026-06-22 03:56:12.765393,0 days 00:02:50.257699,16,3,0.2,512,2,0.10712255528821008,4.0,0.3,mean,0.07212292603603178,0.00012843964063896302,300,4,128,4,64,"{""batch_size"": 16, ""depth"": 3, ""dropout"": 0.2, ""ffn_hidden_dim"": 512, ""ffn_num_layers"": 2, ""final_lr"": 1.3758782505545149e-05, ""gotennet_cutoff"": 4.0, ""gotennet_lr_scale"": 0.3, ""gotennet_pooling"": ""mean"", ""init_lr"": 9.26344270189843e-06, ""max_lr"": 0.00012843964063896302, ""message_hidden_dim"": 300, ""warmup_epochs"": 4, ""x_d_embed_dim"": 128, ""x_d_encoder_heads"": 4, ""x_d_fp_groups"": 64}","[0.9831932783126832, 1.0, 0.9935897588729858, 0.9907407760620116, 0.9899749755859376]",COMPLETE
10,0.993600857257843,2026-06-22 03:56:12.771394,2026-06-22 03:58:44.897222,0 days 00:02:32.125828,32,3,0.25,300,1,0.04092316774499409,5.0,0.3,mean,0.05716195176091775,0.0003614646736461348,600,2,128,8,128,"{""batch_size"": 32, ""depth"": 3, ""dropout"": 0.25, ""ffn_hidden_dim"": 300, ""ffn_num_layers"": 1, ""final_lr"": 1.4792279473510318e-05, ""gotennet_cutoff"": 5.0, ""gotennet_lr_scale"": 0.3, ""gotennet_pooling"": ""mean"", ""init_lr"": 2.0662026238236233e-05, ""max_lr"": 0.0003614646736461348, ""message_hidden_dim"": 600, ""warmup_epochs"": 2, ""x_d_embed_dim"": 128, ""x_d_encoder_heads"": 8, ""x_d_fp_groups"": 128}","[0.994397759437561, 1.0, 0.990384578704834, 0.9907407760620116, 0.9924811720848083]",COMPLETE
11,0.9951678156852722,2026-06-22 03:58:44.903215,2026-06-22 04:01:19.095495,0 days 00:02:34.192280,32,4,0.35,300,1,0.08417136397000755,5.0,0.3,mean,0.08319730151495877,0.0003899489883004366,600,3,128,4,128,"{""batch_size"": 32, ""depth"": 4, ""dropout"": 0.35, ""ffn_hidden_dim"": 300, ""ffn_num_layers"": 1, ""final_lr"": 3.2822538223972266e-05, ""gotennet_cutoff"": 5.0, ""gotennet_lr_scale"": 0.3, ""gotennet_pooling"": ""mean"", ""init_lr"": 3.244270355508455e-05, ""max_lr"": 0.0003899489883004366, ""message_hidden_dim"": 600, ""warmup_epochs"": 3, ""x_d_embed_dim"": 128, ""x_d_encoder_heads"": 4, ""x_d_fp_groups"": 128}","[0.994397759437561, 1.0, 0.9935897588729858, 0.995370388031006, 0.9924811720848083]",COMPLETE
12,0.9897164344787598,2026-06-22 04:01:19.101002,2026-06-22 04:04:41.888632,0 days 00:03:22.787630,32,4,0.30000000000000004,300,1,0.06329257292684917,5.0,0.3,mean,0.0728229836065335,0.00021517073169186464,300,3,128,8,128,"{""batch_size"": 32, ""depth"": 4, ""dropout"": 0.30000000000000004, ""ffn_hidden_dim"": 300, ""ffn_num_layers"": 1, ""final_lr"": 1.361870922733084e-05, ""gotennet_cutoff"": 5.0, ""gotennet_lr_scale"": 0.3, ""gotennet_pooling"": ""mean"", ""init_lr"": 1.5669374666602476e-05, ""max_lr"": 0.00021517073169186464, ""message_hidden_dim"": 300, ""warmup_epochs"": 3, ""x_d_embed_dim"": 128, ""x_d_encoder_heads"": 8, ""x_d_fp_groups"": 128}","[0.9831932783126832, 1.0, 0.9871794581413268, 0.9907407760620116, 0.9874686598777772]",COMPLETE
13,0.9973715543746948,2026-06-22 04:04:41.894157,2026-06-22 04:07:25.892387,0 days 00:02:43.998230,16,4,0.35,512,1,0.08934778030284103,5.0,0.3,mean,0.09966125380500752,0.0002743307753034183,600,3,128,4,128,"{""batch_size"": 16, ""depth"": 4, ""dropout"": 0.35, ""ffn_hidden_dim"": 512, ""ffn_num_layers"": 1, ""final_lr"": 2.4510845842117865e-05, ""gotennet_cutoff"": 5.0, ""gotennet_lr_scale"": 0.3, ""gotennet_pooling"": ""mean"", ""init_lr"": 2.734014902403846e-05, ""max_lr"": 0.0002743307753034183, ""message_hidden_dim"": 600, ""warmup_epochs"": 3, ""x_d_embed_dim"": 128, ""x_d_encoder_heads"": 4, ""x_d_fp_groups"": 128}","[0.9971988797187804, 1.0, 0.996794819831848, 0.995370388031006, 0.9974936842918396]",COMPLETE
14,0.9952704548835755,2026-06-22 04:07:25.900385,2026-06-22 04:10:17.681689,0 days 00:02:51.781304,16,4,0.25,512,1,0.08543299774899568,5.0,0.3,mean,0.10390085107037048,0.00028780770533080104,600,3,128,4,128,"{""batch_size"": 16, ""depth"": 4, ""dropout"": 0.25, ""ffn_hidden_dim"": 512, ""ffn_num_layers"": 1, ""final_lr"": 2.4588275041669936e-05, ""gotennet_cutoff"": 5.0, ""gotennet_lr_scale"": 0.3, ""gotennet_pooling"": ""mean"", ""init_lr"": 2.990346552848063e-05, ""max_lr"": 0.00028780770533080104, ""message_hidden_dim"": 600, ""warmup_epochs"": 3, ""x_d_embed_dim"": 128, ""x_d_encoder_heads"": 4, ""x_d_fp_groups"": 128}","[0.9859943985939026, 1.0, 1.0, 0.995370388031006, 0.9949874877929688]",COMPLETE
15,0.9938214421272278,2026-06-22 04:10:17.687684,2026-06-22 04:12:57.363156,0 days 00:02:39.675472,32,4,0.30000000000000004,300,1,0.09551137229353607,5.0,0.3,mean,0.054385754925772994,0.00029600746965156816,600,2,128,8,128,"{""batch_size"": 32, ""depth"": 4, ""dropout"": 0.30000000000000004, ""ffn_hidden_dim"": 300, ""ffn_num_layers"": 1, ""final_lr"": 2.8272079635558506e-05, ""gotennet_cutoff"": 5.0, ""gotennet_lr_scale"": 0.3, ""gotennet_pooling"": ""mean"", ""init_lr"": 1.6098589700668373e-05, ""max_lr"": 0.00029600746965156816, ""message_hidden_dim"": 600, ""warmup_epochs"": 2, ""x_d_embed_dim"": 128, ""x_d_encoder_heads"": 8, ""x_d_fp_groups"": 128}","[0.9915966391563416, 1.0, 0.996794819831848, 0.9907407760620116, 0.9899749755859376]",COMPLETE
16,0.9946075916290283,2026-06-22 04:12:57.369153,2026-06-22 04:16:26.539711,0 days 00:03:29.170558,32,4,0.35,512,1,0.0459840000751583,5.0,0.3,mean,0.10079456931162808,0.00020299689717006558,600,3,128,4,128,"{""batch_size"": 32, ""depth"": 4, ""dropout"": 0.35, ""ffn_hidden_dim"": 512, ""ffn_num_layers"": 1, ""final_lr"": 9.334609334725198e-06, ""gotennet_cutoff"": 5.0, ""gotennet_lr_scale"": 0.3, ""gotennet_pooling"": ""mean"", ""init_lr"": 2.0460984821853615e-05, ""max_lr"": 0.00020299689717006558, ""message_hidden_dim"": 600, ""warmup_epochs"": 3, ""x_d_embed_dim"": 128, ""x_d_encoder_heads"": 4, ""x_d_fp_groups"": 128}","[0.9915966391563416, 1.0, 0.9935897588729858, 0.995370388031006, 0.9924811720848083]",COMPLETE
17,0.9960252046585083,2026-06-22 04:16:26.546221,2026-06-22 04:19:31.980880,0 days 00:03:05.434659,16,3,0.2,300,1,0.06776706990661055,5.0,0.3,mean,0.0747107000918703,0.00032136896569560653,600,2,128,8,128,"{""batch_size"": 16, ""depth"": 3, ""dropout"": 0.2, ""ffn_hidden_dim"": 300, ""ffn_num_layers"": 1, ""final_lr"": 2.1778233164109294e-05, ""gotennet_cutoff"": 5.0, ""gotennet_lr_scale"": 0.3, ""gotennet_pooling"": ""mean"", ""init_lr"": 2.4009700414919013e-05, ""max_lr"": 0.00032136896569560653, ""message_hidden_dim"": 600, ""warmup_epochs"": 2, ""x_d_embed_dim"": 128, ""x_d_encoder_heads"": 8, ""x_d_fp_groups"": 128}","[0.994397759437561, 1.0, 1.0, 0.9907407760620116, 0.9949874877929688]",COMPLETE
18,0.99518963098526,2026-06-22 04:19:31.986876,2026-06-22 04:22:36.133792,0 days 00:03:04.146916,32,4,0.25,512,1,0.09439596532891482,5.0,0.3,mean,0.04002723068938823,0.00025149246384903104,600,3,128,8,64,"{""batch_size"": 32, ""depth"": 4, ""dropout"": 0.25, ""ffn_hidden_dim"": 512, ""ffn_num_layers"": 1, ""final_lr"": 2.37398738979765e-05, ""gotennet_cutoff"": 5.0, ""gotennet_lr_scale"": 0.3, ""gotennet_pooling"": ""mean"", ""init_lr"": 1.0066546867127796e-05, ""max_lr"": 0.00025149246384903104, ""message_hidden_dim"": 600, ""warmup_epochs"": 3, ""x_d_embed_dim"": 128, ""x_d_encoder_heads"": 8, ""x_d_fp_groups"": 64}","[0.9887954592704772, 1.0, 0.996794819831848, 0.995370388031006, 0.9949874877929688]",COMPLETE
19,0.9936816692352295,2026-06-22 04:22:36.140305,2026-06-22 04:25:43.387486,0 days 00:03:07.247181,16,4,0.30000000000000004,300,1,0.11670374225026697,5.0,0.3,mean,0.11788363366589608,0.00016569113403677456,600,4,128,4,128,"{""batch_size"": 16, ""depth"": 4, ""dropout"": 0.30000000000000004, ""ffn_hidden_dim"": 300, ""ffn_num_layers"": 1, ""final_lr"": 1.9336775399782176e-05, ""gotennet_cutoff"": 5.0, ""gotennet_lr_scale"": 0.3, ""gotennet_pooling"": ""mean"", ""init_lr"": 1.9532272946478016e-05, ""max_lr"": 0.00016569113403677456, ""message_hidden_dim"": 600, ""warmup_epochs"": 4, ""x_d_embed_dim"": 128, ""x_d_encoder_heads"": 4, ""x_d_fp_groups"": 128}","[0.9915966391563416, 1.0, 0.9935897588729858, 0.9907407760620116, 0.9924811720848083]",COMPLETE
