number,value,datetime_start,datetime_complete,duration,params_batch_size,params_depth,params_dropout,params_ffn_hidden_dim,params_ffn_num_layers,params_final_lr_ratio,params_gotennet_cutoff,params_gotennet_lr_scale,params_gotennet_pooling,params_init_lr_ratio,params_max_lr,params_message_hidden_dim,params_warmup_epochs,params_x_d_embed_dim,params_x_d_encoder_heads,params_x_d_fp_groups,user_attrs_params_json,user_attrs_per_seed_values,state
0,0.775518798828125,2026-06-20 17:29:58.130573,2026-06-20 17:33:05.568594,0 days 00:03:07.438021,16,4,0.35,512,2,0.07756239476796357,5.0,0.1,mean_max,0.08775907543295038,0.00015653014388703845,300,3,128,4,128,"{""batch_size"": 16, ""depth"": 4, ""dropout"": 0.35, ""ffn_hidden_dim"": 512, ""ffn_num_layers"": 2, ""final_lr"": 1.2140852813252617e-05, ""gotennet_cutoff"": 5.0, ""gotennet_lr_scale"": 0.1, ""gotennet_pooling"": ""mean_max"", ""init_lr"": 1.3736940704913184e-05, ""max_lr"": 0.00015653014388703845, ""message_hidden_dim"": 300, ""warmup_epochs"": 3, ""x_d_embed_dim"": 128, ""x_d_encoder_heads"": 4, ""x_d_fp_groups"": 128}","[0.7401960492134094, 0.7619047164916992, 0.7620614171028137, 0.8002450466156006, 0.813186764717102]",COMPLETE
1,0.7850480437278747,2026-06-20 17:33:05.576206,2026-06-20 17:35:58.045983,0 days 00:02:52.469777,16,4,0.25,512,2,0.08079414919250522,4.0,0.3,mean_max,0.04555029917806253,0.00025343003758733187,300,4,128,8,128,"{""batch_size"": 16, ""depth"": 4, ""dropout"": 0.25, ""ffn_hidden_dim"": 512, ""ffn_num_layers"": 2, ""final_lr"": 2.0475664266693097e-05, ""gotennet_cutoff"": 4.0, ""gotennet_lr_scale"": 0.3, ""gotennet_pooling"": ""mean_max"", ""init_lr"": 1.15438140328106e-05, ""max_lr"": 0.00025343003758733187, ""message_hidden_dim"": 300, ""warmup_epochs"": 4, ""x_d_embed_dim"": 128, ""x_d_encoder_heads"": 8, ""x_d_fp_groups"": 128}","[0.7622548937797546, 0.770476222038269, 0.7894736528396606, 0.7953431606292725, 0.807692289352417]",COMPLETE
2,0.775741696357727,2026-06-20 17:35:58.051316,2026-06-20 17:39:01.105404,0 days 00:03:03.054088,32,4,0.2,512,1,0.05656627257155115,4.0,0.1,mean_max,0.04608647251321383,7.74398296013482e-05,300,4,128,8,64,"{""batch_size"": 32, ""depth"": 4, ""dropout"": 0.2, ""ffn_hidden_dim"": 512, ""ffn_num_layers"": 1, ""final_lr"": 4.3804825091243375e-06, ""gotennet_cutoff"": 4.0, ""gotennet_lr_scale"": 0.1, ""gotennet_pooling"": ""mean_max"", ""init_lr"": 3.5689285783504967e-06, ""max_lr"": 7.74398296013482e-05, ""message_hidden_dim"": 300, ""warmup_epochs"": 4, ""x_d_embed_dim"": 128, ""x_d_encoder_heads"": 8, ""x_d_fp_groups"": 64}","[0.7622548341751099, 0.760952353477478, 0.7763158082962036, 0.7843136787414551, 0.7948718070983887]",COMPLETE
3,0.7810874342918396,2026-06-20 17:39:01.111910,2026-06-20 17:42:32.617386,0 days 00:03:31.505476,16,3,0.25,512,1,0.06693656791085276,5.0,0.1,mean_max,0.11693635609135392,6.105981923735302e-05,600,4,128,4,64,"{""batch_size"": 16, ""depth"": 3, ""dropout"": 0.25, ""ffn_hidden_dim"": 512, ""ffn_num_layers"": 1, ""final_lr"": 4.087134737005474e-06, ""gotennet_cutoff"": 5.0, ""gotennet_lr_scale"": 0.1, ""gotennet_pooling"": ""mean_max"", ""init_lr"": 7.1401127652128146e-06, ""max_lr"": 6.105981923735302e-05, ""message_hidden_dim"": 600, ""warmup_epochs"": 4, ""x_d_embed_dim"": 128, ""x_d_encoder_heads"": 4, ""x_d_fp_groups"": 64}","[0.7757353186607361, 0.7714285254478455, 0.7785087823867798, 0.7757352590560913, 0.8040292859077454]",COMPLETE
4,0.7693639636039734,2026-06-20 17:42:32.627258,2026-06-20 17:46:10.343518,0 days 00:03:37.716260,32,4,0.2,300,2,0.0549720318589522,5.0,0.1,mean_max,0.08786884660469503,6.576507718814309e-05,300,4,128,8,64,"{""batch_size"": 32, ""depth"": 4, ""dropout"": 0.2, ""ffn_hidden_dim"": 300, ""ffn_num_layers"": 2, ""final_lr"": 3.6152399183930524e-06, ""gotennet_cutoff"": 5.0, ""gotennet_lr_scale"": 0.1, ""gotennet_pooling"": ""mean_max"", ""init_lr"": 5.778701479390874e-06, ""max_lr"": 6.576507718814309e-05, ""message_hidden_dim"": 300, ""warmup_epochs"": 4, ""x_d_embed_dim"": 128, ""x_d_encoder_heads"": 8, ""x_d_fp_groups"": 64}","[0.7659313678741455, 0.7390475869178772, 0.7675438523292542, 0.783088207244873, 0.791208803653717]",COMPLETE
5,0.7712746977806091,2026-06-20 17:46:10.349580,2026-06-20 17:49:12.194076,0 days 00:03:01.844496,16,4,0.35,512,2,0.07575261574353705,4.0,0.1,mean_max,0.10530598488557939,0.00011403820393151987,300,3,128,4,128,"{""batch_size"": 16, ""depth"": 4, ""dropout"": 0.35, ""ffn_hidden_dim"": 512, ""ffn_num_layers"": 2, ""final_lr"": 8.638692242507541e-06, ""gotennet_cutoff"": 4.0, ""gotennet_lr_scale"": 0.1, ""gotennet_pooling"": ""mean_max"", ""init_lr"": 1.2008905379591252e-05, ""max_lr"": 0.00011403820393151987, ""message_hidden_dim"": 300, ""warmup_epochs"": 3, ""x_d_embed_dim"": 128, ""x_d_encoder_heads"": 4, ""x_d_fp_groups"": 128}","[0.7598038911819458, 0.7628571391105652, 0.747806966304779, 0.7855392098426819, 0.8003662824630737]",COMPLETE
6,0.7765908002853393,2026-06-20 17:49:12.199233,2026-06-20 17:51:59.702089,0 days 00:02:47.502856,16,4,0.30000000000000004,300,2,0.1071078811605412,5.0,0.1,mean,0.06425381174844887,0.00019403404522845276,600,4,128,8,128,"{""batch_size"": 16, ""depth"": 4, ""dropout"": 0.30000000000000004, ""ffn_hidden_dim"": 300, ""ffn_num_layers"": 2, ""final_lr"": 2.078257545742819e-05, ""gotennet_cutoff"": 5.0, ""gotennet_lr_scale"": 0.1, ""gotennet_pooling"": ""mean"", ""init_lr"": 1.2467427014899017e-05, ""max_lr"": 0.00019403404522845276, ""message_hidden_dim"": 600, ""warmup_epochs"": 4, ""x_d_embed_dim"": 128, ""x_d_encoder_heads"": 8, ""x_d_fp_groups"": 128}","[0.751225471496582, 0.7704761624336243, 0.7686403393745422, 0.783088207244873, 0.8095238208770752]",COMPLETE
7,0.7778066873550415,2026-06-20 17:51:59.708792,2026-06-20 17:54:51.310047,0 days 00:02:51.601255,32,3,0.30000000000000004,300,2,0.1036166181758137,4.0,0.1,mean_max,0.08842357404360901,0.00012839847326348127,600,2,128,4,128,"{""batch_size"": 32, ""depth"": 3, ""dropout"": 0.30000000000000004, ""ffn_hidden_dim"": 300, ""ffn_num_layers"": 2, ""final_lr"": 1.3304215578499564e-05, ""gotennet_cutoff"": 4.0, ""gotennet_lr_scale"": 0.1, ""gotennet_pooling"": ""mean_max"", ""init_lr"": 1.1353451907699788e-05, ""max_lr"": 0.00012839847326348127, ""message_hidden_dim"": 600, ""warmup_epochs"": 2, ""x_d_embed_dim"": 128, ""x_d_encoder_heads"": 4, ""x_d_fp_groups"": 128}","[0.7647058963775635, 0.7580952048301697, 0.7785087823867798, 0.781862735748291, 0.8058608174324036]",COMPLETE
8,0.7742229223251342,2026-06-20 17:54:51.316560,2026-06-20 17:57:15.450110,0 days 00:02:24.133550,32,4,0.2,300,1,0.07204797623653346,5.0,0.3,mean,0.07852287614241282,0.0003488585019780636,600,4,128,8,128,"{""batch_size"": 32, ""depth"": 4, ""dropout"": 0.2, ""ffn_hidden_dim"": 300, ""ffn_num_layers"": 1, ""final_lr"": 2.513454906042819e-05, ""gotennet_cutoff"": 5.0, ""gotennet_lr_scale"": 0.3, ""gotennet_pooling"": ""mean"", ""init_lr"": 2.739337294205117e-05, ""max_lr"": 0.0003488585019780636, ""message_hidden_dim"": 600, ""warmup_epochs"": 4, ""x_d_embed_dim"": 128, ""x_d_encoder_heads"": 8, ""x_d_fp_groups"": 128}","[0.7671568393707275, 0.7695237398147583, 0.7467105388641357, 0.781862735748291, 0.8058607578277588]",COMPLETE
9,0.7894011974334717,2026-06-20 17:57:15.456842,2026-06-20 17:59:56.462920,0 days 00:02:41.006078,16,3,0.2,512,2,0.10712255528821008,4.0,0.3,mean,0.07212292603603178,0.00012843964063896302,300,4,128,4,64,"{""batch_size"": 16, ""depth"": 3, ""dropout"": 0.2, ""ffn_hidden_dim"": 512, ""ffn_num_layers"": 2, ""final_lr"": 1.3758782505545149e-05, ""gotennet_cutoff"": 4.0, ""gotennet_lr_scale"": 0.3, ""gotennet_pooling"": ""mean"", ""init_lr"": 9.26344270189843e-06, ""max_lr"": 0.00012843964063896302, ""message_hidden_dim"": 300, ""warmup_epochs"": 4, ""x_d_embed_dim"": 128, ""x_d_encoder_heads"": 4, ""x_d_fp_groups"": 64}","[0.7659313678741455, 0.7628571391105652, 0.7894737124443054, 0.813725471496582, 0.8150182962417603]",COMPLETE
10,0.7794271945953369,2026-06-20 17:59:56.473197,2026-06-20 18:02:46.077123,0 days 00:02:49.603926,16,3,0.25,512,1,0.04092316774499409,4.0,0.3,mean,0.057503978819193335,8.86245276693055e-05,300,2,128,4,64,"{""batch_size"": 16, ""depth"": 3, ""dropout"": 0.25, ""ffn_hidden_dim"": 512, ""ffn_num_layers"": 1, ""final_lr"": 3.626796412131859e-06, ""gotennet_cutoff"": 4.0, ""gotennet_lr_scale"": 0.3, ""gotennet_pooling"": ""mean"", ""init_lr"": 5.096262961956757e-06, ""max_lr"": 8.86245276693055e-05, ""message_hidden_dim"": 300, ""warmup_epochs"": 2, ""x_d_embed_dim"": 128, ""x_d_encoder_heads"": 4, ""x_d_fp_groups"": 64}","[0.748774528503418, 0.7742856740951538, 0.7796052694320679, 0.7904411554336548, 0.8040293455123901]",COMPLETE
11,0.7764292359352112,2026-06-20 18:02:46.082654,2026-06-20 18:05:18.719776,0 days 00:02:32.637122,16,3,0.25,512,2,0.09318973194125733,4.0,0.3,mean,0.0430205052341308,0.00025680463534738475,300,3,128,8,64,"{""batch_size"": 16, ""depth"": 3, ""dropout"": 0.25, ""ffn_hidden_dim"": 512, ""ffn_num_layers"": 2, ""final_lr"": 2.3931555129295124e-05, ""gotennet_cutoff"": 4.0, ""gotennet_lr_scale"": 0.3, ""gotennet_pooling"": ""mean"", ""init_lr"": 1.1047865159111216e-05, ""max_lr"": 0.00025680463534738475, ""message_hidden_dim"": 300, ""warmup_epochs"": 3, ""x_d_embed_dim"": 128, ""x_d_encoder_heads"": 8, ""x_d_fp_groups"": 64}","[0.7659313678741455, 0.7580952644348145, 0.7774122953414917, 0.783088207244873, 0.7976190447807312]",COMPLETE
12,0.7845658540725708,2026-06-20 18:05:18.725834,2026-06-20 18:07:44.606898,0 days 00:02:25.881064,16,3,0.25,512,2,0.11704419777643148,4.0,0.3,mean,0.056488112190750554,0.00037424073434672614,300,3,128,8,128,"{""batch_size"": 16, ""depth"": 3, ""dropout"": 0.25, ""ffn_hidden_dim"": 512, ""ffn_num_layers"": 2, ""final_lr"": 4.3802706526875164e-05, ""gotennet_cutoff"": 4.0, ""gotennet_lr_scale"": 0.3, ""gotennet_pooling"": ""mean"", ""init_lr"": 2.114015258812674e-05, ""max_lr"": 0.00037424073434672614, ""message_hidden_dim"": 300, ""warmup_epochs"": 3, ""x_d_embed_dim"": 128, ""x_d_encoder_heads"": 8, ""x_d_fp_groups"": 128}","[0.7585784196853638, 0.7628571391105652, 0.7861841917037964, 0.7855391502380371, 0.8296703696250916]",COMPLETE
13,0.7774159789085389,2026-06-20 18:07:44.611025,2026-06-20 18:10:20.995195,0 days 00:02:36.384170,16,3,0.2,512,2,0.09131546782813779,4.0,0.3,mean,0.07020521948733413,0.00024756004421111705,300,4,128,4,64,"{""batch_size"": 16, ""depth"": 3, ""dropout"": 0.2, ""ffn_hidden_dim"": 512, ""ffn_num_layers"": 2, ""final_lr"": 2.260606125269263e-05, ""gotennet_cutoff"": 4.0, ""gotennet_lr_scale"": 0.3, ""gotennet_pooling"": ""mean"", ""init_lr"": 1.7380007240135615e-05, ""max_lr"": 0.00024756004421111705, ""message_hidden_dim"": 300, ""warmup_epochs"": 4, ""x_d_embed_dim"": 128, ""x_d_encoder_heads"": 4, ""x_d_fp_groups"": 64}","[0.7622548937797546, 0.738095223903656, 0.7916666865348816, 0.7855392694473267, 0.8095238208770752]",COMPLETE
14,0.7806689977645874,2026-06-20 18:10:21.002746,2026-06-20 18:13:13.842685,0 days 00:02:52.839939,16,3,0.30000000000000004,512,2,0.09025864393579713,4.0,0.3,mean_max,0.0505195881056312,0.00019845669426249245,300,4,128,4,128,"{""batch_size"": 16, ""depth"": 3, ""dropout"": 0.30000000000000004, ""ffn_hidden_dim"": 512, ""ffn_num_layers"": 2, ""final_lr"": 1.791243210411366e-05, ""gotennet_cutoff"": 4.0, ""gotennet_lr_scale"": 0.3, ""gotennet_pooling"": ""mean_max"", ""init_lr"": 1.0025950450946303e-05, ""max_lr"": 0.00019845669426249245, ""message_hidden_dim"": 300, ""warmup_epochs"": 4, ""x_d_embed_dim"": 128, ""x_d_encoder_heads"": 4, ""x_d_fp_groups"": 128}","[0.7683823704719543, 0.7619047164916992, 0.780701756477356, 0.7965686321258545, 0.795787513256073]",COMPLETE
15,0.7819834351539612,2026-06-20 18:13:13.848687,2026-06-20 18:15:58.108515,0 days 00:02:44.259828,16,4,0.25,512,2,0.08619545323226128,4.0,0.3,mean,0.04008701679857075,0.00010699081156721307,300,3,128,8,64,"{""batch_size"": 16, ""depth"": 4, ""dropout"": 0.25, ""ffn_hidden_dim"": 512, ""ffn_num_layers"": 2, ""final_lr"": 9.222121494723393e-06, ""gotennet_cutoff"": 4.0, ""gotennet_lr_scale"": 0.3, ""gotennet_pooling"": ""mean"", ""init_lr"": 4.288942460587588e-06, ""max_lr"": 0.00010699081156721307, ""message_hidden_dim"": 300, ""warmup_epochs"": 3, ""x_d_embed_dim"": 128, ""x_d_encoder_heads"": 8, ""x_d_fp_groups"": 64}","[0.751225471496582, 0.7580952644348145, 0.7960526943206787, 0.7904411554336548, 0.8141025900840759]",COMPLETE
16,0.7772016763687134,2026-06-20 18:15:58.115167,2026-06-20 18:18:34.935138,0 days 00:02:36.819971,16,3,0.2,512,2,0.06117573427577718,4.0,0.3,mean,0.05051970658904312,0.00015048286594342887,300,4,128,4,64,"{""batch_size"": 16, ""depth"": 3, ""dropout"": 0.2, ""ffn_hidden_dim"": 512, ""ffn_num_layers"": 2, ""final_lr"": 9.205899820012605e-06, ""gotennet_cutoff"": 4.0, ""gotennet_lr_scale"": 0.3, ""gotennet_pooling"": ""mean"", ""init_lr"": 7.6023502341403355e-06, ""max_lr"": 0.00015048286594342887, ""message_hidden_dim"": 300, ""warmup_epochs"": 4, ""x_d_embed_dim"": 128, ""x_d_encoder_heads"": 4, ""x_d_fp_groups"": 64}","[0.75, 0.7666666507720947, 0.7730263471603394, 0.7941176295280457, 0.8021977543830872]",COMPLETE
17,0.7651702046394349,2026-06-20 18:18:34.941163,2026-06-20 18:21:20.869161,0 days 00:02:45.927998,16,4,0.25,512,1,0.11661084436142836,4.0,0.3,mean_max,0.06775436574915561,0.00022029238796222314,300,3,128,8,128,"{""batch_size"": 16, ""depth"": 4, ""dropout"": 0.25, ""ffn_hidden_dim"": 512, ""ffn_num_layers"": 1, ""final_lr"": 2.5688481366670196e-05, ""gotennet_cutoff"": 4.0, ""gotennet_lr_scale"": 0.3, ""gotennet_pooling"": ""mean_max"", ""init_lr"": 1.4925771025747351e-05, ""max_lr"": 0.00022029238796222314, ""message_hidden_dim"": 300, ""warmup_epochs"": 3, ""x_d_embed_dim"": 128, ""x_d_encoder_heads"": 8, ""x_d_fp_groups"": 128}","[0.7536764144897461, 0.7361904382705688, 0.7730263471603394, 0.7708333134651184, 0.7921245098114014]",COMPLETE
18,0.7755947589874268,2026-06-20 18:21:20.878508,2026-06-20 18:23:57.089656,0 days 00:02:36.211148,32,4,0.30000000000000004,300,2,0.04687640369939407,4.0,0.3,mean_max,0.05999418851253641,0.00030394107476685607,600,4,128,8,64,"{""batch_size"": 32, ""depth"": 4, ""dropout"": 0.30000000000000004, ""ffn_hidden_dim"": 300, ""ffn_num_layers"": 2, ""final_lr"": 1.4247664521598861e-05, ""gotennet_cutoff"": 4.0, ""gotennet_lr_scale"": 0.3, ""gotennet_pooling"": ""mean_max"", ""init_lr"": 1.8234698136265688e-05, ""max_lr"": 0.00030394107476685607, ""message_hidden_dim"": 600, ""warmup_epochs"": 4, ""x_d_embed_dim"": 128, ""x_d_encoder_heads"": 8, ""x_d_fp_groups"": 64}","[0.7610293626785278, 0.7599999904632568, 0.7741228342056274, 0.7769607901573181, 0.8058608174324036]",COMPLETE
19,0.7768555879592896,2026-06-20 18:23:57.092405,2026-06-20 18:26:32.241403,0 days 00:02:35.148998,16,3,0.2,512,2,0.10184464314014526,4.0,0.3,mean,0.0761159017203492,0.00016177424807298262,300,4,128,4,128,"{""batch_size"": 16, ""depth"": 3, ""dropout"": 0.2, ""ffn_hidden_dim"": 512, ""ffn_num_layers"": 2, ""final_lr"": 1.6475840564258247e-05, ""gotennet_cutoff"": 4.0, ""gotennet_lr_scale"": 0.3, ""gotennet_pooling"": ""mean"", ""init_lr"": 1.2313592767206536e-05, ""max_lr"": 0.00016177424807298262, ""message_hidden_dim"": 300, ""warmup_epochs"": 4, ""x_d_embed_dim"": 128, ""x_d_encoder_heads"": 4, ""x_d_fp_groups"": 128}","[0.7573529481887817, 0.7676190137863159, 0.7828947305679321, 0.7769607305526733, 0.7994505167007446]",COMPLETE
