number,value,datetime_start,datetime_complete,duration,params_batch_size,params_depth,params_dropout,params_ffn_hidden_dim,params_ffn_num_layers,params_final_lr_ratio,params_gotennet_cutoff,params_gotennet_lr_scale,params_gotennet_pooling,params_init_lr_ratio,params_max_lr,params_message_hidden_dim,params_warmup_epochs,params_x_d_embed_dim,params_x_d_encoder_heads,params_x_d_fp_groups,user_attrs_params_json,user_attrs_per_seed_values,state
0,0.6697836279869079,2026-06-19 23:12:23.055427,2026-06-19 23:17:24.936156,0 days 00:05:01.880729,16,4,0.35,512,2,0.07756239476796357,5.0,0.1,mean_max,0.08775907543295038,0.00015653014388703845,300,3,128,4,128,"{""batch_size"": 16, ""depth"": 4, ""dropout"": 0.35, ""ffn_hidden_dim"": 512, ""ffn_num_layers"": 2, ""final_lr"": 1.2140852813252617e-05, ""gotennet_cutoff"": 5.0, ""gotennet_lr_scale"": 0.1, ""gotennet_pooling"": ""mean_max"", ""init_lr"": 1.3736940704913184e-05, ""max_lr"": 0.00015653014388703845, ""message_hidden_dim"": 300, ""warmup_epochs"": 3, ""x_d_embed_dim"": 128, ""x_d_encoder_heads"": 4, ""x_d_fp_groups"": 128}","[0.7052154541015625, 0.6257575750350952, 0.6835294365882874, 0.5795454978942871, 0.7548701763153076]",COMPLETE
1,0.6939403176307678,2026-06-19 23:17:24.942698,2026-06-19 23:20:09.411117,0 days 00:02:44.468419,16,4,0.25,512,2,0.08079414919250522,4.0,0.3,mean_max,0.04555029917806253,0.00025343003758733187,300,4,128,8,128,"{""batch_size"": 16, ""depth"": 4, ""dropout"": 0.25, ""ffn_hidden_dim"": 512, ""ffn_num_layers"": 2, ""final_lr"": 2.0475664266693097e-05, ""gotennet_cutoff"": 4.0, ""gotennet_lr_scale"": 0.3, ""gotennet_pooling"": ""mean_max"", ""init_lr"": 1.15438140328106e-05, ""max_lr"": 0.00025343003758733187, ""message_hidden_dim"": 300, ""warmup_epochs"": 4, ""x_d_embed_dim"": 128, ""x_d_encoder_heads"": 8, ""x_d_fp_groups"": 128}","[0.7086167335510254, 0.668181836605072, 0.6870588064193726, 0.6152597665786743, 0.7905844449996948]",COMPLETE
2,0.6455459356307983,2026-06-19 23:20:09.416232,2026-06-19 23:23:18.464706,0 days 00:03:09.048474,32,4,0.2,512,1,0.05656627257155115,4.0,0.1,mean_max,0.04608647251321383,7.74398296013482e-05,300,4,128,8,64,"{""batch_size"": 32, ""depth"": 4, ""dropout"": 0.2, ""ffn_hidden_dim"": 512, ""ffn_num_layers"": 1, ""final_lr"": 4.3804825091243375e-06, ""gotennet_cutoff"": 4.0, ""gotennet_lr_scale"": 0.1, ""gotennet_pooling"": ""mean_max"", ""init_lr"": 3.5689285783504967e-06, ""max_lr"": 7.74398296013482e-05, ""message_hidden_dim"": 300, ""warmup_epochs"": 4, ""x_d_embed_dim"": 128, ""x_d_encoder_heads"": 8, ""x_d_fp_groups"": 64}","[0.6780045628547668, 0.586363673210144, 0.6776471138000488, 0.5259740352630615, 0.7597402930259705]",COMPLETE
3,0.6568157792091369,2026-06-19 23:23:18.470206,2026-06-19 23:26:32.060634,0 days 00:03:13.590428,16,3,0.25,512,1,0.06693656791085276,5.0,0.1,mean_max,0.11693635609135392,6.105981923735302e-05,600,4,128,4,64,"{""batch_size"": 16, ""depth"": 3, ""dropout"": 0.25, ""ffn_hidden_dim"": 512, ""ffn_num_layers"": 1, ""final_lr"": 4.087134737005474e-06, ""gotennet_cutoff"": 5.0, ""gotennet_lr_scale"": 0.1, ""gotennet_pooling"": ""mean_max"", ""init_lr"": 7.1401127652128146e-06, ""max_lr"": 6.105981923735302e-05, ""message_hidden_dim"": 600, ""warmup_epochs"": 4, ""x_d_embed_dim"": 128, ""x_d_encoder_heads"": 4, ""x_d_fp_groups"": 64}","[0.6179138422012329, 0.5909091234207153, 0.6694117784500122, 0.6266233921051025, 0.7792207598686218]",COMPLETE
4,0.6519836902618408,2026-06-19 23:26:32.066153,2026-06-19 23:30:06.463777,0 days 00:03:34.397624,32,4,0.2,300,2,0.0549720318589522,5.0,0.1,mean_max,0.08786884660469503,6.576507718814309e-05,300,4,128,8,64,"{""batch_size"": 32, ""depth"": 4, ""dropout"": 0.2, ""ffn_hidden_dim"": 300, ""ffn_num_layers"": 2, ""final_lr"": 3.6152399183930524e-06, ""gotennet_cutoff"": 5.0, ""gotennet_lr_scale"": 0.1, ""gotennet_pooling"": ""mean_max"", ""init_lr"": 5.778701479390874e-06, ""max_lr"": 6.576507718814309e-05, ""message_hidden_dim"": 300, ""warmup_epochs"": 4, ""x_d_embed_dim"": 128, ""x_d_encoder_heads"": 8, ""x_d_fp_groups"": 64}","[0.6235827803611755, 0.5833333730697632, 0.7023529410362244, 0.5113636255264282, 0.8392857313156128]",COMPLETE
5,0.6638333082199097,2026-06-19 23:30:06.474537,2026-06-19 23:33:00.958454,0 days 00:02:54.483917,16,4,0.35,512,2,0.07575261574353705,4.0,0.1,mean_max,0.10530598488557939,0.00011403820393151987,300,3,128,4,128,"{""batch_size"": 16, ""depth"": 4, ""dropout"": 0.35, ""ffn_hidden_dim"": 512, ""ffn_num_layers"": 2, ""final_lr"": 8.638692242507541e-06, ""gotennet_cutoff"": 4.0, ""gotennet_lr_scale"": 0.1, ""gotennet_pooling"": ""mean_max"", ""init_lr"": 1.2008905379591252e-05, ""max_lr"": 0.00011403820393151987, ""message_hidden_dim"": 300, ""warmup_epochs"": 3, ""x_d_embed_dim"": 128, ""x_d_encoder_heads"": 4, ""x_d_fp_groups"": 128}","[0.6530612707138062, 0.6303030252456665, 0.6835294365882874, 0.5714285969734192, 0.7808442115783691]",COMPLETE
6,0.6781407713890075,2026-06-19 23:33:00.963599,2026-06-19 23:35:39.813988,0 days 00:02:38.850389,16,4,0.30000000000000004,300,2,0.1071078811605412,5.0,0.1,mean,0.06425381174844887,0.00019403404522845276,600,4,128,8,128,"{""batch_size"": 16, ""depth"": 4, ""dropout"": 0.30000000000000004, ""ffn_hidden_dim"": 300, ""ffn_num_layers"": 2, ""final_lr"": 2.078257545742819e-05, ""gotennet_cutoff"": 5.0, ""gotennet_lr_scale"": 0.1, ""gotennet_pooling"": ""mean"", ""init_lr"": 1.2467427014899017e-05, ""max_lr"": 0.00019403404522845276, ""message_hidden_dim"": 600, ""warmup_epochs"": 4, ""x_d_embed_dim"": 128, ""x_d_encoder_heads"": 8, ""x_d_fp_groups"": 128}","[0.6995465159416199, 0.6181818246841431, 0.6882352828979492, 0.576298713684082, 0.8084415197372437]",COMPLETE
7,0.6804213762283325,2026-06-19 23:35:39.819190,2026-06-19 23:38:17.421069,0 days 00:02:37.601879,32,3,0.30000000000000004,300,2,0.1036166181758137,4.0,0.1,mean_max,0.08842357404360901,0.00012839847326348127,600,2,128,4,128,"{""batch_size"": 32, ""depth"": 3, ""dropout"": 0.30000000000000004, ""ffn_hidden_dim"": 300, ""ffn_num_layers"": 2, ""final_lr"": 1.3304215578499564e-05, ""gotennet_cutoff"": 4.0, ""gotennet_lr_scale"": 0.1, ""gotennet_pooling"": ""mean_max"", ""init_lr"": 1.1353451907699788e-05, ""max_lr"": 0.00012839847326348127, ""message_hidden_dim"": 600, ""warmup_epochs"": 2, ""x_d_embed_dim"": 128, ""x_d_encoder_heads"": 4, ""x_d_fp_groups"": 128}","[0.6780045032501221, 0.6000000238418579, 0.7117646932601929, 0.5892857313156128, 0.823051929473877]",COMPLETE
8,0.6905595183372497,2026-06-19 23:38:17.427068,2026-06-19 23:40:41.962943,0 days 00:02:24.535875,32,4,0.2,300,1,0.07204797623653346,5.0,0.3,mean,0.07852287614241282,0.0003488585019780636,600,4,128,8,128,"{""batch_size"": 32, ""depth"": 4, ""dropout"": 0.2, ""ffn_hidden_dim"": 300, ""ffn_num_layers"": 1, ""final_lr"": 2.513454906042819e-05, ""gotennet_cutoff"": 5.0, ""gotennet_lr_scale"": 0.3, ""gotennet_pooling"": ""mean"", ""init_lr"": 2.739337294205117e-05, ""max_lr"": 0.0003488585019780636, ""message_hidden_dim"": 600, ""warmup_epochs"": 4, ""x_d_embed_dim"": 128, ""x_d_encoder_heads"": 8, ""x_d_fp_groups"": 128}","[0.7029478549957275, 0.6469696760177612, 0.703529417514801, 0.6168831586837769, 0.7824674844741821]",COMPLETE
9,0.6765846729278564,2026-06-19 23:40:41.969206,2026-06-19 23:43:18.351200,0 days 00:02:36.381994,16,3,0.2,512,2,0.10712255528821008,4.0,0.3,mean,0.07212292603603178,0.00012843964063896302,300,4,128,4,64,"{""batch_size"": 16, ""depth"": 3, ""dropout"": 0.2, ""ffn_hidden_dim"": 512, ""ffn_num_layers"": 2, ""final_lr"": 1.3758782505545149e-05, ""gotennet_cutoff"": 4.0, ""gotennet_lr_scale"": 0.3, ""gotennet_pooling"": ""mean"", ""init_lr"": 9.26344270189843e-06, ""max_lr"": 0.00012843964063896302, ""message_hidden_dim"": 300, ""warmup_epochs"": 4, ""x_d_embed_dim"": 128, ""x_d_encoder_heads"": 4, ""x_d_fp_groups"": 64}","[0.6882085800170898, 0.6757575869560242, 0.6894117593765259, 0.5551947951316833, 0.774350643157959]",COMPLETE
10,0.6926435232162476,2026-06-19 23:43:18.357717,2026-06-19 23:45:37.794342,0 days 00:02:19.436625,16,3,0.25,512,1,0.04092316774499409,4.0,0.3,mean,0.04154120356582859,0.00035951314235898164,300,2,128,8,128,"{""batch_size"": 16, ""depth"": 3, ""dropout"": 0.25, ""ffn_hidden_dim"": 512, ""ffn_num_layers"": 1, ""final_lr"": 1.4712416631286546e-05, ""gotennet_cutoff"": 4.0, ""gotennet_lr_scale"": 0.3, ""gotennet_pooling"": ""mean"", ""init_lr"": 1.493460863132517e-05, ""max_lr"": 0.00035951314235898164, ""message_hidden_dim"": 300, ""warmup_epochs"": 2, ""x_d_embed_dim"": 128, ""x_d_encoder_heads"": 8, ""x_d_fp_groups"": 128}","[0.6904762387275696, 0.6696969866752625, 0.6988235712051392, 0.5795454978942871, 0.8246753215789795]",COMPLETE
11,0.6989452958106994,2026-06-19 23:45:37.799297,2026-06-19 23:48:03.694423,0 days 00:02:25.895126,16,3,0.25,512,1,0.04024670745820799,4.0,0.3,mean,0.04061940165256936,0.0003950550037640316,300,2,128,8,128,"{""batch_size"": 16, ""depth"": 3, ""dropout"": 0.25, ""ffn_hidden_dim"": 512, ""ffn_num_layers"": 1, ""final_lr"": 1.5899663166392238e-05, ""gotennet_cutoff"": 4.0, ""gotennet_lr_scale"": 0.3, ""gotennet_pooling"": ""mean"", ""init_lr"": 1.60468978727485e-05, ""max_lr"": 0.0003950550037640316, ""message_hidden_dim"": 300, ""warmup_epochs"": 2, ""x_d_embed_dim"": 128, ""x_d_encoder_heads"": 8, ""x_d_fp_groups"": 128}","[0.7052153944969177, 0.6681817770004272, 0.7447059154510498, 0.6022727489471436, 0.774350643157959]",COMPLETE
12,0.6968180418014527,2026-06-19 23:48:03.701791,2026-06-19 23:50:27.715706,0 days 00:02:24.013915,16,3,0.25,512,1,0.040947298825696934,4.0,0.3,mean,0.052485221923724366,0.00026069826276495505,300,3,128,8,128,"{""batch_size"": 16, ""depth"": 3, ""dropout"": 0.25, ""ffn_hidden_dim"": 512, ""ffn_num_layers"": 1, ""final_lr"": 1.0674889668776674e-05, ""gotennet_cutoff"": 4.0, ""gotennet_lr_scale"": 0.3, ""gotennet_pooling"": ""mean"", ""init_lr"": 1.3682806176348074e-05, ""max_lr"": 0.00026069826276495505, ""message_hidden_dim"": 300, ""warmup_epochs"": 3, ""x_d_embed_dim"": 128, ""x_d_encoder_heads"": 8, ""x_d_fp_groups"": 128}","[0.6961451172828674, 0.6818181872367859, 0.7035294771194458, 0.5925325155258179, 0.8100649118423462]",COMPLETE
13,0.6752764105796814,2026-06-19 23:50:27.721421,2026-06-19 23:52:57.504227,0 days 00:02:29.782806,16,3,0.30000000000000004,512,1,0.040741402859000436,4.0,0.3,mean,0.05521090754615122,0.00025345536598214767,300,3,128,8,128,"{""batch_size"": 16, ""depth"": 3, ""dropout"": 0.30000000000000004, ""ffn_hidden_dim"": 512, ""ffn_num_layers"": 1, ""final_lr"": 1.0326127172254073e-05, ""gotennet_cutoff"": 4.0, ""gotennet_lr_scale"": 0.3, ""gotennet_pooling"": ""mean"", ""init_lr"": 1.3993500778316275e-05, ""max_lr"": 0.00025345536598214767, ""message_hidden_dim"": 300, ""warmup_epochs"": 3, ""x_d_embed_dim"": 128, ""x_d_encoder_heads"": 8, ""x_d_fp_groups"": 128}","[0.6723356246948242, 0.6666666865348816, 0.6964706182479858, 0.5649350881576538, 0.7759740352630615]",COMPLETE
14,0.6904795527458191,2026-06-19 23:52:57.510731,2026-06-19 23:55:21.048546,0 days 00:02:23.537815,16,3,0.25,512,1,0.0482672596064051,4.0,0.3,mean,0.05239884122987725,0.00027435531744563114,300,2,128,8,128,"{""batch_size"": 16, ""depth"": 3, ""dropout"": 0.25, ""ffn_hidden_dim"": 512, ""ffn_num_layers"": 1, ""final_lr"": 1.324237933154596e-05, ""gotennet_cutoff"": 4.0, ""gotennet_lr_scale"": 0.3, ""gotennet_pooling"": ""mean"", ""init_lr"": 1.4375900719406198e-05, ""max_lr"": 0.00027435531744563114, ""message_hidden_dim"": 300, ""warmup_epochs"": 2, ""x_d_embed_dim"": 128, ""x_d_encoder_heads"": 8, ""x_d_fp_groups"": 128}","[0.6814059019088745, 0.6833333373069763, 0.7094117403030396, 0.5860389471054077, 0.7922078371047974]",COMPLETE
15,0.6851982831954956,2026-06-19 23:55:21.053412,2026-06-19 23:57:53.178292,0 days 00:02:32.124880,16,3,0.25,512,1,0.046931682090278815,4.0,0.3,mean,0.04008701679857075,0.000392904882361597,300,3,128,8,128,"{""batch_size"": 16, ""depth"": 3, ""dropout"": 0.25, ""ffn_hidden_dim"": 512, ""ffn_num_layers"": 1, ""final_lr"": 1.8439687030712866e-05, ""gotennet_cutoff"": 4.0, ""gotennet_lr_scale"": 0.3, ""gotennet_pooling"": ""mean"", ""init_lr"": 1.57503846194698e-05, ""max_lr"": 0.000392904882361597, ""message_hidden_dim"": 300, ""warmup_epochs"": 3, ""x_d_embed_dim"": 128, ""x_d_encoder_heads"": 8, ""x_d_fp_groups"": 128}","[0.6848072409629822, 0.668181836605072, 0.7223529815673828, 0.5860389471054077, 0.7646104097366333]",COMPLETE
16,0.6783125162124634,2026-06-19 23:57:53.184654,2026-06-20 00:00:17.816813,0 days 00:02:24.632159,16,3,0.30000000000000004,512,1,0.04701211512506008,4.0,0.3,mean,0.05778279680851765,0.00020077321253417438,300,2,128,8,128,"{""batch_size"": 16, ""depth"": 3, ""dropout"": 0.30000000000000004, ""ffn_hidden_dim"": 512, ""ffn_num_layers"": 1, ""final_lr"": 9.438773381684762e-06, ""gotennet_cutoff"": 4.0, ""gotennet_lr_scale"": 0.3, ""gotennet_pooling"": ""mean"", ""init_lr"": 1.1601237744455527e-05, ""max_lr"": 0.00020077321253417438, ""message_hidden_dim"": 300, ""warmup_epochs"": 2, ""x_d_embed_dim"": 128, ""x_d_encoder_heads"": 8, ""x_d_fp_groups"": 128}","[0.7052153944969177, 0.646969735622406, 0.6741176843643188, 0.5876623392105103, 0.7775974273681641]",COMPLETE
17,0.6767260313034058,2026-06-20 00:00:17.822811,2026-06-20 00:02:39.275808,0 days 00:02:21.452997,16,3,0.25,512,1,0.040370841071521536,4.0,0.3,mean,0.04962530103224595,0.0003094545073972079,300,3,128,8,128,"{""batch_size"": 16, ""depth"": 3, ""dropout"": 0.25, ""ffn_hidden_dim"": 512, ""ffn_num_layers"": 1, ""final_lr"": 1.2492938736998666e-05, ""gotennet_cutoff"": 4.0, ""gotennet_lr_scale"": 0.3, ""gotennet_pooling"": ""mean"", ""init_lr"": 1.5356773085371822e-05, ""max_lr"": 0.0003094545073972079, ""message_hidden_dim"": 300, ""warmup_epochs"": 3, ""x_d_embed_dim"": 128, ""x_d_encoder_heads"": 8, ""x_d_fp_groups"": 128}","[0.6859410405158997, 0.6772727370262146, 0.6941176652908325, 0.5698052048683167, 0.7564935088157654]",COMPLETE
18,0.6675044178962708,2026-06-20 00:02:39.279983,2026-06-20 00:05:00.227387,0 days 00:02:20.947404,32,3,0.30000000000000004,300,1,0.054500825719890796,4.0,0.3,mean,0.05999418851253641,0.0001912461195529515,600,2,128,8,64,"{""batch_size"": 32, ""depth"": 3, ""dropout"": 0.30000000000000004, ""ffn_hidden_dim"": 300, ""ffn_num_layers"": 1, ""final_lr"": 1.042307143136081e-05, ""gotennet_cutoff"": 4.0, ""gotennet_lr_scale"": 0.3, ""gotennet_pooling"": ""mean"", ""init_lr"": 1.1473655748750849e-05, ""max_lr"": 0.0001912461195529515, ""message_hidden_dim"": 600, ""warmup_epochs"": 2, ""x_d_embed_dim"": 128, ""x_d_encoder_heads"": 8, ""x_d_fp_groups"": 64}","[0.6780045032501221, 0.6151515245437622, 0.6823529601097107, 0.6038961410522461, 0.7581169605255127]",COMPLETE
19,0.6763611912727356,2026-06-20 00:05:00.233946,2026-06-20 00:07:23.526997,0 days 00:02:23.293051,16,3,0.25,512,1,0.04564058458659394,4.0,0.3,mean,0.04598954229902687,0.00023678465863417292,300,3,128,8,128,"{""batch_size"": 16, ""depth"": 3, ""dropout"": 0.25, ""ffn_hidden_dim"": 512, ""ffn_num_layers"": 1, ""final_lr"": 1.080699024120074e-05, ""gotennet_cutoff"": 4.0, ""gotennet_lr_scale"": 0.3, ""gotennet_pooling"": ""mean"", ""init_lr"": 1.0889618074016933e-05, ""max_lr"": 0.00023678465863417292, ""message_hidden_dim"": 300, ""warmup_epochs"": 3, ""x_d_embed_dim"": 128, ""x_d_encoder_heads"": 8, ""x_d_fp_groups"": 128}","[0.6938775777816772, 0.674242377281189, 0.677647054195404, 0.5551947951316833, 0.7808441519737244]",COMPLETE
