number,value,datetime_start,datetime_complete,duration,params_batch_size,params_depth,params_dropout,params_ffn_hidden_dim,params_ffn_num_layers,params_final_lr_ratio,params_gotennet_cutoff,params_gotennet_lr_scale,params_gotennet_pooling,params_init_lr_ratio,params_max_lr,params_message_hidden_dim,params_warmup_epochs,params_x_d_embed_dim,params_x_d_encoder_heads,params_x_d_fp_groups,user_attrs_params_json,user_attrs_per_seed_values,state
0,0.5430832862854004,2026-06-23 01:42:46.550872,2026-06-23 01:50:22.372166,0 days 00:07:35.821294,16,4,0.35,512,2,0.07756239476796357,5.0,0.1,mean_max,0.08775907543295038,0.00015653014388703845,300,3,128,4,128,"{""batch_size"": 16, ""depth"": 4, ""dropout"": 0.35, ""ffn_hidden_dim"": 512, ""ffn_num_layers"": 2, ""final_lr"": 1.2140852813252617e-05, ""gotennet_cutoff"": 5.0, ""gotennet_lr_scale"": 0.1, ""gotennet_pooling"": ""mean_max"", ""init_lr"": 1.3736940704913184e-05, ""max_lr"": 0.00015653014388703845, ""message_hidden_dim"": 300, ""warmup_epochs"": 3, ""x_d_embed_dim"": 128, ""x_d_encoder_heads"": 4, ""x_d_fp_groups"": 128}","[0.5502556562423706, 0.5905151963233948, 0.4035402536392212, 0.4862344861030578, 0.6848708391189575]",COMPLETE
1,0.5846703708171844,2026-06-23 01:50:22.381166,2026-06-23 01:57:10.164819,0 days 00:06:47.783653,16,4,0.25,512,2,0.08079414919250522,4.0,0.3,mean_max,0.04555029917806253,0.00025343003758733187,300,4,128,8,128,"{""batch_size"": 16, ""depth"": 4, ""dropout"": 0.25, ""ffn_hidden_dim"": 512, ""ffn_num_layers"": 2, ""final_lr"": 2.0475664266693097e-05, ""gotennet_cutoff"": 4.0, ""gotennet_lr_scale"": 0.3, ""gotennet_pooling"": ""mean_max"", ""init_lr"": 1.15438140328106e-05, ""max_lr"": 0.00025343003758733187, ""message_hidden_dim"": 300, ""warmup_epochs"": 4, ""x_d_embed_dim"": 128, ""x_d_encoder_heads"": 8, ""x_d_fp_groups"": 128}","[0.6059386730194092, 0.639967143535614, 0.4771502315998077, 0.5254805684089661, 0.6748152375221252]",COMPLETE
2,0.529543673992157,2026-06-23 01:57:10.171818,2026-06-23 02:03:15.534836,0 days 00:06:05.363018,32,4,0.2,512,1,0.05656627257155115,4.0,0.1,mean_max,0.04608647251321383,7.74398296013482e-05,300,4,128,8,64,"{""batch_size"": 32, ""depth"": 4, ""dropout"": 0.2, ""ffn_hidden_dim"": 512, ""ffn_num_layers"": 1, ""final_lr"": 4.3804825091243375e-06, ""gotennet_cutoff"": 4.0, ""gotennet_lr_scale"": 0.1, ""gotennet_pooling"": ""mean_max"", ""init_lr"": 3.5689285783504967e-06, ""max_lr"": 7.74398296013482e-05, ""message_hidden_dim"": 300, ""warmup_epochs"": 4, ""x_d_embed_dim"": 128, ""x_d_encoder_heads"": 8, ""x_d_fp_groups"": 64}","[0.5040618777275085, 0.5835407376289368, 0.4754750728607178, 0.423728883266449, 0.6609117984771729]",COMPLETE
3,0.5425707697868347,2026-06-23 02:03:15.540836,2026-06-23 02:10:02.919342,0 days 00:06:47.378506,16,3,0.25,512,1,0.06693656791085276,5.0,0.1,mean_max,0.11693635609135392,6.105981923735302e-05,600,4,128,4,64,"{""batch_size"": 16, ""depth"": 3, ""dropout"": 0.25, ""ffn_hidden_dim"": 512, ""ffn_num_layers"": 1, ""final_lr"": 4.087134737005474e-06, ""gotennet_cutoff"": 5.0, ""gotennet_lr_scale"": 0.1, ""gotennet_pooling"": ""mean_max"", ""init_lr"": 7.1401127652128146e-06, ""max_lr"": 6.105981923735302e-05, ""message_hidden_dim"": 600, ""warmup_epochs"": 4, ""x_d_embed_dim"": 128, ""x_d_encoder_heads"": 4, ""x_d_fp_groups"": 64}","[0.5504849553108215, 0.585853636264801, 0.4654856920242309, 0.4506667852401733, 0.6603627800941467]",COMPLETE
4,0.5384557723999024,2026-06-23 02:10:02.925342,2026-06-23 02:17:28.758019,0 days 00:07:25.832677,32,4,0.2,300,2,0.0549720318589522,5.0,0.1,mean_max,0.08786884660469503,6.576507718814309e-05,300,4,128,8,64,"{""batch_size"": 32, ""depth"": 4, ""dropout"": 0.2, ""ffn_hidden_dim"": 300, ""ffn_num_layers"": 2, ""final_lr"": 3.6152399183930524e-06, ""gotennet_cutoff"": 5.0, ""gotennet_lr_scale"": 0.1, ""gotennet_pooling"": ""mean_max"", ""init_lr"": 5.778701479390874e-06, ""max_lr"": 6.576507718814309e-05, ""message_hidden_dim"": 300, ""warmup_epochs"": 4, ""x_d_embed_dim"": 128, ""x_d_encoder_heads"": 8, ""x_d_fp_groups"": 64}","[0.5438839793205261, 0.5730410218238831, 0.4637797772884369, 0.4506843984127044, 0.6608896851539612]",COMPLETE
5,0.5635891199111939,2026-06-23 02:17:28.764019,2026-06-23 02:24:20.670906,0 days 00:06:51.906887,16,4,0.35,512,2,0.07575261574353705,4.0,0.1,mean_max,0.10530598488557939,0.00011403820393151987,300,3,128,4,128,"{""batch_size"": 16, ""depth"": 4, ""dropout"": 0.35, ""ffn_hidden_dim"": 512, ""ffn_num_layers"": 2, ""final_lr"": 8.638692242507541e-06, ""gotennet_cutoff"": 4.0, ""gotennet_lr_scale"": 0.1, ""gotennet_pooling"": ""mean_max"", ""init_lr"": 1.2008905379591252e-05, ""max_lr"": 0.00011403820393151987, ""message_hidden_dim"": 300, ""warmup_epochs"": 3, ""x_d_embed_dim"": 128, ""x_d_encoder_heads"": 4, ""x_d_fp_groups"": 128}","[0.5829123258590698, 0.5957270264625549, 0.4558612704277038, 0.4872300624847412, 0.6962149143218994]",COMPLETE
6,0.5679798424243927,2026-06-23 02:24:20.676689,2026-06-23 02:31:02.004066,0 days 00:06:41.327377,16,4,0.30000000000000004,300,2,0.1071078811605412,5.0,0.1,mean,0.06425381174844887,0.00019403404522845276,600,4,128,8,128,"{""batch_size"": 16, ""depth"": 4, ""dropout"": 0.30000000000000004, ""ffn_hidden_dim"": 300, ""ffn_num_layers"": 2, ""final_lr"": 2.078257545742819e-05, ""gotennet_cutoff"": 5.0, ""gotennet_lr_scale"": 0.1, ""gotennet_pooling"": ""mean"", ""init_lr"": 1.2467427014899017e-05, ""max_lr"": 0.00019403404522845276, ""message_hidden_dim"": 600, ""warmup_epochs"": 4, ""x_d_embed_dim"": 128, ""x_d_encoder_heads"": 8, ""x_d_fp_groups"": 128}","[0.5935391783714294, 0.5975522994995117, 0.4431459307670593, 0.4945383369922638, 0.7111234664916992]",COMPLETE
7,0.5651144862174988,2026-06-23 02:31:02.010063,2026-06-23 02:37:28.020816,0 days 00:06:26.010753,32,3,0.30000000000000004,300,2,0.1036166181758137,4.0,0.1,mean_max,0.08842357404360901,0.00012839847326348127,600,2,128,4,128,"{""batch_size"": 32, ""depth"": 3, ""dropout"": 0.30000000000000004, ""ffn_hidden_dim"": 300, ""ffn_num_layers"": 2, ""final_lr"": 1.3304215578499564e-05, ""gotennet_cutoff"": 4.0, ""gotennet_lr_scale"": 0.1, ""gotennet_pooling"": ""mean_max"", ""init_lr"": 1.1353451907699788e-05, ""max_lr"": 0.00012839847326348127, ""message_hidden_dim"": 600, ""warmup_epochs"": 2, ""x_d_embed_dim"": 128, ""x_d_encoder_heads"": 4, ""x_d_fp_groups"": 128}","[0.6066353917121887, 0.6189721822738647, 0.4384766221046448, 0.4672303795814514, 0.6942578554153442]",COMPLETE
8,0.5711521089076996,2026-06-23 02:37:28.027361,2026-06-23 02:43:06.137753,0 days 00:05:38.110392,32,4,0.2,300,1,0.07204797623653346,5.0,0.3,mean,0.07852287614241282,0.0003488585019780636,600,4,128,8,128,"{""batch_size"": 32, ""depth"": 4, ""dropout"": 0.2, ""ffn_hidden_dim"": 300, ""ffn_num_layers"": 1, ""final_lr"": 2.513454906042819e-05, ""gotennet_cutoff"": 5.0, ""gotennet_lr_scale"": 0.3, ""gotennet_pooling"": ""mean"", ""init_lr"": 2.739337294205117e-05, ""max_lr"": 0.0003488585019780636, ""message_hidden_dim"": 600, ""warmup_epochs"": 4, ""x_d_embed_dim"": 128, ""x_d_encoder_heads"": 8, ""x_d_fp_groups"": 128}","[0.591823935508728, 0.6403428912162781, 0.4394614994525909, 0.5146613717079163, 0.6694708466529846]",COMPLETE
9,0.5794870793819428,2026-06-23 02:43:06.143755,2026-06-23 02:49:55.630257,0 days 00:06:49.486502,16,3,0.2,512,2,0.10712255528821008,4.0,0.3,mean,0.07212292603603178,0.00012843964063896302,300,4,128,4,64,"{""batch_size"": 16, ""depth"": 3, ""dropout"": 0.2, ""ffn_hidden_dim"": 512, ""ffn_num_layers"": 2, ""final_lr"": 1.3758782505545149e-05, ""gotennet_cutoff"": 4.0, ""gotennet_lr_scale"": 0.3, ""gotennet_pooling"": ""mean"", ""init_lr"": 9.26344270189843e-06, ""max_lr"": 0.00012843964063896302, ""message_hidden_dim"": 300, ""warmup_epochs"": 4, ""x_d_embed_dim"": 128, ""x_d_encoder_heads"": 4, ""x_d_fp_groups"": 64}","[0.6132011413574219, 0.598473846912384, 0.4711662828922272, 0.5037496089935303, 0.7108445167541504]",COMPLETE
10,0.5665745615959168,2026-06-23 02:49:55.636264,2026-06-23 02:55:04.078630,0 days 00:05:08.442366,16,3,0.25,512,1,0.04092316774499409,4.0,0.3,mean,0.04154120356582859,0.00035951314235898164,300,2,128,8,128,"{""batch_size"": 16, ""depth"": 3, ""dropout"": 0.25, ""ffn_hidden_dim"": 512, ""ffn_num_layers"": 1, ""final_lr"": 1.4712416631286546e-05, ""gotennet_cutoff"": 4.0, ""gotennet_lr_scale"": 0.3, ""gotennet_pooling"": ""mean"", ""init_lr"": 1.493460863132517e-05, ""max_lr"": 0.00035951314235898164, ""message_hidden_dim"": 300, ""warmup_epochs"": 2, ""x_d_embed_dim"": 128, ""x_d_encoder_heads"": 8, ""x_d_fp_groups"": 128}","[0.6221876740455627, 0.6395465731620789, 0.4075280725955963, 0.4626621901988983, 0.7009482979774475]",COMPLETE
11,0.5618532419204711,2026-06-23 02:55:04.084630,2026-06-23 03:01:06.563675,0 days 00:06:02.479045,16,3,0.25,512,2,0.09318973194125733,4.0,0.3,mean,0.0561634840800872,0.00021994847210918652,300,3,128,4,64,"{""batch_size"": 16, ""depth"": 3, ""dropout"": 0.25, ""ffn_hidden_dim"": 512, ""ffn_num_layers"": 2, ""final_lr"": 2.0496939156744206e-05, ""gotennet_cutoff"": 4.0, ""gotennet_lr_scale"": 0.3, ""gotennet_pooling"": ""mean"", ""init_lr"": 1.23530725117438e-05, ""max_lr"": 0.00021994847210918652, ""message_hidden_dim"": 300, ""warmup_epochs"": 3, ""x_d_embed_dim"": 128, ""x_d_encoder_heads"": 4, ""x_d_fp_groups"": 64}","[0.6142946481704712, 0.612861156463623, 0.4383227229118347, 0.4677237868309021, 0.6760638952255249]",COMPLETE
12,0.5781361222267151,2026-06-23 03:01:06.570668,2026-06-23 03:07:09.267617,0 days 00:06:02.696949,16,3,0.25,512,2,0.11704419777643148,4.0,0.3,mean,0.056488112190750554,0.00025594226032807615,300,3,128,8,64,"{""batch_size"": 16, ""depth"": 3, ""dropout"": 0.25, ""ffn_hidden_dim"": 512, ""ffn_num_layers"": 2, ""final_lr"": 2.9956556537186256e-05, ""gotennet_cutoff"": 4.0, ""gotennet_lr_scale"": 0.3, ""gotennet_pooling"": ""mean"", ""init_lr"": 1.4457695115766651e-05, ""max_lr"": 0.00025594226032807615, ""message_hidden_dim"": 300, ""warmup_epochs"": 3, ""x_d_embed_dim"": 128, ""x_d_encoder_heads"": 8, ""x_d_fp_groups"": 64}","[0.5918371677398682, 0.6290110945701599, 0.5002593994140625, 0.5018201470375061, 0.6677528023719788]",COMPLETE
13,0.5753032088279724,2026-06-23 03:07:09.273624,2026-06-23 03:14:16.490663,0 days 00:07:07.217039,16,3,0.2,512,2,0.09131546782813779,4.0,0.3,mean,0.06667103235280505,0.00010255719118625357,300,4,128,4,64,"{""batch_size"": 16, ""depth"": 3, ""dropout"": 0.2, ""ffn_hidden_dim"": 512, ""ffn_num_layers"": 2, ""final_lr"": 9.365057892312515e-06, ""gotennet_cutoff"": 4.0, ""gotennet_lr_scale"": 0.3, ""gotennet_pooling"": ""mean"", ""init_lr"": 6.837593811591525e-06, ""max_lr"": 0.00010255719118625357, ""message_hidden_dim"": 300, ""warmup_epochs"": 4, ""x_d_embed_dim"": 128, ""x_d_encoder_heads"": 4, ""x_d_fp_groups"": 64}","[0.6026580333709717, 0.6219203472137451, 0.4741604328155517, 0.489851176738739, 0.6879260540008545]",COMPLETE
14,0.5667208194732666,2026-06-23 03:14:16.496661,2026-06-23 03:22:36.150339,0 days 00:08:19.653678,16,3,0.30000000000000004,512,2,0.09025864393579713,4.0,0.3,mean_max,0.048560106463355665,0.00016091229839339144,300,4,128,4,128,"{""batch_size"": 16, ""depth"": 3, ""dropout"": 0.30000000000000004, ""ffn_hidden_dim"": 512, ""ffn_num_layers"": 2, ""final_lr"": 1.4523725845579858e-05, ""gotennet_cutoff"": 4.0, ""gotennet_lr_scale"": 0.3, ""gotennet_pooling"": ""mean_max"", ""init_lr"": 7.813918341246343e-06, ""max_lr"": 0.00016091229839339144, ""message_hidden_dim"": 300, ""warmup_epochs"": 4, ""x_d_embed_dim"": 128, ""x_d_encoder_heads"": 4, ""x_d_fp_groups"": 128}","[0.5677304863929749, 0.626836895942688, 0.4752728044986725, 0.4836574494838714, 0.6801064610481262]",COMPLETE
15,0.5729590713977813,2026-06-23 03:22:36.156335,2026-06-23 03:29:21.914258,0 days 00:06:45.757923,16,4,0.25,512,2,0.08619545323226128,4.0,0.3,mean,0.04008701679857075,0.0002853203435834216,300,3,128,8,64,"{""batch_size"": 16, ""depth"": 4, ""dropout"": 0.25, ""ffn_hidden_dim"": 512, ""ffn_num_layers"": 2, ""final_lr"": 2.4593316331557536e-05, ""gotennet_cutoff"": 4.0, ""gotennet_lr_scale"": 0.3, ""gotennet_pooling"": ""mean"", ""init_lr"": 1.1437641406202598e-05, ""max_lr"": 0.0002853203435834216, ""message_hidden_dim"": 300, ""warmup_epochs"": 3, ""x_d_embed_dim"": 128, ""x_d_encoder_heads"": 8, ""x_d_fp_groups"": 64}","[0.5790011286735535, 0.6499434113502502, 0.4498421549797058, 0.4777588546276092, 0.7082498073577881]",COMPLETE
16,0.5575088560581207,2026-06-23 03:29:21.920769,2026-06-23 03:34:35.368163,0 days 00:05:13.447394,16,3,0.2,512,2,0.06117573427577718,4.0,0.3,mean,0.069535906948005,9.232665211800547e-05,300,4,128,4,64,"{""batch_size"": 16, ""depth"": 3, ""dropout"": 0.2, ""ffn_hidden_dim"": 512, ""ffn_num_layers"": 2, ""final_lr"": 5.648150736543223e-06, ""gotennet_cutoff"": 4.0, ""gotennet_lr_scale"": 0.3, ""gotennet_pooling"": ""mean"", ""init_lr"": 6.420017490498457e-06, ""max_lr"": 9.232665211800547e-05, ""message_hidden_dim"": 300, ""warmup_epochs"": 4, ""x_d_embed_dim"": 128, ""x_d_encoder_heads"": 4, ""x_d_fp_groups"": 64}","[0.5748606324195862, 0.6074480414390564, 0.4706518650054931, 0.4613846838474273, 0.6731990575790405]",COMPLETE
17,0.5705114603042603,2026-06-23 03:34:35.374154,2026-06-23 03:40:27.578200,0 days 00:05:52.204046,16,4,0.25,512,1,0.11661084436142836,4.0,0.3,mean_max,0.05463336653616522,0.00015034785069568363,300,3,128,8,128,"{""batch_size"": 16, ""depth"": 4, ""dropout"": 0.25, ""ffn_hidden_dim"": 512, ""ffn_num_layers"": 1, ""final_lr"": 1.7532189817549632e-05, ""gotennet_cutoff"": 4.0, ""gotennet_lr_scale"": 0.3, ""gotennet_pooling"": ""mean_max"", ""init_lr"": 8.214009234981926e-06, ""max_lr"": 0.00015034785069568363, ""message_hidden_dim"": 300, ""warmup_epochs"": 3, ""x_d_embed_dim"": 128, ""x_d_encoder_heads"": 8, ""x_d_fp_groups"": 128}","[0.6329379677772522, 0.6289798021316528, 0.431639701128006, 0.4784372746944427, 0.6805625557899475]",COMPLETE
18,0.5431303083896637,2026-06-23 03:40:27.584191,2026-06-23 03:45:54.620067,0 days 00:05:27.035876,32,4,0.30000000000000004,300,2,0.04687640369939407,4.0,0.3,mean_max,0.07509217854360749,0.00019359793844288815,600,4,128,8,64,"{""batch_size"": 32, ""depth"": 4, ""dropout"": 0.30000000000000004, ""ffn_hidden_dim"": 300, ""ffn_num_layers"": 2, ""final_lr"": 9.075175117819267e-06, ""gotennet_cutoff"": 4.0, ""gotennet_lr_scale"": 0.3, ""gotennet_pooling"": ""mean_max"", ""init_lr"": 1.4537690959227688e-05, ""max_lr"": 0.00019359793844288815, ""message_hidden_dim"": 600, ""warmup_epochs"": 4, ""x_d_embed_dim"": 128, ""x_d_encoder_heads"": 8, ""x_d_fp_groups"": 64}","[0.5687181949615479, 0.5847396850585938, 0.4199751913547516, 0.4611600041389465, 0.6810584664344788]",COMPLETE
19,0.5645999073982239,2026-06-23 03:45:54.625220,2026-06-23 03:51:57.081770,0 days 00:06:02.456550,16,3,0.2,512,2,0.10184464314014526,4.0,0.3,mean,0.048822049710887834,0.0002747577570302125,300,4,128,4,128,"{""batch_size"": 16, ""depth"": 3, ""dropout"": 0.2, ""ffn_hidden_dim"": 512, ""ffn_num_layers"": 2, ""final_lr"": 2.7982605714728728e-05, ""gotennet_cutoff"": 4.0, ""gotennet_lr_scale"": 0.3, ""gotennet_pooling"": ""mean"", ""init_lr"": 1.3414236872181075e-05, ""max_lr"": 0.0002747577570302125, ""message_hidden_dim"": 300, ""warmup_epochs"": 4, ""x_d_embed_dim"": 128, ""x_d_encoder_heads"": 4, ""x_d_fp_groups"": 128}","[0.5820789337158203, 0.6477558016777039, 0.4572154581546783, 0.463618129491806, 0.6723312139511108]",COMPLETE
