number,value,datetime_start,datetime_complete,duration,params_batch_size,params_depth,params_dropout,params_ffn_hidden_dim,params_ffn_num_layers,params_final_lr_ratio,params_gotennet_cutoff,params_gotennet_lr_scale,params_gotennet_pooling,params_init_lr_ratio,params_max_lr,params_message_hidden_dim,params_warmup_epochs,params_x_d_embed_dim,params_x_d_encoder_heads,params_x_d_fp_groups,user_attrs_params_json,user_attrs_per_seed_values,state
0,0.9218376755714417,2026-06-19 19:45:11.309998,2026-06-19 20:03:01.280085,0 days 00:17:49.970087,16,4,0.35,512,2,0.07756239476796357,5.0,0.1,mean_max,0.08775907543295038,0.00015653014388703845,300,3,128,4,128,"{""batch_size"": 16, ""depth"": 4, ""dropout"": 0.35, ""ffn_hidden_dim"": 512, ""ffn_num_layers"": 2, ""final_lr"": 1.2140852813252617e-05, ""gotennet_cutoff"": 5.0, ""gotennet_lr_scale"": 0.1, ""gotennet_pooling"": ""mean_max"", ""init_lr"": 1.3736940704913184e-05, ""max_lr"": 0.00015653014388703845, ""message_hidden_dim"": 300, ""warmup_epochs"": 3, ""x_d_embed_dim"": 128, ""x_d_encoder_heads"": 4, ""x_d_fp_groups"": 128}","[0.9236013889312744, 0.9158663749694824, 0.9424059987068176, 0.8997284173965454, 0.9275861978530884]",COMPLETE
1,0.9231943845748901,2026-06-19 20:03:01.287503,2026-06-19 20:09:35.761205,0 days 00:06:34.473702,16,4,0.25,512,2,0.08079414919250522,4.0,0.3,mean_max,0.04555029917806253,0.00025343003758733187,300,4,128,8,128,"{""batch_size"": 16, ""depth"": 4, ""dropout"": 0.25, ""ffn_hidden_dim"": 512, ""ffn_num_layers"": 2, ""final_lr"": 2.0475664266693097e-05, ""gotennet_cutoff"": 4.0, ""gotennet_lr_scale"": 0.3, ""gotennet_pooling"": ""mean_max"", ""init_lr"": 1.15438140328106e-05, ""max_lr"": 0.00025343003758733187, ""message_hidden_dim"": 300, ""warmup_epochs"": 4, ""x_d_embed_dim"": 128, ""x_d_encoder_heads"": 8, ""x_d_fp_groups"": 128}","[0.92441725730896, 0.9200277328491212, 0.9366263747215272, 0.899585485458374, 0.9353150725364684]",COMPLETE
2,0.927650785446167,2026-06-19 20:09:35.765907,2026-06-19 20:16:25.888108,0 days 00:06:50.122201,32,4,0.2,512,1,0.05656627257155115,4.0,0.1,mean_max,0.04608647251321383,7.74398296013482e-05,300,4,128,8,64,"{""batch_size"": 32, ""depth"": 4, ""dropout"": 0.2, ""ffn_hidden_dim"": 512, ""ffn_num_layers"": 1, ""final_lr"": 4.3804825091243375e-06, ""gotennet_cutoff"": 4.0, ""gotennet_lr_scale"": 0.1, ""gotennet_pooling"": ""mean_max"", ""init_lr"": 3.5689285783504967e-06, ""max_lr"": 7.74398296013482e-05, ""message_hidden_dim"": 300, ""warmup_epochs"": 4, ""x_d_embed_dim"": 128, ""x_d_encoder_heads"": 8, ""x_d_fp_groups"": 64}","[0.9247668981552124, 0.9093576669692992, 0.952755331993103, 0.9091624021530152, 0.9422116279602052]",COMPLETE
3,0.927815043926239,2026-06-19 20:16:25.898431,2026-06-19 20:24:13.346427,0 days 00:07:47.447996,16,3,0.25,512,1,0.06693656791085276,5.0,0.1,mean_max,0.11693635609135392,6.105981923735302e-05,600,4,128,4,64,"{""batch_size"": 16, ""depth"": 3, ""dropout"": 0.25, ""ffn_hidden_dim"": 512, ""ffn_num_layers"": 1, ""final_lr"": 4.087134737005474e-06, ""gotennet_cutoff"": 5.0, ""gotennet_lr_scale"": 0.1, ""gotennet_pooling"": ""mean_max"", ""init_lr"": 7.1401127652128146e-06, ""max_lr"": 6.105981923735302e-05, ""message_hidden_dim"": 600, ""warmup_epochs"": 4, ""x_d_embed_dim"": 128, ""x_d_encoder_heads"": 4, ""x_d_fp_groups"": 64}","[0.9203380346298218, 0.9115983843803406, 0.9516801834106444, 0.905874729156494, 0.949583888053894]",COMPLETE
4,0.923357093334198,2026-06-19 20:24:13.353424,2026-06-19 20:31:35.695739,0 days 00:07:22.342315,32,4,0.2,300,2,0.0549720318589522,5.0,0.1,mean_max,0.08786884660469503,6.576507718814309e-05,300,4,128,8,64,"{""batch_size"": 32, ""depth"": 4, ""dropout"": 0.2, ""ffn_hidden_dim"": 300, ""ffn_num_layers"": 2, ""final_lr"": 3.6152399183930524e-06, ""gotennet_cutoff"": 5.0, ""gotennet_lr_scale"": 0.1, ""gotennet_pooling"": ""mean_max"", ""init_lr"": 5.778701479390874e-06, ""max_lr"": 6.576507718814309e-05, ""message_hidden_dim"": 300, ""warmup_epochs"": 4, ""x_d_embed_dim"": 128, ""x_d_encoder_heads"": 8, ""x_d_fp_groups"": 64}","[0.9270979166030884, 0.9047695398330688, 0.954637050628662, 0.8961549401283264, 0.9341260194778442]",COMPLETE
5,0.9268188714981079,2026-06-19 20:31:35.701238,2026-06-19 20:38:06.818033,0 days 00:06:31.116795,16,4,0.35,512,2,0.07575261574353705,4.0,0.1,mean_max,0.10530598488557939,0.00011403820393151987,300,3,128,4,128,"{""batch_size"": 16, ""depth"": 4, ""dropout"": 0.35, ""ffn_hidden_dim"": 512, ""ffn_num_layers"": 2, ""final_lr"": 8.638692242507541e-06, ""gotennet_cutoff"": 4.0, ""gotennet_lr_scale"": 0.1, ""gotennet_pooling"": ""mean_max"", ""init_lr"": 1.2008905379591252e-05, ""max_lr"": 0.00011403820393151987, ""message_hidden_dim"": 300, ""warmup_epochs"": 3, ""x_d_embed_dim"": 128, ""x_d_encoder_heads"": 4, ""x_d_fp_groups"": 128}","[0.9258158802986144, 0.9231221079826356, 0.944287657737732, 0.8990137577056885, 0.9418549537658693]",COMPLETE
6,0.9245322942733765,2026-06-19 20:38:06.824575,2026-06-19 20:44:12.394831,0 days 00:06:05.570256,16,4,0.30000000000000004,300,2,0.1071078811605412,5.0,0.1,mean,0.06425381174844887,0.00019403404522845276,600,4,128,8,128,"{""batch_size"": 16, ""depth"": 4, ""dropout"": 0.30000000000000004, ""ffn_hidden_dim"": 300, ""ffn_num_layers"": 2, ""final_lr"": 2.078257545742819e-05, ""gotennet_cutoff"": 5.0, ""gotennet_lr_scale"": 0.1, ""gotennet_pooling"": ""mean"", ""init_lr"": 1.2467427014899017e-05, ""max_lr"": 0.00019403404522845276, ""message_hidden_dim"": 600, ""warmup_epochs"": 4, ""x_d_embed_dim"": 128, ""x_d_encoder_heads"": 8, ""x_d_fp_groups"": 128}","[0.9270979166030884, 0.9187473654747008, 0.9355510473251344, 0.908090353012085, 0.9331747889518738]",COMPLETE
7,0.9294309139251709,2026-06-19 20:44:12.401292,2026-06-19 20:50:15.950897,0 days 00:06:03.549605,32,3,0.30000000000000004,300,2,0.1036166181758137,4.0,0.1,mean_max,0.08842357404360901,0.00012839847326348127,600,2,128,4,128,"{""batch_size"": 32, ""depth"": 3, ""dropout"": 0.30000000000000004, ""ffn_hidden_dim"": 300, ""ffn_num_layers"": 2, ""final_lr"": 1.3304215578499564e-05, ""gotennet_cutoff"": 4.0, ""gotennet_lr_scale"": 0.1, ""gotennet_pooling"": ""mean_max"", ""init_lr"": 1.1353451907699788e-05, ""max_lr"": 0.00012839847326348127, ""message_hidden_dim"": 600, ""warmup_epochs"": 2, ""x_d_embed_dim"": 128, ""x_d_encoder_heads"": 4, ""x_d_fp_groups"": 128}","[0.9261654615402222, 0.9197076559066772, 0.9546371698379515, 0.9107347130775452, 0.9359095692634584]",COMPLETE
8,0.9222949981689453,2026-06-19 20:50:15.959701,2026-06-19 20:55:40.894654,0 days 00:05:24.934953,32,4,0.2,300,1,0.07204797623653346,5.0,0.3,mean,0.07852287614241282,0.0003488585019780636,600,4,128,8,128,"{""batch_size"": 32, ""depth"": 4, ""dropout"": 0.2, ""ffn_hidden_dim"": 300, ""ffn_num_layers"": 1, ""final_lr"": 2.513454906042819e-05, ""gotennet_cutoff"": 5.0, ""gotennet_lr_scale"": 0.3, ""gotennet_pooling"": ""mean"", ""init_lr"": 2.739337294205117e-05, ""max_lr"": 0.0003488585019780636, ""message_hidden_dim"": 600, ""warmup_epochs"": 4, ""x_d_embed_dim"": 128, ""x_d_encoder_heads"": 8, ""x_d_fp_groups"": 128}","[0.9273893237113952, 0.9153329133987428, 0.933400571346283, 0.8994425535202026, 0.935909628868103]",COMPLETE
9,0.9248717665672302,2026-06-19 20:55:40.903641,2026-06-19 21:01:32.259741,0 days 00:05:51.356100,16,3,0.2,512,2,0.10712255528821008,4.0,0.3,mean,0.07212292603603178,0.00012843964063896302,300,4,128,4,64,"{""batch_size"": 16, ""depth"": 3, ""dropout"": 0.2, ""ffn_hidden_dim"": 512, ""ffn_num_layers"": 2, ""final_lr"": 1.3758782505545149e-05, ""gotennet_cutoff"": 4.0, ""gotennet_lr_scale"": 0.3, ""gotennet_pooling"": ""mean"", ""init_lr"": 9.26344270189843e-06, ""max_lr"": 0.00012843964063896302, ""message_hidden_dim"": 300, ""warmup_epochs"": 4, ""x_d_embed_dim"": 128, ""x_d_encoder_heads"": 4, ""x_d_fp_groups"": 64}","[0.9258158206939696, 0.918960690498352, 0.946169376373291, 0.905588924884796, 0.9278240203857422]",COMPLETE
10,0.9286338686943054,2026-06-19 21:01:32.264947,2026-06-19 21:07:16.846342,0 days 00:05:44.581395,32,3,0.30000000000000004,300,1,0.04092316774499409,4.0,0.3,mean,0.05712610723154663,8.861541830914277e-05,600,2,128,4,128,"{""batch_size"": 32, ""depth"": 3, ""dropout"": 0.30000000000000004, ""ffn_hidden_dim"": 300, ""ffn_num_layers"": 1, ""final_lr"": 3.62642362825787e-06, ""gotennet_cutoff"": 4.0, ""gotennet_lr_scale"": 0.3, ""gotennet_pooling"": ""mean"", ""init_lr"": 5.06225388869645e-06, ""max_lr"": 8.861541830914277e-05, ""message_hidden_dim"": 600, ""warmup_epochs"": 2, ""x_d_embed_dim"": 128, ""x_d_encoder_heads"": 4, ""x_d_fp_groups"": 128}","[0.9283799529075624, 0.921308159828186, 0.9502016305923462, 0.9041595458984376, 0.9391200542449952]",COMPLETE
11,0.9280655860900879,2026-06-19 21:07:16.851852,2026-06-19 21:12:50.881138,0 days 00:05:34.029286,32,3,0.30000000000000004,300,1,0.04024670745820799,4.0,0.3,mean,0.05923558775445591,9.471667579623277e-05,600,2,128,4,128,"{""batch_size"": 32, ""depth"": 3, ""dropout"": 0.30000000000000004, ""ffn_hidden_dim"": 300, ""ffn_num_layers"": 1, ""final_lr"": 3.8120343421849098e-06, ""gotennet_cutoff"": 4.0, ""gotennet_lr_scale"": 0.3, ""gotennet_pooling"": ""mean"", ""init_lr"": 5.610597960938096e-06, ""max_lr"": 9.471667579623277e-05, ""message_hidden_dim"": 600, ""warmup_epochs"": 2, ""x_d_embed_dim"": 128, ""x_d_encoder_heads"": 4, ""x_d_fp_groups"": 128}","[0.9304778575897216, 0.9194942712783812, 0.9528898000717164, 0.8978702425956726, 0.9395957589149476]",COMPLETE
12,0.9199824571609497,2026-06-19 21:12:50.886426,2026-06-19 21:19:38.114675,0 days 00:06:47.228249,32,3,0.30000000000000004,300,1,0.040947298825696934,4.0,0.3,mean,0.055523470572582306,5.186387511580759e-05,600,2,128,4,128,"{""batch_size"": 32, ""depth"": 3, ""dropout"": 0.30000000000000004, ""ffn_hidden_dim"": 300, ""ffn_num_layers"": 1, ""final_lr"": 2.1236855926256007e-06, ""gotennet_cutoff"": 4.0, ""gotennet_lr_scale"": 0.3, ""gotennet_pooling"": ""mean"", ""init_lr"": 2.8796623437726266e-06, ""max_lr"": 5.186387511580759e-05, ""message_hidden_dim"": 600, ""warmup_epochs"": 2, ""x_d_embed_dim"": 128, ""x_d_encoder_heads"": 4, ""x_d_fp_groups"": 128}","[0.923251748085022, 0.8979406356811523, 0.9493951797485352, 0.8932961821556091, 0.93602854013443]",COMPLETE
13,0.9244999289512634,2026-06-19 21:19:38.120972,2026-06-19 21:25:16.845264,0 days 00:05:38.724292,32,3,0.30000000000000004,300,1,0.09214697563466347,4.0,0.3,mean,0.040263103740648024,9.305936757138513e-05,600,2,128,4,128,"{""batch_size"": 32, ""depth"": 3, ""dropout"": 0.30000000000000004, ""ffn_hidden_dim"": 300, ""ffn_num_layers"": 1, ""final_lr"": 8.575139276177617e-06, ""gotennet_cutoff"": 4.0, ""gotennet_lr_scale"": 0.3, ""gotennet_pooling"": ""mean"", ""init_lr"": 3.746858970565776e-06, ""max_lr"": 9.305936757138513e-05, ""message_hidden_dim"": 600, ""warmup_epochs"": 2, ""x_d_embed_dim"": 128, ""x_d_encoder_heads"": 4, ""x_d_fp_groups"": 128}","[0.9297785758972168, 0.9050896167755128, 0.9446908235549928, 0.90072900056839, 0.9422116279602052]",COMPLETE
14,0.9253686666488647,2026-06-19 21:25:16.851325,2026-06-19 21:31:25.624683,0 days 00:06:08.773358,32,3,0.25,300,1,0.05070744457340808,4.0,0.1,mean_max,0.09581283648322128,0.00016091229839339144,600,3,128,4,128,"{""batch_size"": 32, ""depth"": 3, ""dropout"": 0.25, ""ffn_hidden_dim"": 300, ""ffn_num_layers"": 1, ""final_lr"": 8.1594514519626e-06, ""gotennet_cutoff"": 4.0, ""gotennet_lr_scale"": 0.1, ""gotennet_pooling"": ""mean_max"", ""init_lr"": 1.5417463734105324e-05, ""max_lr"": 0.00016091229839339144, ""message_hidden_dim"": 600, ""warmup_epochs"": 3, ""x_d_embed_dim"": 128, ""x_d_encoder_heads"": 4, ""x_d_fp_groups"": 128}","[0.9248834252357484, 0.9178937077522278, 0.949126362800598, 0.8948684930801392, 0.9400713443756104]",COMPLETE
15,0.9206258177757263,2026-06-19 21:31:25.635017,2026-06-19 21:36:42.319436,0 days 00:05:16.684419,32,3,0.35,300,2,0.046347639619046054,4.0,0.3,mean,0.07089854069998613,0.0001165177267545682,600,2,128,4,128,"{""batch_size"": 32, ""depth"": 3, ""dropout"": 0.35, ""ffn_hidden_dim"": 300, ""ffn_num_layers"": 2, ""final_lr"": 5.400321608851207e-06, ""gotennet_cutoff"": 4.0, ""gotennet_lr_scale"": 0.3, ""gotennet_pooling"": ""mean"", ""init_lr"": 8.260936792578616e-06, ""max_lr"": 0.0001165177267545682, ""message_hidden_dim"": 600, ""warmup_epochs"": 2, ""x_d_embed_dim"": 128, ""x_d_encoder_heads"": 4, ""x_d_fp_groups"": 128}","[0.92884624004364, 0.8992211222648621, 0.9468414783477784, 0.9008718729019164, 0.9273483753204346]",COMPLETE
16,0.9213425397872925,2026-06-19 21:36:42.325948,2026-06-19 21:41:45.467979,0 days 00:05:03.142031,32,3,0.30000000000000004,300,1,0.0617646366165905,4.0,0.1,mean,0.051649857719970896,0.00024349495413406697,600,2,128,4,128,"{""batch_size"": 32, ""depth"": 3, ""dropout"": 0.30000000000000004, ""ffn_hidden_dim"": 300, ""ffn_num_layers"": 1, ""final_lr"": 1.5039377360064017e-05, ""gotennet_cutoff"": 4.0, ""gotennet_lr_scale"": 0.1, ""gotennet_pooling"": ""mean"", ""init_lr"": 1.2576479736555399e-05, ""max_lr"": 0.00024349495413406697, ""message_hidden_dim"": 600, ""warmup_epochs"": 2, ""x_d_embed_dim"": 128, ""x_d_encoder_heads"": 4, ""x_d_fp_groups"": 128}","[0.9277971982955932, 0.912451982498169, 0.9245967864990234, 0.8985849618911743, 0.9432817697525024]",COMPLETE
17,0.9263593196868897,2026-06-19 21:41:45.474449,2026-06-19 21:48:13.206346,0 days 00:06:27.731897,32,3,0.25,300,2,0.11795520902119944,4.0,0.3,mean_max,0.06457178191916839,9.258262395721097e-05,600,3,128,4,128,"{""batch_size"": 32, ""depth"": 3, ""dropout"": 0.25, ""ffn_hidden_dim"": 300, ""ffn_num_layers"": 2, ""final_lr"": 1.0920602760603927e-05, ""gotennet_cutoff"": 4.0, ""gotennet_lr_scale"": 0.3, ""gotennet_pooling"": ""mean_max"", ""init_lr"": 5.978225003669402e-06, ""max_lr"": 9.258262395721097e-05, ""message_hidden_dim"": 600, ""warmup_epochs"": 3, ""x_d_embed_dim"": 128, ""x_d_encoder_heads"": 4, ""x_d_fp_groups"": 128}","[0.9232518076896667, 0.912451982498169, 0.9433467984199524, 0.9049457311630248, 0.9478002786636353]",COMPLETE
18,0.9256425380706788,2026-06-19 21:48:13.212414,2026-06-19 21:54:28.977796,0 days 00:06:15.765382,32,3,0.35,300,2,0.09310983279292216,4.0,0.3,mean_max,0.08349901734585384,0.00014353296812998927,600,2,128,4,64,"{""batch_size"": 32, ""depth"": 3, ""dropout"": 0.35, ""ffn_hidden_dim"": 300, ""ffn_num_layers"": 2, ""final_lr"": 1.3364330662855127e-05, ""gotennet_cutoff"": 4.0, ""gotennet_lr_scale"": 0.3, ""gotennet_pooling"": ""mean_max"", ""init_lr"": 1.198486179558786e-05, ""max_lr"": 0.00014353296812998927, ""message_hidden_dim"": 600, ""warmup_epochs"": 2, ""x_d_embed_dim"": 128, ""x_d_encoder_heads"": 4, ""x_d_fp_groups"": 64}","[0.9265151619911194, 0.9058365225791932, 0.9558467864990234, 0.8999428153038025, 0.9400714039802552]",COMPLETE
19,0.9228118300437927,2026-06-19 21:54:28.983308,2026-06-19 22:00:29.622189,0 days 00:06:00.638881,32,3,0.30000000000000004,300,1,0.0464369924552979,4.0,0.1,mean,0.11788363366589608,7.565225850372565e-05,600,2,128,4,128,"{""batch_size"": 32, ""depth"": 3, ""dropout"": 0.30000000000000004, ""ffn_hidden_dim"": 300, ""ffn_num_layers"": 1, ""final_lr"": 3.5130633573637547e-06, ""gotennet_cutoff"": 4.0, ""gotennet_lr_scale"": 0.1, ""gotennet_pooling"": ""mean"", ""init_lr"": 8.918163127450867e-06, ""max_lr"": 7.565225850372565e-05, ""message_hidden_dim"": 600, ""warmup_epochs"": 2, ""x_d_embed_dim"": 128, ""x_d_encoder_heads"": 4, ""x_d_fp_groups"": 128}","[0.9239510297775269, 0.9094643592834472, 0.9430779814720154, 0.9005860090255737, 0.9369797706604004]",COMPLETE
