number,value,datetime_start,datetime_complete,duration,params_batch_size,params_depth,params_dropout,params_ffn_hidden_dim,params_ffn_num_layers,params_final_lr_ratio,params_gotennet_cutoff,params_gotennet_lr_scale,params_gotennet_pooling,params_init_lr_ratio,params_max_lr,params_message_hidden_dim,params_warmup_epochs,params_x_d_embed_dim,params_x_d_encoder_heads,params_x_d_fp_groups,user_attrs_params_json,user_attrs_per_seed_values,state
0,0.8888323903083801,2026-06-22 01:10:57.750346,2026-06-22 01:33:08.261957,0 days 00:22:10.511611,16,4,0.35,512,2,0.07756239476796357,5.0,0.1,mean_max,0.08775907543295038,0.00015653014388703845,300,3,128,4,128,"{""batch_size"": 16, ""depth"": 4, ""dropout"": 0.35, ""ffn_hidden_dim"": 512, ""ffn_num_layers"": 2, ""final_lr"": 1.2140852813252617e-05, ""gotennet_cutoff"": 5.0, ""gotennet_lr_scale"": 0.1, ""gotennet_pooling"": ""mean_max"", ""init_lr"": 1.3736940704913184e-05, ""max_lr"": 0.00015653014388703845, ""message_hidden_dim"": 300, ""warmup_epochs"": 3, ""x_d_embed_dim"": 128, ""x_d_encoder_heads"": 4, ""x_d_fp_groups"": 128}","[0.9212499856948853, 0.8611421585083008, 0.9069767594337464, 0.8763505220413208, 0.8784425258636475]",COMPLETE
1,0.8753313660621643,2026-06-22 01:33:08.270461,2026-06-22 01:36:01.561281,0 days 00:02:53.290820,16,4,0.25,512,2,0.08079414919250522,4.0,0.3,mean_max,0.04555029917806253,0.00025343003758733187,300,4,128,8,128,"{""batch_size"": 16, ""depth"": 4, ""dropout"": 0.25, ""ffn_hidden_dim"": 512, ""ffn_num_layers"": 2, ""final_lr"": 2.0475664266693097e-05, ""gotennet_cutoff"": 4.0, ""gotennet_lr_scale"": 0.3, ""gotennet_pooling"": ""mean_max"", ""init_lr"": 1.15438140328106e-05, ""max_lr"": 0.00025343003758733187, ""message_hidden_dim"": 300, ""warmup_epochs"": 4, ""x_d_embed_dim"": 128, ""x_d_encoder_heads"": 8, ""x_d_fp_groups"": 128}","[0.9162499904632568, 0.8129899501800537, 0.8928210139274597, 0.8799519538879395, 0.8746439218521118]",COMPLETE
2,0.8736255049705506,2026-06-22 01:36:01.567781,2026-06-22 01:39:28.824709,0 days 00:03:27.256928,32,4,0.2,512,1,0.05656627257155115,4.0,0.1,mean_max,0.04608647251321383,7.74398296013482e-05,300,4,128,8,64,"{""batch_size"": 32, ""depth"": 4, ""dropout"": 0.2, ""ffn_hidden_dim"": 512, ""ffn_num_layers"": 1, ""final_lr"": 4.3804825091243375e-06, ""gotennet_cutoff"": 4.0, ""gotennet_lr_scale"": 0.1, ""gotennet_pooling"": ""mean_max"", ""init_lr"": 3.5689285783504967e-06, ""max_lr"": 7.74398296013482e-05, ""message_hidden_dim"": 300, ""warmup_epochs"": 4, ""x_d_embed_dim"": 128, ""x_d_encoder_heads"": 8, ""x_d_fp_groups"": 64}","[0.8987499475479126, 0.7950727939605713, 0.9059655666351318, 0.8775510191917419, 0.890788197517395]",COMPLETE
3,0.8723933339118958,2026-06-22 01:39:28.830714,2026-06-22 01:43:15.436001,0 days 00:03:46.605287,16,3,0.25,512,1,0.06693656791085276,5.0,0.1,mean_max,0.11693635609135392,6.105981923735302e-05,600,4,128,4,64,"{""batch_size"": 16, ""depth"": 3, ""dropout"": 0.25, ""ffn_hidden_dim"": 512, ""ffn_num_layers"": 1, ""final_lr"": 4.087134737005474e-06, ""gotennet_cutoff"": 5.0, ""gotennet_lr_scale"": 0.1, ""gotennet_pooling"": ""mean_max"", ""init_lr"": 7.1401127652128146e-06, ""max_lr"": 6.105981923735302e-05, ""message_hidden_dim"": 600, ""warmup_epochs"": 4, ""x_d_embed_dim"": 128, ""x_d_encoder_heads"": 4, ""x_d_fp_groups"": 64}","[0.9087499976158142, 0.7905935049057007, 0.91304349899292, 0.8559423685073853, 0.8936372995376587]",COMPLETE
4,0.8966207027435302,2026-06-22 01:43:15.442510,2026-06-22 01:47:18.885689,0 days 00:04:03.443179,32,4,0.2,300,2,0.0549720318589522,5.0,0.1,mean_max,0.08786884660469503,6.576507718814309e-05,300,4,128,8,64,"{""batch_size"": 32, ""depth"": 4, ""dropout"": 0.2, ""ffn_hidden_dim"": 300, ""ffn_num_layers"": 2, ""final_lr"": 3.6152399183930524e-06, ""gotennet_cutoff"": 5.0, ""gotennet_lr_scale"": 0.1, ""gotennet_pooling"": ""mean_max"", ""init_lr"": 5.778701479390874e-06, ""max_lr"": 6.576507718814309e-05, ""message_hidden_dim"": 300, ""warmup_epochs"": 4, ""x_d_embed_dim"": 128, ""x_d_encoder_heads"": 8, ""x_d_fp_groups"": 64}","[0.9112499952316284, 0.8555431365966797, 0.9160768985748292, 0.884753942489624, 0.91547954082489]",COMPLETE
5,0.876120138168335,2026-06-22 01:47:18.892720,2026-06-22 01:50:25.265468,0 days 00:03:06.372748,16,4,0.35,512,2,0.07575261574353705,4.0,0.1,mean_max,0.10530598488557939,0.00011403820393151987,300,3,128,4,128,"{""batch_size"": 16, ""depth"": 4, ""dropout"": 0.35, ""ffn_hidden_dim"": 512, ""ffn_num_layers"": 2, ""final_lr"": 8.638692242507541e-06, ""gotennet_cutoff"": 4.0, ""gotennet_lr_scale"": 0.1, ""gotennet_pooling"": ""mean_max"", ""init_lr"": 1.2008905379591252e-05, ""max_lr"": 0.00011403820393151987, ""message_hidden_dim"": 300, ""warmup_epochs"": 3, ""x_d_embed_dim"": 128, ""x_d_encoder_heads"": 4, ""x_d_fp_groups"": 128}","[0.9200000166893004, 0.7760359048843384, 0.9120323657989502, 0.8703480958938599, 0.9021843075752258]",COMPLETE
6,0.8771222233772278,2026-06-22 01:50:25.271983,2026-06-22 01:53:18.079390,0 days 00:02:52.807407,16,4,0.30000000000000004,300,2,0.1071078811605412,5.0,0.1,mean,0.06425381174844887,0.00019403404522845276,600,4,128,8,128,"{""batch_size"": 16, ""depth"": 4, ""dropout"": 0.30000000000000004, ""ffn_hidden_dim"": 300, ""ffn_num_layers"": 2, ""final_lr"": 2.078257545742819e-05, ""gotennet_cutoff"": 5.0, ""gotennet_lr_scale"": 0.1, ""gotennet_pooling"": ""mean"", ""init_lr"": 1.2467427014899017e-05, ""max_lr"": 0.00019403404522845276, ""message_hidden_dim"": 600, ""warmup_epochs"": 4, ""x_d_embed_dim"": 128, ""x_d_encoder_heads"": 8, ""x_d_fp_groups"": 128}","[0.918749988079071, 0.7883538603782654, 0.9049544930458068, 0.8979592323303223, 0.8755935430526733]",COMPLETE
7,0.8767355918884278,2026-06-22 01:53:18.085519,2026-06-22 01:56:21.424301,0 days 00:03:03.338782,32,3,0.30000000000000004,300,2,0.1036166181758137,4.0,0.1,mean_max,0.08842357404360901,0.00012839847326348127,600,2,128,4,128,"{""batch_size"": 32, ""depth"": 3, ""dropout"": 0.30000000000000004, ""ffn_hidden_dim"": 300, ""ffn_num_layers"": 2, ""final_lr"": 1.3304215578499564e-05, ""gotennet_cutoff"": 4.0, ""gotennet_lr_scale"": 0.1, ""gotennet_pooling"": ""mean_max"", ""init_lr"": 1.1353451907699788e-05, ""max_lr"": 0.00012839847326348127, ""message_hidden_dim"": 600, ""warmup_epochs"": 2, ""x_d_embed_dim"": 128, ""x_d_encoder_heads"": 4, ""x_d_fp_groups"": 128}","[0.90625, 0.7827547788619995, 0.9170880317687988, 0.8763505220413208, 0.9012346267700196]",COMPLETE
8,0.8705275893211365,2026-06-22 01:56:21.430811,2026-06-22 01:58:59.324787,0 days 00:02:37.893976,32,4,0.2,300,1,0.07204797623653346,5.0,0.3,mean,0.07852287614241282,0.0003488585019780636,600,4,128,8,128,"{""batch_size"": 32, ""depth"": 4, ""dropout"": 0.2, ""ffn_hidden_dim"": 300, ""ffn_num_layers"": 1, ""final_lr"": 2.513454906042819e-05, ""gotennet_cutoff"": 5.0, ""gotennet_lr_scale"": 0.3, ""gotennet_pooling"": ""mean"", ""init_lr"": 2.739337294205117e-05, ""max_lr"": 0.0003488585019780636, ""message_hidden_dim"": 600, ""warmup_epochs"": 4, ""x_d_embed_dim"": 128, ""x_d_encoder_heads"": 8, ""x_d_fp_groups"": 128}","[0.9175000190734864, 0.7816349267959595, 0.9201213121414183, 0.8511404395103455, 0.8822412490844727]",COMPLETE
9,0.877663540840149,2026-06-22 01:58:59.331295,2026-06-22 02:01:41.698187,0 days 00:02:42.366892,16,3,0.2,512,2,0.10712255528821008,4.0,0.3,mean,0.07212292603603178,0.00012843964063896302,300,4,128,4,64,"{""batch_size"": 16, ""depth"": 3, ""dropout"": 0.2, ""ffn_hidden_dim"": 512, ""ffn_num_layers"": 2, ""final_lr"": 1.3758782505545149e-05, ""gotennet_cutoff"": 4.0, ""gotennet_lr_scale"": 0.3, ""gotennet_pooling"": ""mean"", ""init_lr"": 9.26344270189843e-06, ""max_lr"": 0.00012843964063896302, ""message_hidden_dim"": 300, ""warmup_epochs"": 4, ""x_d_embed_dim"": 128, ""x_d_encoder_heads"": 4, ""x_d_fp_groups"": 64}","[0.9237499833106996, 0.7928332090377808, 0.9120323657989502, 0.8907563090324402, 0.868945837020874]",COMPLETE
10,0.8822597861289978,2026-06-22 02:01:41.705688,2026-06-22 02:06:48.229449,0 days 00:05:06.523761,32,3,0.25,300,1,0.04092316774499409,5.0,0.3,mean,0.05712610723154663,5.2159553138574196e-05,300,2,128,8,64,"{""batch_size"": 32, ""depth"": 3, ""dropout"": 0.25, ""ffn_hidden_dim"": 300, ""ffn_num_layers"": 1, ""final_lr"": 2.134534142593805e-06, ""gotennet_cutoff"": 5.0, ""gotennet_lr_scale"": 0.3, ""gotennet_pooling"": ""mean"", ""init_lr"": 2.979672225743744e-06, ""max_lr"": 5.2159553138574196e-05, ""message_hidden_dim"": 300, ""warmup_epochs"": 2, ""x_d_embed_dim"": 128, ""x_d_encoder_heads"": 8, ""x_d_fp_groups"": 64}","[0.9162499904632568, 0.8342665433883667, 0.9089990854263306, 0.8619447350502014, 0.8898385763168335]",COMPLETE
11,0.875202476978302,2026-06-22 02:06:48.235444,2026-06-22 02:10:36.199603,0 days 00:03:47.964159,32,4,0.35,300,2,0.04900583426340645,5.0,0.1,mean_max,0.09148764721461326,9.262073301968928e-05,300,3,128,4,64,"{""batch_size"": 32, ""depth"": 4, ""dropout"": 0.35, ""ffn_hidden_dim"": 300, ""ffn_num_layers"": 2, ""final_lr"": 4.5389562917181095e-06, ""gotennet_cutoff"": 5.0, ""gotennet_lr_scale"": 0.1, ""gotennet_pooling"": ""mean_max"", ""init_lr"": 8.473652947264215e-06, ""max_lr"": 9.262073301968928e-05, ""message_hidden_dim"": 300, ""warmup_epochs"": 3, ""x_d_embed_dim"": 128, ""x_d_encoder_heads"": 4, ""x_d_fp_groups"": 64}","[0.9000000357627869, 0.7917133569717407, 0.9241658449172974, 0.8655462265014648, 0.8945869207382202]",COMPLETE
12,0.8796067118644715,2026-06-22 02:10:36.205611,2026-06-22 02:13:41.064874,0 days 00:03:04.859263,32,4,0.30000000000000004,300,2,0.057800574196054395,5.0,0.1,mean_max,0.09443467581221009,0.0001882312063711412,300,3,128,8,128,"{""batch_size"": 32, ""depth"": 4, ""dropout"": 0.30000000000000004, ""ffn_hidden_dim"": 300, ""ffn_num_layers"": 2, ""final_lr"": 1.0879871809867974e-05, ""gotennet_cutoff"": 5.0, ""gotennet_lr_scale"": 0.1, ""gotennet_pooling"": ""mean_max"", ""init_lr"": 1.7775552951399934e-05, ""max_lr"": 0.0001882312063711412, ""message_hidden_dim"": 300, ""warmup_epochs"": 3, ""x_d_embed_dim"": 128, ""x_d_encoder_heads"": 8, ""x_d_fp_groups"": 128}","[0.912500023841858, 0.7872340679168701, 0.918099045753479, 0.8979591727256775, 0.8822412490844727]",COMPLETE
13,0.8729450106620789,2026-06-22 02:13:41.070388,2026-06-22 02:16:51.582663,0 days 00:03:10.512275,16,4,0.35,512,2,0.0891966788477458,5.0,0.1,mean_max,0.07712831411082578,0.00017403098421868007,300,3,128,4,64,"{""batch_size"": 16, ""depth"": 4, ""dropout"": 0.35, ""ffn_hidden_dim"": 512, ""ffn_num_layers"": 2, ""final_lr"": 1.5522985808910724e-05, ""gotennet_cutoff"": 5.0, ""gotennet_lr_scale"": 0.1, ""gotennet_pooling"": ""mean_max"", ""init_lr"": 1.342271641583452e-05, ""max_lr"": 0.00017403098421868007, ""message_hidden_dim"": 300, ""warmup_epochs"": 3, ""x_d_embed_dim"": 128, ""x_d_encoder_heads"": 4, ""x_d_fp_groups"": 64}","[0.90625, 0.7805151343345642, 0.9059656858444214, 0.8859543800354004, 0.8860398530960083]",COMPLETE
14,0.8785413384437561,2026-06-22 02:16:51.588669,2026-06-22 02:20:11.276864,0 days 00:03:19.688195,16,4,0.25,512,2,0.05815380214300361,5.0,0.1,mean_max,0.0605433714325659,7.63801486039191e-05,300,3,128,4,128,"{""batch_size"": 16, ""depth"": 4, ""dropout"": 0.25, ""ffn_hidden_dim"": 512, ""ffn_num_layers"": 2, ""final_lr"": 4.441796049565525e-06, ""gotennet_cutoff"": 5.0, ""gotennet_lr_scale"": 0.1, ""gotennet_pooling"": ""mean_max"", ""init_lr"": 4.6243117070016536e-06, ""max_lr"": 7.63801486039191e-05, ""message_hidden_dim"": 300, ""warmup_epochs"": 3, ""x_d_embed_dim"": 128, ""x_d_encoder_heads"": 4, ""x_d_fp_groups"": 128}","[0.90625, 0.8051511645317078, 0.9100100994110109, 0.8871548175811768, 0.8841406106948853]",COMPLETE
15,0.8749419927597046,2026-06-22 02:20:11.283379,2026-06-22 02:23:07.080879,0 days 00:02:55.797500,32,4,0.30000000000000004,300,2,0.04022206826822802,5.0,0.1,mean_max,0.11921453273525094,0.0003703902155750435,300,2,128,8,64,"{""batch_size"": 32, ""depth"": 4, ""dropout"": 0.30000000000000004, ""ffn_hidden_dim"": 300, ""ffn_num_layers"": 2, ""final_lr"": 1.4897860536743094e-05, ""gotennet_cutoff"": 5.0, ""gotennet_lr_scale"": 0.1, ""gotennet_pooling"": ""mean_max"", ""init_lr"": 4.4155896479487676e-05, ""max_lr"": 0.0003703902155750435, ""message_hidden_dim"": 300, ""warmup_epochs"": 2, ""x_d_embed_dim"": 128, ""x_d_encoder_heads"": 8, ""x_d_fp_groups"": 64}","[0.9262500405311584, 0.7771556377410889, 0.9049544930458068, 0.8907562494277954, 0.8755935430526733]",COMPLETE
16,0.8703796625137329,2026-06-22 02:23:07.087345,2026-06-22 02:26:07.923012,0 days 00:03:00.835667,16,4,0.35,300,2,0.09076915135479896,5.0,0.1,mean_max,0.08417909859092436,0.00023683876184909408,300,3,128,8,64,"{""batch_size"": 16, ""depth"": 4, ""dropout"": 0.35, ""ffn_hidden_dim"": 300, ""ffn_num_layers"": 2, ""final_lr"": 2.1497653420963605e-05, ""gotennet_cutoff"": 5.0, ""gotennet_lr_scale"": 0.1, ""gotennet_pooling"": ""mean_max"", ""init_lr"": 1.9936873483847346e-05, ""max_lr"": 0.00023683876184909408, ""message_hidden_dim"": 300, ""warmup_epochs"": 3, ""x_d_embed_dim"": 128, ""x_d_encoder_heads"": 8, ""x_d_fp_groups"": 64}","[0.9225000143051147, 0.7704367637634277, 0.9100100994110109, 0.884753942489624, 0.8641974925994873]",COMPLETE
17,0.8764922857284546,2026-06-22 02:26:07.929525,2026-06-22 02:29:36.386247,0 days 00:03:28.456722,32,3,0.2,512,1,0.05030985534641013,5.0,0.1,mean_max,0.10411021633786652,9.865313112595095e-05,300,2,128,4,128,"{""batch_size"": 32, ""depth"": 3, ""dropout"": 0.2, ""ffn_hidden_dim"": 512, ""ffn_num_layers"": 1, ""final_lr"": 4.963224756417023e-06, ""gotennet_cutoff"": 5.0, ""gotennet_lr_scale"": 0.1, ""gotennet_pooling"": ""mean_max"", ""init_lr"": 1.0270798823930667e-05, ""max_lr"": 9.865313112595095e-05, ""message_hidden_dim"": 300, ""warmup_epochs"": 2, ""x_d_embed_dim"": 128, ""x_d_encoder_heads"": 4, ""x_d_fp_groups"": 128}","[0.90625, 0.779395341873169, 0.9302325248718262, 0.8691476583480835, 0.8974359035491943]",COMPLETE
18,0.8670567750930787,2026-06-22 02:29:36.391752,2026-06-22 02:32:25.877186,0 days 00:02:49.485434,16,4,0.25,512,2,0.06747518633562781,5.0,0.3,mean,0.07001160962439738,0.00014353296812998927,600,3,128,8,64,"{""batch_size"": 16, ""depth"": 4, ""dropout"": 0.25, ""ffn_hidden_dim"": 512, ""ffn_num_layers"": 2, ""final_lr"": 9.684913769876753e-06, ""gotennet_cutoff"": 5.0, ""gotennet_lr_scale"": 0.3, ""gotennet_pooling"": ""mean"", ""init_lr"": 1.004897413294788e-05, ""max_lr"": 0.00014353296812998927, ""message_hidden_dim"": 600, ""warmup_epochs"": 3, ""x_d_embed_dim"": 128, ""x_d_encoder_heads"": 8, ""x_d_fp_groups"": 64}","[0.9149999618530272, 0.7805150747299194, 0.8978766202926636, 0.8691476583480835, 0.8727445602416992]",COMPLETE
19,0.8832656264305114,2026-06-22 02:32:25.883194,2026-06-22 02:36:46.057248,0 days 00:04:20.174054,32,4,0.30000000000000004,300,2,0.11837879964975899,5.0,0.1,mean_max,0.05228896356043304,6.531011273466017e-05,300,4,128,4,128,"{""batch_size"": 32, ""depth"": 4, ""dropout"": 0.30000000000000004, ""ffn_hidden_dim"": 300, ""ffn_num_layers"": 2, ""final_lr"": 7.73133275051951e-06, ""gotennet_cutoff"": 5.0, ""gotennet_lr_scale"": 0.1, ""gotennet_pooling"": ""mean_max"", ""init_lr"": 3.4149981049104196e-06, ""max_lr"": 6.531011273466017e-05, ""message_hidden_dim"": 300, ""warmup_epochs"": 4, ""x_d_embed_dim"": 128, ""x_d_encoder_heads"": 4, ""x_d_fp_groups"": 128}","[0.9162499904632568, 0.7894737124443054, 0.9150657057762146, 0.889555811882019, 0.9059829115867616]",COMPLETE
