number,value,datetime_start,datetime_complete,duration,params_batch_size,params_depth,params_dropout,params_ffn_hidden_dim,params_ffn_num_layers,params_final_lr_ratio,params_gotennet_cutoff,params_gotennet_lr_scale,params_gotennet_pooling,params_init_lr_ratio,params_max_lr,params_message_hidden_dim,params_warmup_epochs,params_x_d_embed_dim,params_x_d_encoder_heads,params_x_d_fp_groups,user_attrs_params_json,user_attrs_per_seed_values,state
0,0.5894984900951385,2026-06-23 04:01:56.635191,2026-06-23 04:30:46.656875,0 days 00:28:50.021684,16,4,0.35,512,2,0.07756239476796357,5.0,0.1,mean_max,0.08775907543295038,0.00015653014388703845,300,3,128,4,128,"{""batch_size"": 16, ""depth"": 4, ""dropout"": 0.35, ""ffn_hidden_dim"": 512, ""ffn_num_layers"": 2, ""final_lr"": 1.2140852813252617e-05, ""gotennet_cutoff"": 5.0, ""gotennet_lr_scale"": 0.1, ""gotennet_pooling"": ""mean_max"", ""init_lr"": 1.3736940704913184e-05, ""max_lr"": 0.00015653014388703845, ""message_hidden_dim"": 300, ""warmup_epochs"": 3, ""x_d_embed_dim"": 128, ""x_d_encoder_heads"": 4, ""x_d_fp_groups"": 128}","[0.5829156637191772, 0.509994626045227, 0.7467823028564453, 0.6668300628662109, 0.4409697949886322]",COMPLETE
1,0.5962478816509247,2026-06-23 04:30:46.665868,2026-06-23 04:54:16.019777,0 days 00:23:29.353909,16,4,0.25,512,2,0.08079414919250522,4.0,0.3,mean_max,0.04555029917806253,0.00025343003758733187,300,4,128,8,128,"{""batch_size"": 16, ""depth"": 4, ""dropout"": 0.25, ""ffn_hidden_dim"": 512, ""ffn_num_layers"": 2, ""final_lr"": 2.0475664266693097e-05, ""gotennet_cutoff"": 4.0, ""gotennet_lr_scale"": 0.3, ""gotennet_pooling"": ""mean_max"", ""init_lr"": 1.15438140328106e-05, ""max_lr"": 0.00025343003758733187, ""message_hidden_dim"": 300, ""warmup_epochs"": 4, ""x_d_embed_dim"": 128, ""x_d_encoder_heads"": 8, ""x_d_fp_groups"": 128}","[0.5839787721633911, 0.5249651670455933, 0.7515899538993835, 0.6812660098075867, 0.4394395053386688]",COMPLETE
2,0.6086034893989563,2026-06-23 04:54:16.026777,2026-06-23 05:12:14.107090,0 days 00:17:58.080313,32,4,0.2,512,1,0.05656627257155115,4.0,0.1,mean_max,0.04608647251321383,7.74398296013482e-05,300,4,128,8,64,"{""batch_size"": 32, ""depth"": 4, ""dropout"": 0.2, ""ffn_hidden_dim"": 512, ""ffn_num_layers"": 1, ""final_lr"": 4.3804825091243375e-06, ""gotennet_cutoff"": 4.0, ""gotennet_lr_scale"": 0.1, ""gotennet_pooling"": ""mean_max"", ""init_lr"": 3.5689285783504967e-06, ""max_lr"": 7.74398296013482e-05, ""message_hidden_dim"": 300, ""warmup_epochs"": 4, ""x_d_embed_dim"": 128, ""x_d_encoder_heads"": 8, ""x_d_fp_groups"": 64}","[0.5996221303939819, 0.5387783050537109, 0.7623304128646851, 0.7000383734703064, 0.4422482252120971]",COMPLETE
3,0.6010227680206299,2026-06-23 05:12:14.113089,2026-06-23 05:37:45.931793,0 days 00:25:31.818704,16,3,0.25,512,1,0.06693656791085276,5.0,0.1,mean_max,0.11693635609135392,6.105981923735302e-05,600,4,128,4,64,"{""batch_size"": 16, ""depth"": 3, ""dropout"": 0.25, ""ffn_hidden_dim"": 512, ""ffn_num_layers"": 1, ""final_lr"": 4.087134737005474e-06, ""gotennet_cutoff"": 5.0, ""gotennet_lr_scale"": 0.1, ""gotennet_pooling"": ""mean_max"", ""init_lr"": 7.1401127652128146e-06, ""max_lr"": 6.105981923735302e-05, ""message_hidden_dim"": 600, ""warmup_epochs"": 4, ""x_d_embed_dim"": 128, ""x_d_encoder_heads"": 4, ""x_d_fp_groups"": 64}","[0.5882211923599243, 0.5379436016082764, 0.7584304213523865, 0.6760887503623962, 0.444429874420166]",COMPLETE
4,0.6048810422420502,2026-06-23 05:37:45.937784,2026-06-23 05:57:26.587654,0 days 00:19:40.649870,32,4,0.2,300,2,0.0549720318589522,5.0,0.1,mean_max,0.08786884660469503,6.576507718814309e-05,300,4,128,8,64,"{""batch_size"": 32, ""depth"": 4, ""dropout"": 0.2, ""ffn_hidden_dim"": 300, ""ffn_num_layers"": 2, ""final_lr"": 3.6152399183930524e-06, ""gotennet_cutoff"": 5.0, ""gotennet_lr_scale"": 0.1, ""gotennet_pooling"": ""mean_max"", ""init_lr"": 5.778701479390874e-06, ""max_lr"": 6.576507718814309e-05, ""message_hidden_dim"": 300, ""warmup_epochs"": 4, ""x_d_embed_dim"": 128, ""x_d_encoder_heads"": 8, ""x_d_fp_groups"": 64}","[0.5957161784172058, 0.5400765538215637, 0.7548596858978271, 0.6907042264938354, 0.4430485665798187]",COMPLETE
5,0.592780601978302,2026-06-23 05:57:26.593646,2026-06-23 06:22:20.235801,0 days 00:24:53.642155,16,4,0.35,512,2,0.07575261574353705,4.0,0.1,mean_max,0.10530598488557939,0.00011403820393151987,300,3,128,4,128,"{""batch_size"": 16, ""depth"": 4, ""dropout"": 0.35, ""ffn_hidden_dim"": 512, ""ffn_num_layers"": 2, ""final_lr"": 8.638692242507541e-06, ""gotennet_cutoff"": 4.0, ""gotennet_lr_scale"": 0.1, ""gotennet_pooling"": ""mean_max"", ""init_lr"": 1.2008905379591252e-05, ""max_lr"": 0.00011403820393151987, ""message_hidden_dim"": 300, ""warmup_epochs"": 3, ""x_d_embed_dim"": 128, ""x_d_encoder_heads"": 4, ""x_d_fp_groups"": 128}","[0.5866932272911072, 0.4962892532348633, 0.7377225160598755, 0.6866621375083923, 0.4565358757972717]",COMPLETE
6,0.6029620230197906,2026-06-23 06:22:20.242800,2026-06-23 06:47:07.626791,0 days 00:24:47.383991,16,4,0.30000000000000004,300,2,0.1071078811605412,5.0,0.1,mean,0.06425381174844887,0.00019403404522845276,600,4,128,8,128,"{""batch_size"": 16, ""depth"": 4, ""dropout"": 0.30000000000000004, ""ffn_hidden_dim"": 300, ""ffn_num_layers"": 2, ""final_lr"": 2.078257545742819e-05, ""gotennet_cutoff"": 5.0, ""gotennet_lr_scale"": 0.1, ""gotennet_pooling"": ""mean"", ""init_lr"": 1.2467427014899017e-05, ""max_lr"": 0.00019403404522845276, ""message_hidden_dim"": 600, ""warmup_epochs"": 4, ""x_d_embed_dim"": 128, ""x_d_encoder_heads"": 8, ""x_d_fp_groups"": 128}","[0.5971387028694153, 0.5175202488899231, 0.7634036540985107, 0.6853852868080139, 0.4513622224330902]",COMPLETE
7,0.600248372554779,2026-06-23 06:47:07.633797,2026-06-23 07:04:09.486510,0 days 00:17:01.852713,32,3,0.30000000000000004,300,2,0.1036166181758137,4.0,0.1,mean_max,0.08842357404360901,0.00012839847326348127,600,2,128,4,128,"{""batch_size"": 32, ""depth"": 3, ""dropout"": 0.30000000000000004, ""ffn_hidden_dim"": 300, ""ffn_num_layers"": 2, ""final_lr"": 1.3304215578499564e-05, ""gotennet_cutoff"": 4.0, ""gotennet_lr_scale"": 0.1, ""gotennet_pooling"": ""mean_max"", ""init_lr"": 1.1353451907699788e-05, ""max_lr"": 0.00012839847326348127, ""message_hidden_dim"": 600, ""warmup_epochs"": 2, ""x_d_embed_dim"": 128, ""x_d_encoder_heads"": 4, ""x_d_fp_groups"": 128}","[0.6010757684707642, 0.5167298913002014, 0.7552595138549805, 0.6789548993110657, 0.4492217898368835]",COMPLETE
8,0.6202367007732391,2026-06-23 07:04:09.492516,2026-06-23 07:18:57.510835,0 days 00:14:48.018319,32,4,0.2,300,1,0.07204797623653346,5.0,0.3,mean,0.07852287614241282,0.0003488585019780636,600,4,128,8,128,"{""batch_size"": 32, ""depth"": 4, ""dropout"": 0.2, ""ffn_hidden_dim"": 300, ""ffn_num_layers"": 1, ""final_lr"": 2.513454906042819e-05, ""gotennet_cutoff"": 5.0, ""gotennet_lr_scale"": 0.3, ""gotennet_pooling"": ""mean"", ""init_lr"": 2.739337294205117e-05, ""max_lr"": 0.0003488585019780636, ""message_hidden_dim"": 600, ""warmup_epochs"": 4, ""x_d_embed_dim"": 128, ""x_d_encoder_heads"": 8, ""x_d_fp_groups"": 128}","[0.6087191700935364, 0.5336114764213562, 0.8096516728401184, 0.6992986798286438, 0.4499025046825409]",COMPLETE
9,0.6145627856254577,2026-06-23 07:18:57.516835,2026-06-23 07:39:13.612839,0 days 00:20:16.096004,16,3,0.2,512,2,0.10712255528821008,4.0,0.3,mean,0.07212292603603178,0.00012843964063896302,300,4,128,4,64,"{""batch_size"": 16, ""depth"": 3, ""dropout"": 0.2, ""ffn_hidden_dim"": 512, ""ffn_num_layers"": 2, ""final_lr"": 1.3758782505545149e-05, ""gotennet_cutoff"": 4.0, ""gotennet_lr_scale"": 0.3, ""gotennet_pooling"": ""mean"", ""init_lr"": 9.26344270189843e-06, ""max_lr"": 0.00012843964063896302, ""message_hidden_dim"": 300, ""warmup_epochs"": 4, ""x_d_embed_dim"": 128, ""x_d_encoder_heads"": 4, ""x_d_fp_groups"": 64}","[0.6046459078788757, 0.5424612164497375, 0.7663853168487549, 0.6982944011688232, 0.4610270857810974]",COMPLETE
10,0.6018532693386078,2026-06-23 07:39:13.618832,2026-06-23 08:02:30.516043,0 days 00:23:16.897211,16,3,0.35,512,1,0.04092316774499409,5.0,0.3,mean,0.05712610723154663,0.0001991117353437465,300,2,128,4,128,"{""batch_size"": 16, ""depth"": 3, ""dropout"": 0.35, ""ffn_hidden_dim"": 512, ""ffn_num_layers"": 1, ""final_lr"": 8.148282945469006e-06, ""gotennet_cutoff"": 5.0, ""gotennet_lr_scale"": 0.3, ""gotennet_pooling"": ""mean"", ""init_lr"": 1.1374478344306197e-05, ""max_lr"": 0.0001991117353437465, ""message_hidden_dim"": 300, ""warmup_epochs"": 2, ""x_d_embed_dim"": 128, ""x_d_encoder_heads"": 4, ""x_d_fp_groups"": 128}","[0.5823373198509216, 0.5231122374534607, 0.7837957739830017, 0.6906401515007019, 0.429380863904953]",COMPLETE
11,0.5919291794300079,2026-06-23 08:02:30.522038,2026-06-23 08:32:29.680721,0 days 00:29:59.158683,16,4,0.35,512,2,0.08671608592354779,4.0,0.1,mean_max,0.11661282487272603,0.00011188984395017237,300,3,128,4,128,"{""batch_size"": 16, ""depth"": 4, ""dropout"": 0.35, ""ffn_hidden_dim"": 512, ""ffn_num_layers"": 2, ""final_lr"": 9.702649321955502e-06, ""gotennet_cutoff"": 4.0, ""gotennet_lr_scale"": 0.1, ""gotennet_pooling"": ""mean_max"", ""init_lr"": 1.3047790777598096e-05, ""max_lr"": 0.00011188984395017237, ""message_hidden_dim"": 300, ""warmup_epochs"": 3, ""x_d_embed_dim"": 128, ""x_d_encoder_heads"": 4, ""x_d_fp_groups"": 128}","[0.586858332157135, 0.5056952834129333, 0.7370414733886719, 0.6777734756469727, 0.4522773325443268]",COMPLETE
12,0.5833873152732849,2026-06-23 08:32:29.686720,2026-06-23 09:00:39.691589,0 days 00:28:10.004869,16,4,0.35,512,2,0.08755545175292764,4.0,0.1,mean_max,0.10059241371812602,9.885460349342605e-05,300,3,128,4,128,"{""batch_size"": 16, ""depth"": 4, ""dropout"": 0.35, ""ffn_hidden_dim"": 512, ""ffn_num_layers"": 2, ""final_lr"": 8.655259466723456e-06, ""gotennet_cutoff"": 4.0, ""gotennet_lr_scale"": 0.1, ""gotennet_pooling"": ""mean_max"", ""init_lr"": 9.944023172552019e-06, ""max_lr"": 9.885460349342605e-05, ""message_hidden_dim"": 300, ""warmup_epochs"": 3, ""x_d_embed_dim"": 128, ""x_d_encoder_heads"": 4, ""x_d_fp_groups"": 128}","[0.5592459440231323, 0.501144528388977, 0.7349358201026917, 0.6811521649360657, 0.4404581189155578]",COMPLETE
13,0.5874187469482421,2026-06-23 09:00:39.698599,2026-06-23 09:25:40.294353,0 days 00:25:00.595754,16,4,0.30000000000000004,512,2,0.09118349400779599,5.0,0.1,mean_max,0.09407874842527644,0.00017403098421868007,300,3,128,4,128,"{""batch_size"": 16, ""depth"": 4, ""dropout"": 0.30000000000000004, ""ffn_hidden_dim"": 512, ""ffn_num_layers"": 2, ""final_lr"": 1.586875320667485e-05, ""gotennet_cutoff"": 5.0, ""gotennet_lr_scale"": 0.1, ""gotennet_pooling"": ""mean_max"", ""init_lr"": 1.6372617182512455e-05, ""max_lr"": 0.00017403098421868007, ""message_hidden_dim"": 300, ""warmup_epochs"": 3, ""x_d_embed_dim"": 128, ""x_d_encoder_heads"": 4, ""x_d_fp_groups"": 128}","[0.5704424381256104, 0.5125600695610046, 0.7405737638473511, 0.6794523596763611, 0.4340651035308838]",COMPLETE
14,0.5925036668777466,2026-06-23 09:25:40.300654,2026-06-23 09:51:36.213361,0 days 00:25:55.912707,16,4,0.30000000000000004,512,2,0.08974435490801998,4.0,0.1,mean_max,0.10089967750658757,8.50583403448062e-05,300,3,128,4,128,"{""batch_size"": 16, ""depth"": 4, ""dropout"": 0.30000000000000004, ""ffn_hidden_dim"": 512, ""ffn_num_layers"": 2, ""final_lr"": 7.633505883791442e-06, ""gotennet_cutoff"": 4.0, ""gotennet_lr_scale"": 0.1, ""gotennet_pooling"": ""mean_max"", ""init_lr"": 8.582359110036513e-06, ""max_lr"": 8.50583403448062e-05, ""message_hidden_dim"": 300, ""warmup_epochs"": 3, ""x_d_embed_dim"": 128, ""x_d_encoder_heads"": 4, ""x_d_fp_groups"": 128}","[0.5730332732200623, 0.5153408646583557, 0.7403116226196289, 0.6847384572029114, 0.4490941166877746]",COMPLETE
15,0.5939513385295868,2026-06-23 09:51:36.219369,2026-06-23 10:17:20.681562,0 days 00:25:44.462193,16,4,0.30000000000000004,512,2,0.093537206232289,5.0,0.1,mean_max,0.09910884462512334,5.093376760668415e-05,300,3,128,4,128,"{""batch_size"": 16, ""depth"": 4, ""dropout"": 0.30000000000000004, ""ffn_hidden_dim"": 512, ""ffn_num_layers"": 2, ""final_lr"": 4.764202324813897e-06, ""gotennet_cutoff"": 5.0, ""gotennet_lr_scale"": 0.1, ""gotennet_pooling"": ""mean_max"", ""init_lr"": 5.0479868599029995e-06, ""max_lr"": 5.093376760668415e-05, ""message_hidden_dim"": 300, ""warmup_epochs"": 3, ""x_d_embed_dim"": 128, ""x_d_encoder_heads"": 4, ""x_d_fp_groups"": 128}","[0.6070958971977234, 0.5338559150695801, 0.7210164666175842, 0.6704570055007935, 0.4373314082622528]",COMPLETE
16,0.5970146059989929,2026-06-23 10:17:20.687923,2026-06-23 10:41:05.718562,0 days 00:23:45.030639,16,4,0.25,512,2,0.11467864486652334,4.0,0.1,mean_max,0.07536930093360569,0.0003115290056399787,300,2,128,4,128,"{""batch_size"": 16, ""depth"": 4, ""dropout"": 0.25, ""ffn_hidden_dim"": 512, ""ffn_num_layers"": 2, ""final_lr"": 3.572572420340826e-05, ""gotennet_cutoff"": 4.0, ""gotennet_lr_scale"": 0.1, ""gotennet_pooling"": ""mean_max"", ""init_lr"": 2.3479723375626502e-05, ""max_lr"": 0.0003115290056399787, ""message_hidden_dim"": 300, ""warmup_epochs"": 2, ""x_d_embed_dim"": 128, ""x_d_encoder_heads"": 4, ""x_d_fp_groups"": 128}","[0.5814700126647949, 0.5084148645401001, 0.7817150354385376, 0.6938865780830383, 0.4195865392684936]",COMPLETE
17,0.5915951132774353,2026-06-23 10:41:05.725561,2026-06-23 11:04:37.420407,0 days 00:23:31.694846,16,3,0.30000000000000004,512,1,0.06395932566336048,5.0,0.1,mean_max,0.06233570721074993,9.258262395721097e-05,300,3,128,4,128,"{""batch_size"": 16, ""depth"": 3, ""dropout"": 0.30000000000000004, ""ffn_hidden_dim"": 512, ""ffn_num_layers"": 1, ""final_lr"": 5.921522196447696e-06, ""gotennet_cutoff"": 5.0, ""gotennet_lr_scale"": 0.1, ""gotennet_pooling"": ""mean_max"", ""init_lr"": 5.7712033397996654e-06, ""max_lr"": 9.258262395721097e-05, ""message_hidden_dim"": 300, ""warmup_epochs"": 3, ""x_d_embed_dim"": 128, ""x_d_encoder_heads"": 4, ""x_d_fp_groups"": 128}","[0.5891827344894409, 0.5132066607475281, 0.7371517419815063, 0.6679493188858032, 0.4504851102828979]",COMPLETE
18,0.602815717458725,2026-06-23 11:04:37.427406,2026-06-23 11:21:27.877263,0 days 00:16:50.449857,32,4,0.35,300,2,0.09554571960167196,4.0,0.3,mean,0.09261799839359339,0.00018207798114013512,600,3,128,4,64,"{""batch_size"": 32, ""depth"": 4, ""dropout"": 0.35, ""ffn_hidden_dim"": 300, ""ffn_num_layers"": 2, ""final_lr"": 1.7396771731653866e-05, ""gotennet_cutoff"": 4.0, ""gotennet_lr_scale"": 0.3, ""gotennet_pooling"": ""mean"", ""init_lr"": 1.686369816474576e-05, ""max_lr"": 0.00018207798114013512, ""message_hidden_dim"": 600, ""warmup_epochs"": 3, ""x_d_embed_dim"": 128, ""x_d_encoder_heads"": 4, ""x_d_fp_groups"": 64}","[0.5929604768753052, 0.5346993803977966, 0.765201210975647, 0.6759825944900513, 0.4452349245548248]",COMPLETE
19,0.5701793491840362,2026-06-23 11:21:27.883263,2026-06-23 11:46:41.155580,0 days 00:25:13.272317,16,4,0.30000000000000004,512,2,0.11887031128019393,5.0,0.1,mean_max,0.10820179189375087,0.00023737359280224745,300,2,128,4,128,"{""batch_size"": 16, ""depth"": 4, ""dropout"": 0.30000000000000004, ""ffn_hidden_dim"": 512, ""ffn_num_layers"": 2, ""final_lr"": 2.8216672866101157e-05, ""gotennet_cutoff"": 5.0, ""gotennet_lr_scale"": 0.1, ""gotennet_pooling"": ""mean_max"", ""init_lr"": 2.568424808946074e-05, ""max_lr"": 0.00023737359280224745, ""message_hidden_dim"": 300, ""warmup_epochs"": 2, ""x_d_embed_dim"": 128, ""x_d_encoder_heads"": 4, ""x_d_fp_groups"": 128}","[0.5560714602470398, 0.4998804628849029, 0.7229121923446655, 0.6499725580215454, 0.4220600724220276]",COMPLETE
