number,value,datetime_start,datetime_complete,duration,params_batch_size,params_depth,params_dropout,params_ffn_hidden_dim,params_ffn_num_layers,params_final_lr_ratio,params_gotennet_cutoff,params_gotennet_lr_scale,params_gotennet_pooling,params_init_lr_ratio,params_max_lr,params_message_hidden_dim,params_warmup_epochs,params_x_d_embed_dim,params_x_d_encoder_heads,params_x_d_fp_groups,user_attrs_params_json,user_attrs_per_seed_values,state
0,0.6015186905860901,2026-06-22 20:46:50.107642,2026-06-22 20:53:19.270977,0 days 00:06:29.163335,16,4,0.35,512,2,0.07756239476796357,5.0,0.1,mean_max,0.08775907543295038,0.00015653014388703845,300,3,128,4,128,"{""batch_size"": 16, ""depth"": 4, ""dropout"": 0.35, ""ffn_hidden_dim"": 512, ""ffn_num_layers"": 2, ""final_lr"": 1.2140852813252617e-05, ""gotennet_cutoff"": 5.0, ""gotennet_lr_scale"": 0.1, ""gotennet_pooling"": ""mean_max"", ""init_lr"": 1.3736940704913184e-05, ""max_lr"": 0.00015653014388703845, ""message_hidden_dim"": 300, ""warmup_epochs"": 3, ""x_d_embed_dim"": 128, ""x_d_encoder_heads"": 4, ""x_d_fp_groups"": 128}","[0.5965996384620667, 0.6421719193458557, 0.6236168742179871, 0.5872155427932739, 0.5579894781112671]",COMPLETE
1,0.6000166058540344,2026-06-22 20:53:19.279967,2026-06-22 20:58:26.449823,0 days 00:05:07.169856,16,4,0.25,512,2,0.08079414919250522,4.0,0.3,mean_max,0.04555029917806253,0.00025343003758733187,300,4,128,8,128,"{""batch_size"": 16, ""depth"": 4, ""dropout"": 0.25, ""ffn_hidden_dim"": 512, ""ffn_num_layers"": 2, ""final_lr"": 2.0475664266693097e-05, ""gotennet_cutoff"": 4.0, ""gotennet_lr_scale"": 0.3, ""gotennet_pooling"": ""mean_max"", ""init_lr"": 1.15438140328106e-05, ""max_lr"": 0.00025343003758733187, ""message_hidden_dim"": 300, ""warmup_epochs"": 4, ""x_d_embed_dim"": 128, ""x_d_encoder_heads"": 8, ""x_d_fp_groups"": 128}","[0.5883419513702393, 0.5771037340164185, 0.6400024890899658, 0.6438403725624084, 0.5507944822311401]",COMPLETE
2,0.5449656248092651,2026-06-22 20:58:26.455832,2026-06-22 21:02:52.114734,0 days 00:04:25.658902,32,4,0.2,512,1,0.05656627257155115,4.0,0.1,mean_max,0.04608647251321383,7.74398296013482e-05,300,4,128,8,64,"{""batch_size"": 32, ""depth"": 4, ""dropout"": 0.2, ""ffn_hidden_dim"": 512, ""ffn_num_layers"": 1, ""final_lr"": 4.3804825091243375e-06, ""gotennet_cutoff"": 4.0, ""gotennet_lr_scale"": 0.1, ""gotennet_pooling"": ""mean_max"", ""init_lr"": 3.5689285783504967e-06, ""max_lr"": 7.74398296013482e-05, ""message_hidden_dim"": 300, ""warmup_epochs"": 4, ""x_d_embed_dim"": 128, ""x_d_encoder_heads"": 8, ""x_d_fp_groups"": 64}","[0.5054024457931519, 0.5732086896896362, 0.6391997933387756, 0.5002942681312561, 0.5067229270935059]",COMPLETE
3,0.5529598951339721,2026-06-22 21:02:52.120735,2026-06-22 21:07:33.259435,0 days 00:04:41.138700,16,3,0.25,512,1,0.06693656791085276,5.0,0.1,mean_max,0.11693635609135392,6.105981923735302e-05,600,4,128,4,64,"{""batch_size"": 16, ""depth"": 3, ""dropout"": 0.25, ""ffn_hidden_dim"": 512, ""ffn_num_layers"": 1, ""final_lr"": 4.087134737005474e-06, ""gotennet_cutoff"": 5.0, ""gotennet_lr_scale"": 0.1, ""gotennet_pooling"": ""mean_max"", ""init_lr"": 7.1401127652128146e-06, ""max_lr"": 6.105981923735302e-05, ""message_hidden_dim"": 600, ""warmup_epochs"": 4, ""x_d_embed_dim"": 128, ""x_d_encoder_heads"": 4, ""x_d_fp_groups"": 64}","[0.5128886103630066, 0.5711320638656616, 0.6305987238883972, 0.5143610835075378, 0.5358189940452576]",COMPLETE
4,0.5654397249221802,2026-06-22 21:07:33.265435,2026-06-22 21:12:51.424135,0 days 00:05:18.158700,32,4,0.2,300,2,0.0549720318589522,5.0,0.1,mean_max,0.08786884660469503,6.576507718814309e-05,300,4,128,8,64,"{""batch_size"": 32, ""depth"": 4, ""dropout"": 0.2, ""ffn_hidden_dim"": 300, ""ffn_num_layers"": 2, ""final_lr"": 3.6152399183930524e-06, ""gotennet_cutoff"": 5.0, ""gotennet_lr_scale"": 0.1, ""gotennet_pooling"": ""mean_max"", ""init_lr"": 5.778701479390874e-06, ""max_lr"": 6.576507718814309e-05, ""message_hidden_dim"": 300, ""warmup_epochs"": 4, ""x_d_embed_dim"": 128, ""x_d_encoder_heads"": 8, ""x_d_fp_groups"": 64}","[0.5287800431251526, 0.6165292859077454, 0.5803909301757812, 0.5751493573188782, 0.5263490080833435]",COMPLETE
5,0.5930748462677002,2026-06-22 21:12:51.430136,2026-06-22 21:18:16.926931,0 days 00:05:25.496795,16,4,0.35,512,2,0.07575261574353705,4.0,0.1,mean_max,0.10530598488557939,0.00011403820393151987,300,3,128,4,128,"{""batch_size"": 16, ""depth"": 4, ""dropout"": 0.35, ""ffn_hidden_dim"": 512, ""ffn_num_layers"": 2, ""final_lr"": 8.638692242507541e-06, ""gotennet_cutoff"": 4.0, ""gotennet_lr_scale"": 0.1, ""gotennet_pooling"": ""mean_max"", ""init_lr"": 1.2008905379591252e-05, ""max_lr"": 0.00011403820393151987, ""message_hidden_dim"": 300, ""warmup_epochs"": 3, ""x_d_embed_dim"": 128, ""x_d_encoder_heads"": 4, ""x_d_fp_groups"": 128}","[0.5731284022331238, 0.6192902326583862, 0.6109759211540222, 0.5669421553611755, 0.5950375199317932]",COMPLETE
6,0.6094994068145752,2026-06-22 21:18:16.932931,2026-06-22 21:24:02.541209,0 days 00:05:45.608278,16,4,0.30000000000000004,300,2,0.1071078811605412,5.0,0.1,mean,0.06425381174844887,0.00019403404522845276,600,4,128,8,128,"{""batch_size"": 16, ""depth"": 4, ""dropout"": 0.30000000000000004, ""ffn_hidden_dim"": 300, ""ffn_num_layers"": 2, ""final_lr"": 2.078257545742819e-05, ""gotennet_cutoff"": 5.0, ""gotennet_lr_scale"": 0.1, ""gotennet_pooling"": ""mean"", ""init_lr"": 1.2467427014899017e-05, ""max_lr"": 0.00019403404522845276, ""message_hidden_dim"": 600, ""warmup_epochs"": 4, ""x_d_embed_dim"": 128, ""x_d_encoder_heads"": 8, ""x_d_fp_groups"": 128}","[0.6223782896995544, 0.5869693160057068, 0.6416786313056946, 0.5656744837760925, 0.6307963132858276]",COMPLETE
7,0.5758501291275024,2026-06-22 21:24:02.548207,2026-06-22 21:28:26.666740,0 days 00:04:24.118533,32,3,0.30000000000000004,300,2,0.1036166181758137,4.0,0.1,mean_max,0.08842357404360901,0.00012839847326348127,600,2,128,4,128,"{""batch_size"": 32, ""depth"": 3, ""dropout"": 0.30000000000000004, ""ffn_hidden_dim"": 300, ""ffn_num_layers"": 2, ""final_lr"": 1.3304215578499564e-05, ""gotennet_cutoff"": 4.0, ""gotennet_lr_scale"": 0.1, ""gotennet_pooling"": ""mean_max"", ""init_lr"": 1.1353451907699788e-05, ""max_lr"": 0.00012839847326348127, ""message_hidden_dim"": 600, ""warmup_epochs"": 2, ""x_d_embed_dim"": 128, ""x_d_encoder_heads"": 4, ""x_d_fp_groups"": 128}","[0.539783775806427, 0.5971226692199707, 0.6258572936058044, 0.5808966755867004, 0.5355902314186096]",COMPLETE
8,0.5886695384979248,2026-06-22 21:28:26.673050,2026-06-22 21:33:48.701914,0 days 00:05:22.028864,32,4,0.2,300,1,0.07204797623653346,5.0,0.3,mean,0.07852287614241282,0.0003488585019780636,600,4,128,8,128,"{""batch_size"": 32, ""depth"": 4, ""dropout"": 0.2, ""ffn_hidden_dim"": 300, ""ffn_num_layers"": 1, ""final_lr"": 2.513454906042819e-05, ""gotennet_cutoff"": 5.0, ""gotennet_lr_scale"": 0.3, ""gotennet_pooling"": ""mean"", ""init_lr"": 2.739337294205117e-05, ""max_lr"": 0.0003488585019780636, ""message_hidden_dim"": 600, ""warmup_epochs"": 4, ""x_d_embed_dim"": 128, ""x_d_encoder_heads"": 8, ""x_d_fp_groups"": 128}","[0.5774911642074585, 0.5974761843681335, 0.6380490660667419, 0.5937281847000122, 0.5366030931472778]",COMPLETE
9,0.6156452059745788,2026-06-22 21:33:48.707914,2026-06-22 21:38:57.147843,0 days 00:05:08.439929,16,3,0.2,512,2,0.10712255528821008,4.0,0.3,mean,0.07212292603603178,0.00012843964063896302,300,4,128,4,64,"{""batch_size"": 16, ""depth"": 3, ""dropout"": 0.2, ""ffn_hidden_dim"": 512, ""ffn_num_layers"": 2, ""final_lr"": 1.3758782505545149e-05, ""gotennet_cutoff"": 4.0, ""gotennet_lr_scale"": 0.3, ""gotennet_pooling"": ""mean"", ""init_lr"": 9.26344270189843e-06, ""max_lr"": 0.00012843964063896302, ""message_hidden_dim"": 300, ""warmup_epochs"": 4, ""x_d_embed_dim"": 128, ""x_d_encoder_heads"": 4, ""x_d_fp_groups"": 64}","[0.5862541794776917, 0.6290767788887024, 0.6350822448730469, 0.6167258620262146, 0.6110869646072388]",COMPLETE
10,0.556892454624176,2026-06-22 21:38:57.154851,2026-06-22 21:42:41.254643,0 days 00:03:44.099792,16,3,0.25,512,1,0.04092316774499409,4.0,0.3,mean,0.057503978819193335,8.86245276693055e-05,300,2,128,4,64,"{""batch_size"": 16, ""depth"": 3, ""dropout"": 0.25, ""ffn_hidden_dim"": 512, ""ffn_num_layers"": 1, ""final_lr"": 3.626796412131859e-06, ""gotennet_cutoff"": 4.0, ""gotennet_lr_scale"": 0.3, ""gotennet_pooling"": ""mean"", ""init_lr"": 5.096262961956757e-06, ""max_lr"": 8.86245276693055e-05, ""message_hidden_dim"": 300, ""warmup_epochs"": 2, ""x_d_embed_dim"": 128, ""x_d_encoder_heads"": 4, ""x_d_fp_groups"": 64}","[0.5597979426383972, 0.5731325745582581, 0.6098862290382385, 0.508575439453125, 0.5330700874328613]",COMPLETE
11,0.6003941416740417,2026-06-22 21:42:41.260646,2026-06-22 21:47:46.180306,0 days 00:05:04.919660,16,3,0.30000000000000004,300,2,0.115635826645328,5.0,0.3,mean,0.06423832423654657,0.00017723259688480594,600,3,128,8,64,"{""batch_size"": 16, ""depth"": 3, ""dropout"": 0.30000000000000004, ""ffn_hidden_dim"": 300, ""ffn_num_layers"": 2, ""final_lr"": 2.049443784927272e-05, ""gotennet_cutoff"": 5.0, ""gotennet_lr_scale"": 0.3, ""gotennet_pooling"": ""mean"", ""init_lr"": 1.138512502397132e-05, ""max_lr"": 0.00017723259688480594, ""message_hidden_dim"": 600, ""warmup_epochs"": 3, ""x_d_embed_dim"": 128, ""x_d_encoder_heads"": 8, ""x_d_fp_groups"": 64}","[0.5952042937278748, 0.6141336560249329, 0.6634516716003418, 0.5831518769264221, 0.5460292100906372]",COMPLETE
12,0.6343918800354004,2026-06-22 21:47:46.187315,2026-06-22 21:53:35.390474,0 days 00:05:49.203159,16,3,0.30000000000000004,300,2,0.09716272772918827,4.0,0.3,mean,0.06423838335374456,0.00022679153935020418,600,3,128,8,128,"{""batch_size"": 16, ""depth"": 3, ""dropout"": 0.30000000000000004, ""ffn_hidden_dim"": 300, ""ffn_num_layers"": 2, ""final_lr"": 2.2035684589167376e-05, ""gotennet_cutoff"": 4.0, ""gotennet_lr_scale"": 0.3, ""gotennet_pooling"": ""mean"", ""init_lr"": 1.456872184616426e-05, ""max_lr"": 0.00022679153935020418, ""message_hidden_dim"": 600, ""warmup_epochs"": 3, ""x_d_embed_dim"": 128, ""x_d_encoder_heads"": 8, ""x_d_fp_groups"": 128}","[0.6126699447631836, 0.6060569882392883, 0.6754646897315979, 0.6455907225608826, 0.6321770548820496]",COMPLETE
13,0.6296076774597168,2026-06-22 21:53:35.397464,2026-06-22 21:58:11.658879,0 days 00:04:36.261415,16,3,0.25,300,2,0.09237831504595409,4.0,0.3,mean,0.05578344729963079,0.0003142247554062778,600,3,128,4,64,"{""batch_size"": 16, ""depth"": 3, ""dropout"": 0.25, ""ffn_hidden_dim"": 300, ""ffn_num_layers"": 2, ""final_lr"": 2.9027553450158995e-05, ""gotennet_cutoff"": 4.0, ""gotennet_lr_scale"": 0.3, ""gotennet_pooling"": ""mean"", ""init_lr"": 1.7528540083445474e-05, ""max_lr"": 0.0003142247554062778, ""message_hidden_dim"": 600, ""warmup_epochs"": 3, ""x_d_embed_dim"": 128, ""x_d_encoder_heads"": 4, ""x_d_fp_groups"": 64}","[0.623259961605072, 0.6148690581321716, 0.6962838172912598, 0.644077479839325, 0.5695480704307556]",COMPLETE
14,0.6165280699729919,2026-06-22 21:58:11.664869,2026-06-22 22:02:59.351826,0 days 00:04:47.686957,16,3,0.30000000000000004,300,2,0.09001133449321085,4.0,0.3,mean,0.05290087182454371,0.0003873061174206106,600,3,128,4,128,"{""batch_size"": 16, ""depth"": 3, ""dropout"": 0.30000000000000004, ""ffn_hidden_dim"": 300, ""ffn_num_layers"": 2, ""final_lr"": 3.4861940486413375e-05, ""gotennet_cutoff"": 4.0, ""gotennet_lr_scale"": 0.3, ""gotennet_pooling"": ""mean"", ""init_lr"": 2.0488831274529396e-05, ""max_lr"": 0.0003873061174206106, ""message_hidden_dim"": 600, ""warmup_epochs"": 3, ""x_d_embed_dim"": 128, ""x_d_encoder_heads"": 4, ""x_d_fp_groups"": 128}","[0.5965622067451477, 0.6104485988616943, 0.6864655613899231, 0.6209259629249573, 0.5682380199432373]",COMPLETE
15,0.6103966712951661,2026-06-22 22:02:59.358833,2026-06-22 22:07:52.155701,0 days 00:04:52.796868,16,3,0.25,300,2,0.0919279841216046,4.0,0.3,mean,0.04008701679857075,0.0002560245614662486,600,3,128,8,64,"{""batch_size"": 16, ""depth"": 3, ""dropout"": 0.25, ""ffn_hidden_dim"": 300, ""ffn_num_layers"": 2, ""final_lr"": 2.3535821821210084e-05, ""gotennet_cutoff"": 4.0, ""gotennet_lr_scale"": 0.3, ""gotennet_pooling"": ""mean"", ""init_lr"": 1.0263260896344216e-05, ""max_lr"": 0.0002560245614662486, ""message_hidden_dim"": 600, ""warmup_epochs"": 3, ""x_d_embed_dim"": 128, ""x_d_encoder_heads"": 8, ""x_d_fp_groups"": 64}","[0.596413254737854, 0.61325603723526, 0.6680073142051697, 0.5949102640151978, 0.5793964862823486]",COMPLETE
16,0.6409265995025635,2026-06-22 22:07:52.161707,2026-06-22 22:13:38.822725,0 days 00:05:46.661018,16,3,0.30000000000000004,300,2,0.09154609046896157,4.0,0.3,mean,0.055458020122580116,0.00027374464313773076,600,2,128,4,64,"{""batch_size"": 16, ""depth"": 3, ""dropout"": 0.30000000000000004, ""ffn_hidden_dim"": 300, ""ffn_num_layers"": 2, ""final_lr"": 2.5060251866080303e-05, ""gotennet_cutoff"": 4.0, ""gotennet_lr_scale"": 0.3, ""gotennet_pooling"": ""mean"", ""init_lr"": 1.5181335927580785e-05, ""max_lr"": 0.00027374464313773076, ""message_hidden_dim"": 600, ""warmup_epochs"": 2, ""x_d_embed_dim"": 128, ""x_d_encoder_heads"": 4, ""x_d_fp_groups"": 64}","[0.667181670665741, 0.621181845664978, 0.6458835005760193, 0.6589670777320862, 0.6114189028739929]",COMPLETE
17,0.5935433387756348,2026-06-22 22:13:38.829725,2026-06-22 22:18:15.102785,0 days 00:04:36.273060,16,3,0.35,300,1,0.11849773077066764,4.0,0.3,mean,0.06598705447264956,0.00022887273859234907,600,2,128,8,128,"{""batch_size"": 16, ""depth"": 3, ""dropout"": 0.35, ""ffn_hidden_dim"": 300, ""ffn_num_layers"": 1, ""final_lr"": 2.7120900158461572e-05, ""gotennet_cutoff"": 4.0, ""gotennet_lr_scale"": 0.3, ""gotennet_pooling"": ""mean"", ""init_lr"": 1.5102637868797821e-05, ""max_lr"": 0.00022887273859234907, ""message_hidden_dim"": 600, ""warmup_epochs"": 2, ""x_d_embed_dim"": 128, ""x_d_encoder_heads"": 8, ""x_d_fp_groups"": 128}","[0.6184308528900146, 0.6383621096611023, 0.6015139222145081, 0.5489124655723572, 0.5604973435401917]",COMPLETE
18,0.601365041732788,2026-06-22 22:18:15.108784,2026-06-22 22:22:29.265010,0 days 00:04:14.156226,32,3,0.30000000000000004,300,2,0.06216144837320984,4.0,0.3,mean,0.05035605190050485,0.00030394107476685607,600,2,128,8,64,"{""batch_size"": 32, ""depth"": 3, ""dropout"": 0.30000000000000004, ""ffn_hidden_dim"": 300, ""ffn_num_layers"": 2, ""final_lr"": 1.8893417427617835e-05, ""gotennet_cutoff"": 4.0, ""gotennet_lr_scale"": 0.3, ""gotennet_pooling"": ""mean"", ""init_lr"": 1.530527253565503e-05, ""max_lr"": 0.00030394107476685607, ""message_hidden_dim"": 600, ""warmup_epochs"": 2, ""x_d_embed_dim"": 128, ""x_d_encoder_heads"": 8, ""x_d_fp_groups"": 64}","[0.6041897535324097, 0.5850194692611694, 0.6741406321525574, 0.5928472280502319, 0.550628125667572]",COMPLETE
19,0.6221409201622009,2026-06-22 22:22:29.271009,2026-06-22 22:27:32.095689,0 days 00:05:02.824680,16,3,0.35,300,2,0.08521990378316792,4.0,0.3,mean,0.05986445452556696,0.00020833348745546133,600,2,128,4,128,"{""batch_size"": 16, ""depth"": 3, ""dropout"": 0.35, ""ffn_hidden_dim"": 300, ""ffn_num_layers"": 2, ""final_lr"": 1.7754159755766236e-05, ""gotennet_cutoff"": 4.0, ""gotennet_lr_scale"": 0.3, ""gotennet_pooling"": ""mean"", ""init_lr"": 1.247177058593024e-05, ""max_lr"": 0.00020833348745546133, ""message_hidden_dim"": 600, ""warmup_epochs"": 2, ""x_d_embed_dim"": 128, ""x_d_encoder_heads"": 4, ""x_d_fp_groups"": 128}","[0.6061951518058777, 0.5967524647712708, 0.6974166035652161, 0.6340951323509216, 0.5762452483177185]",COMPLETE
