number,value,datetime_start,datetime_complete,duration,params_batch_size,params_depth,params_dropout,params_ffn_hidden_dim,params_ffn_num_layers,params_final_lr_ratio,params_gotennet_cutoff,params_gotennet_lr_scale,params_gotennet_pooling,params_init_lr_ratio,params_max_lr,params_message_hidden_dim,params_warmup_epochs,params_x_d_embed_dim,params_x_d_encoder_heads,params_x_d_fp_groups,user_attrs_params_json,user_attrs_per_seed_values,state
0,0.8868734478950501,2026-06-21 09:47:11.067092,2026-06-21 10:40:29.714755,0 days 00:53:18.647663,16,4,0.35,512,2,0.07756239476796357,5.0,0.1,mean_max,0.08775907543295038,0.00015653014388703845,300,3,128,4,128,"{""batch_size"": 16, ""depth"": 4, ""dropout"": 0.35, ""ffn_hidden_dim"": 512, ""ffn_num_layers"": 2, ""final_lr"": 1.2140852813252617e-05, ""gotennet_cutoff"": 5.0, ""gotennet_lr_scale"": 0.1, ""gotennet_pooling"": ""mean_max"", ""init_lr"": 1.3736940704913184e-05, ""max_lr"": 0.00015653014388703845, ""message_hidden_dim"": 300, ""warmup_epochs"": 3, ""x_d_embed_dim"": 128, ""x_d_encoder_heads"": 4, ""x_d_fp_groups"": 128}","[0.902483344078064, 0.8794397711753845, 0.8688312768936157, 0.8754280805587769, 0.9081847667694092]",COMPLETE
1,0.8852875828742981,2026-06-21 10:40:29.721619,2026-06-21 11:19:14.438494,0 days 00:38:44.716875,16,4,0.25,512,2,0.08079414919250522,4.0,0.3,mean_max,0.04555029917806253,0.00025343003758733187,300,4,128,8,128,"{""batch_size"": 16, ""depth"": 4, ""dropout"": 0.25, ""ffn_hidden_dim"": 512, ""ffn_num_layers"": 2, ""final_lr"": 2.0475664266693097e-05, ""gotennet_cutoff"": 4.0, ""gotennet_lr_scale"": 0.3, ""gotennet_pooling"": ""mean_max"", ""init_lr"": 1.15438140328106e-05, ""max_lr"": 0.00025343003758733187, ""message_hidden_dim"": 300, ""warmup_epochs"": 4, ""x_d_embed_dim"": 128, ""x_d_encoder_heads"": 8, ""x_d_fp_groups"": 128}","[0.8980635404586792, 0.8790229558944702, 0.8697065114974976, 0.8719713687896729, 0.9076735377311708]",COMPLETE
2,0.8823043465614319,2026-06-21 11:19:14.449133,2026-06-21 11:51:16.063691,0 days 00:32:01.614558,32,4,0.2,512,1,0.05656627257155115,4.0,0.1,mean_max,0.04608647251321383,7.74398296013482e-05,300,4,128,8,64,"{""batch_size"": 32, ""depth"": 4, ""dropout"": 0.2, ""ffn_hidden_dim"": 512, ""ffn_num_layers"": 1, ""final_lr"": 4.3804825091243375e-06, ""gotennet_cutoff"": 4.0, ""gotennet_lr_scale"": 0.1, ""gotennet_pooling"": ""mean_max"", ""init_lr"": 3.5689285783504967e-06, ""max_lr"": 7.74398296013482e-05, ""message_hidden_dim"": 300, ""warmup_epochs"": 4, ""x_d_embed_dim"": 128, ""x_d_encoder_heads"": 8, ""x_d_fp_groups"": 64}","[0.898867130279541, 0.8761475682258606, 0.86103755235672, 0.8728819489479065, 0.9025875329971312]",COMPLETE
3,0.8859302282333374,2026-06-21 11:51:16.070203,2026-06-21 12:30:27.864563,0 days 00:39:11.794360,16,3,0.25,512,1,0.06693656791085276,5.0,0.1,mean_max,0.11693635609135392,6.105981923735302e-05,600,4,128,4,64,"{""batch_size"": 16, ""depth"": 3, ""dropout"": 0.25, ""ffn_hidden_dim"": 512, ""ffn_num_layers"": 1, ""final_lr"": 4.087134737005474e-06, ""gotennet_cutoff"": 5.0, ""gotennet_lr_scale"": 0.1, ""gotennet_pooling"": ""mean_max"", ""init_lr"": 7.1401127652128146e-06, ""max_lr"": 6.105981923735302e-05, ""message_hidden_dim"": 600, ""warmup_epochs"": 4, ""x_d_embed_dim"": 128, ""x_d_encoder_heads"": 4, ""x_d_fp_groups"": 64}","[0.9031449556350708, 0.8774697780609131, 0.8703170418739319, 0.872050940990448, 0.9066684246063232]",COMPLETE
4,0.8859153032302857,2026-06-21 12:30:27.871504,2026-06-21 13:05:46.528658,0 days 00:35:18.657154,32,4,0.2,300,2,0.0549720318589522,5.0,0.1,mean_max,0.08786884660469503,6.576507718814309e-05,300,4,128,8,64,"{""batch_size"": 32, ""depth"": 4, ""dropout"": 0.2, ""ffn_hidden_dim"": 300, ""ffn_num_layers"": 2, ""final_lr"": 3.6152399183930524e-06, ""gotennet_cutoff"": 5.0, ""gotennet_lr_scale"": 0.1, ""gotennet_pooling"": ""mean_max"", ""init_lr"": 5.778701479390874e-06, ""max_lr"": 6.576507718814309e-05, ""message_hidden_dim"": 300, ""warmup_epochs"": 4, ""x_d_embed_dim"": 128, ""x_d_encoder_heads"": 8, ""x_d_fp_groups"": 64}","[0.8952690362930298, 0.8783725500106812, 0.87357497215271, 0.8756829500198364, 0.9066770076751708]",COMPLETE
5,0.8868984937667846,2026-06-21 13:05:46.539210,2026-06-21 14:00:02.929519,0 days 00:54:16.390309,16,4,0.35,512,2,0.07575261574353705,4.0,0.1,mean_max,0.10530598488557939,0.00011403820393151987,300,3,128,4,128,"{""batch_size"": 16, ""depth"": 4, ""dropout"": 0.35, ""ffn_hidden_dim"": 512, ""ffn_num_layers"": 2, ""final_lr"": 8.638692242507541e-06, ""gotennet_cutoff"": 4.0, ""gotennet_lr_scale"": 0.1, ""gotennet_pooling"": ""mean_max"", ""init_lr"": 1.2008905379591252e-05, ""max_lr"": 0.00011403820393151987, ""message_hidden_dim"": 300, ""warmup_epochs"": 3, ""x_d_embed_dim"": 128, ""x_d_encoder_heads"": 4, ""x_d_fp_groups"": 128}","[0.903688669204712, 0.8814018368721008, 0.8677749633789062, 0.8735111951828003, 0.908115804195404]",COMPLETE
6,0.8841794013977051,2026-06-21 14:00:02.945136,2026-06-21 15:06:54.589051,0 days 01:06:51.643915,16,4,0.30000000000000004,300,2,0.1071078811605412,5.0,0.1,mean,0.06425381174844887,0.00019403404522845276,600,4,128,8,128,"{""batch_size"": 16, ""depth"": 4, ""dropout"": 0.30000000000000004, ""ffn_hidden_dim"": 300, ""ffn_num_layers"": 2, ""final_lr"": 2.078257545742819e-05, ""gotennet_cutoff"": 5.0, ""gotennet_lr_scale"": 0.1, ""gotennet_pooling"": ""mean"", ""init_lr"": 1.2467427014899017e-05, ""max_lr"": 0.00019403404522845276, ""message_hidden_dim"": 600, ""warmup_epochs"": 4, ""x_d_embed_dim"": 128, ""x_d_encoder_heads"": 8, ""x_d_fp_groups"": 128}","[0.9011963605880736, 0.8772069215774536, 0.8670185804367065, 0.8700358867645264, 0.9054392576217652]",COMPLETE
7,0.8848976612091064,2026-06-21 15:06:54.594162,2026-06-21 15:39:29.847154,0 days 00:32:35.252992,32,3,0.30000000000000004,300,2,0.1036166181758137,4.0,0.1,mean_max,0.08842357404360901,0.00012839847326348127,600,2,128,4,128,"{""batch_size"": 32, ""depth"": 3, ""dropout"": 0.30000000000000004, ""ffn_hidden_dim"": 300, ""ffn_num_layers"": 2, ""final_lr"": 1.3304215578499564e-05, ""gotennet_cutoff"": 4.0, ""gotennet_lr_scale"": 0.1, ""gotennet_pooling"": ""mean_max"", ""init_lr"": 1.1353451907699788e-05, ""max_lr"": 0.00012839847326348127, ""message_hidden_dim"": 600, ""warmup_epochs"": 2, ""x_d_embed_dim"": 128, ""x_d_encoder_heads"": 4, ""x_d_fp_groups"": 128}","[0.9001147747039795, 0.8789247274398804, 0.8662054538726807, 0.8726323843002319, 0.9066109657287598]",COMPLETE
8,0.8820713281631469,2026-06-21 15:39:29.847154,2026-06-21 16:14:57.914510,0 days 00:35:28.067356,32,4,0.2,300,1,0.07204797623653346,5.0,0.3,mean,0.07852287614241282,0.0003488585019780636,600,4,128,8,128,"{""batch_size"": 32, ""depth"": 4, ""dropout"": 0.2, ""ffn_hidden_dim"": 300, ""ffn_num_layers"": 1, ""final_lr"": 2.513454906042819e-05, ""gotennet_cutoff"": 5.0, ""gotennet_lr_scale"": 0.3, ""gotennet_pooling"": ""mean"", ""init_lr"": 2.739337294205117e-05, ""max_lr"": 0.0003488585019780636, ""message_hidden_dim"": 600, ""warmup_epochs"": 4, ""x_d_embed_dim"": 128, ""x_d_encoder_heads"": 8, ""x_d_fp_groups"": 128}","[0.8921633958816528, 0.8806875944137573, 0.8646818399429321, 0.869268536567688, 0.9035552740097046]",COMPLETE
9,0.8855891942977905,2026-06-21 16:14:57.925353,2026-06-21 17:14:35.967609,0 days 00:59:38.042256,16,3,0.2,512,2,0.10712255528821008,4.0,0.3,mean,0.07212292603603178,0.00012843964063896302,300,4,128,4,64,"{""batch_size"": 16, ""depth"": 3, ""dropout"": 0.2, ""ffn_hidden_dim"": 512, ""ffn_num_layers"": 2, ""final_lr"": 1.3758782505545149e-05, ""gotennet_cutoff"": 4.0, ""gotennet_lr_scale"": 0.3, ""gotennet_pooling"": ""mean"", ""init_lr"": 9.26344270189843e-06, ""max_lr"": 0.00012843964063896302, ""message_hidden_dim"": 300, ""warmup_epochs"": 4, ""x_d_embed_dim"": 128, ""x_d_encoder_heads"": 4, ""x_d_fp_groups"": 64}","[0.9005317091941833, 0.8821585178375244, 0.8684989809989929, 0.8682676553726196, 0.9084891080856324]",COMPLETE
10,0.8866320252418518,2026-06-21 17:14:35.975029,2026-06-21 17:54:18.767817,0 days 00:39:42.792788,16,3,0.35,512,1,0.04092316774499409,4.0,0.3,mean,0.11733669403881783,0.00010251299010892217,300,2,128,4,128,"{""batch_size"": 16, ""depth"": 3, ""dropout"": 0.35, ""ffn_hidden_dim"": 512, ""ffn_num_layers"": 1, ""final_lr"": 4.195156290268342e-06, ""gotennet_cutoff"": 4.0, ""gotennet_lr_scale"": 0.3, ""gotennet_pooling"": ""mean"", ""init_lr"": 1.202853535541496e-05, ""max_lr"": 0.00010251299010892217, ""message_hidden_dim"": 300, ""warmup_epochs"": 2, ""x_d_embed_dim"": 128, ""x_d_encoder_heads"": 4, ""x_d_fp_groups"": 128}","[0.904283881187439, 0.8803079724311829, 0.8691338300704956, 0.8694491386413574, 0.9099853038787842]",COMPLETE
11,0.8876365661621094,2026-06-21 17:54:18.775424,2026-06-21 18:39:37.329726,0 days 00:45:18.554302,16,4,0.35,512,2,0.08671608592354779,5.0,0.1,mean_max,0.09921297028034413,0.00017723259688480594,300,3,128,4,128,"{""batch_size"": 16, ""depth"": 4, ""dropout"": 0.35, ""ffn_hidden_dim"": 512, ""ffn_num_layers"": 2, ""final_lr"": 1.536891709991634e-05, ""gotennet_cutoff"": 5.0, ""gotennet_lr_scale"": 0.1, ""gotennet_pooling"": ""mean_max"", ""init_lr"": 1.7583772367440466e-05, ""max_lr"": 0.00017723259688480594, ""message_hidden_dim"": 300, ""warmup_epochs"": 3, ""x_d_embed_dim"": 128, ""x_d_encoder_heads"": 4, ""x_d_fp_groups"": 128}","[0.9022990465164183, 0.883427619934082, 0.8709869384765625, 0.8739306926727295, 0.9075385332107544]",COMPLETE
12,0.8845970630645752,2026-06-21 18:39:37.337235,2026-06-21 19:17:57.985930,0 days 00:38:20.648695,16,4,0.35,512,2,0.09002208323409089,4.0,0.1,mean_max,0.10386405223764539,0.00019771956287936577,300,3,128,4,128,"{""batch_size"": 16, ""depth"": 4, ""dropout"": 0.35, ""ffn_hidden_dim"": 512, ""ffn_num_layers"": 2, ""final_lr"": 1.7799126946534333e-05, ""gotennet_cutoff"": 4.0, ""gotennet_lr_scale"": 0.1, ""gotennet_pooling"": ""mean_max"", ""init_lr"": 2.0535955007306857e-05, ""max_lr"": 0.00019771956287936577, ""message_hidden_dim"": 300, ""warmup_epochs"": 3, ""x_d_embed_dim"": 128, ""x_d_encoder_heads"": 4, ""x_d_fp_groups"": 128}","[0.8975439071655273, 0.8801460266113281, 0.8668619394302368, 0.8707340955734253, 0.9076993465423584]",COMPLETE
13,0.8864226341247559,2026-06-21 19:17:57.992252,2026-06-21 19:56:37.920323,0 days 00:38:39.928071,16,4,0.30000000000000004,512,2,0.09060043478686472,5.0,0.1,mean_max,0.10220894033151962,9.463803891607232e-05,300,3,128,4,128,"{""batch_size"": 16, ""depth"": 4, ""dropout"": 0.30000000000000004, ""ffn_hidden_dim"": 512, ""ffn_num_layers"": 2, ""final_lr"": 8.574247473172376e-06, ""gotennet_cutoff"": 5.0, ""gotennet_lr_scale"": 0.1, ""gotennet_pooling"": ""mean_max"", ""init_lr"": 9.672853672664867e-06, ""max_lr"": 9.463803891607232e-05, ""message_hidden_dim"": 300, ""warmup_epochs"": 3, ""x_d_embed_dim"": 128, ""x_d_encoder_heads"": 4, ""x_d_fp_groups"": 128}","[0.8992719650268555, 0.8806955814361572, 0.8674724102020264, 0.8724837303161621, 0.912189483642578]",COMPLETE
14,0.8844112873077392,2026-06-21 19:56:37.926324,2026-06-21 20:36:26.113938,0 days 00:39:48.187614,16,4,0.35,512,2,0.06129428908382966,5.0,0.1,mean_max,0.05824354066873361,0.0002928530728252456,300,3,128,4,128,"{""batch_size"": 16, ""depth"": 4, ""dropout"": 0.35, ""ffn_hidden_dim"": 512, ""ffn_num_layers"": 2, ""final_lr"": 1.7950220904838424e-05, ""gotennet_cutoff"": 5.0, ""gotennet_lr_scale"": 0.1, ""gotennet_pooling"": ""mean_max"", ""init_lr"": 1.7056799857060797e-05, ""max_lr"": 0.0002928530728252456, ""message_hidden_dim"": 300, ""warmup_epochs"": 3, ""x_d_embed_dim"": 128, ""x_d_encoder_heads"": 4, ""x_d_fp_groups"": 128}","[0.8967312574386597, 0.8821080923080444, 0.8656408786773682, 0.8706464767456055, 0.9069297313690186]",COMPLETE
15,0.8888468503952026,2026-06-21 20:36:26.119938,2026-06-21 21:15:13.180572,0 days 00:38:47.060634,16,4,0.30000000000000004,512,2,0.046960600786183276,4.0,0.1,mean_max,0.10017819912765144,5.093376760668415e-05,300,3,128,4,128,"{""batch_size"": 16, ""depth"": 4, ""dropout"": 0.30000000000000004, ""ffn_hidden_dim"": 512, ""ffn_num_layers"": 2, ""final_lr"": 2.391880327113728e-06, ""gotennet_cutoff"": 4.0, ""gotennet_lr_scale"": 0.1, ""gotennet_pooling"": ""mean_max"", ""init_lr"": 5.102453113623927e-06, ""max_lr"": 5.093376760668415e-05, ""message_hidden_dim"": 300, ""warmup_epochs"": 3, ""x_d_embed_dim"": 128, ""x_d_encoder_heads"": 4, ""x_d_fp_groups"": 128}","[0.9054197669029236, 0.8816248774528503, 0.8713381290435791, 0.8768512010574341, 0.909000277519226]",COMPLETE
16,0.8871294021606445,2026-06-21 21:15:13.189082,2026-06-21 21:54:43.496863,0 days 00:39:30.307781,16,4,0.30000000000000004,512,2,0.041968526207722165,4.0,0.1,mean_max,0.09547287495759131,5.4989383987062326e-05,300,2,128,4,128,"{""batch_size"": 16, ""depth"": 4, ""dropout"": 0.30000000000000004, ""ffn_hidden_dim"": 512, ""ffn_num_layers"": 2, ""final_lr"": 2.307823403007523e-06, ""gotennet_cutoff"": 4.0, ""gotennet_lr_scale"": 0.1, ""gotennet_pooling"": ""mean_max"", ""init_lr"": 5.249994581391775e-06, ""max_lr"": 5.4989383987062326e-05, ""message_hidden_dim"": 300, ""warmup_epochs"": 2, ""x_d_embed_dim"": 128, ""x_d_encoder_heads"": 4, ""x_d_fp_groups"": 128}","[0.9045073986053468, 0.8777406215667725, 0.8698091506958008, 0.8755688071250916, 0.9080210328102112]",COMPLETE
17,0.8848636984825134,2026-06-21 21:54:43.503369,2026-06-21 22:33:38.097897,0 days 00:38:54.594528,16,3,0.25,512,1,0.047446921201025234,5.0,0.1,mean_max,0.07695194369779261,0.0003999029290343411,300,3,128,4,128,"{""batch_size"": 16, ""depth"": 3, ""dropout"": 0.25, ""ffn_hidden_dim"": 512, ""ffn_num_layers"": 1, ""final_lr"": 1.897416276195157e-05, ""gotennet_cutoff"": 5.0, ""gotennet_lr_scale"": 0.1, ""gotennet_pooling"": ""mean_max"", ""init_lr"": 3.077330767963297e-05, ""max_lr"": 0.0003999029290343411, ""message_hidden_dim"": 300, ""warmup_epochs"": 3, ""x_d_embed_dim"": 128, ""x_d_encoder_heads"": 4, ""x_d_fp_groups"": 128}","[0.8994441628456116, 0.8810274600982666, 0.865781307220459, 0.8708429336547852, 0.9072226285934448]",COMPLETE
18,0.887969148159027,2026-06-21 22:33:38.103893,2026-06-21 23:03:05.264143,0 days 00:29:27.160250,32,4,0.30000000000000004,300,2,0.0472281861420688,5.0,0.3,mean,0.04002723068938823,8.12896481745547e-05,600,3,128,4,64,"{""batch_size"": 32, ""depth"": 4, ""dropout"": 0.30000000000000004, ""ffn_hidden_dim"": 300, ""ffn_num_layers"": 2, ""final_lr"": 3.839162635411153e-06, ""gotennet_cutoff"": 5.0, ""gotennet_lr_scale"": 0.3, ""gotennet_pooling"": ""mean"", ""init_lr"": 3.253799500142108e-06, ""max_lr"": 8.12896481745547e-05, ""message_hidden_dim"": 600, ""warmup_epochs"": 3, ""x_d_embed_dim"": 128, ""x_d_encoder_heads"": 4, ""x_d_fp_groups"": 64}","[0.902649462223053, 0.8810062408447266, 0.8681666851043701, 0.8786008358001709, 0.9094225168228148]",COMPLETE
19,0.8875883340835571,2026-06-21 23:03:05.271148,2026-06-21 23:30:02.165773,0 days 00:26:56.894625,32,4,0.30000000000000004,300,2,0.04833943189308609,4.0,0.3,mean,0.0525366286161451,7.982967807247538e-05,600,2,128,4,64,"{""batch_size"": 32, ""depth"": 4, ""dropout"": 0.30000000000000004, ""ffn_hidden_dim"": 300, ""ffn_num_layers"": 2, ""final_lr"": 3.858921286231412e-06, ""gotennet_cutoff"": 4.0, ""gotennet_lr_scale"": 0.3, ""gotennet_pooling"": ""mean"", ""init_lr"": 4.193982149440061e-06, ""max_lr"": 7.982967807247538e-05, ""message_hidden_dim"": 600, ""warmup_epochs"": 2, ""x_d_embed_dim"": 128, ""x_d_encoder_heads"": 4, ""x_d_fp_groups"": 64}","[0.905298948287964, 0.8812531232833862, 0.8666403889656067, 0.8760361075401306, 0.9087131023406982]",COMPLETE
