number,value,datetime_start,datetime_complete,duration,params_batch_size,params_depth,params_dropout,params_ffn_hidden_dim,params_ffn_num_layers,params_final_lr_ratio,params_gotennet_cutoff,params_gotennet_lr_scale,params_gotennet_pooling,params_init_lr_ratio,params_max_lr,params_message_hidden_dim,params_warmup_epochs,params_x_d_embed_dim,params_x_d_encoder_heads,params_x_d_fp_groups,user_attrs_params_json,user_attrs_per_seed_values,state
0,0.40400835275650027,2026-06-22 23:38:36.384189,2026-06-22 23:47:02.394853,0 days 00:08:26.010664,16,4,0.35,512,2,0.07756239476796357,5.0,0.1,mean_max,0.08775907543295038,0.00015653014388703845,300,3,128,4,128,"{""batch_size"": 16, ""depth"": 4, ""dropout"": 0.35, ""ffn_hidden_dim"": 512, ""ffn_num_layers"": 2, ""final_lr"": 1.2140852813252617e-05, ""gotennet_cutoff"": 5.0, ""gotennet_lr_scale"": 0.1, ""gotennet_pooling"": ""mean_max"", ""init_lr"": 1.3736940704913184e-05, ""max_lr"": 0.00015653014388703845, ""message_hidden_dim"": 300, ""warmup_epochs"": 3, ""x_d_embed_dim"": 128, ""x_d_encoder_heads"": 4, ""x_d_fp_groups"": 128}","[0.5550554990768433, 0.4526563286781311, 0.2072942554950714, 0.4124760627746582, 0.3925596177577972]",COMPLETE
1,0.41602657437324525,2026-06-22 23:47:02.403853,2026-06-22 23:53:25.147410,0 days 00:06:22.743557,16,4,0.25,512,2,0.08079414919250522,4.0,0.3,mean_max,0.04555029917806253,0.00025343003758733187,300,4,128,8,128,"{""batch_size"": 16, ""depth"": 4, ""dropout"": 0.25, ""ffn_hidden_dim"": 512, ""ffn_num_layers"": 2, ""final_lr"": 2.0475664266693097e-05, ""gotennet_cutoff"": 4.0, ""gotennet_lr_scale"": 0.3, ""gotennet_pooling"": ""mean_max"", ""init_lr"": 1.15438140328106e-05, ""max_lr"": 0.00025343003758733187, ""message_hidden_dim"": 300, ""warmup_epochs"": 4, ""x_d_embed_dim"": 128, ""x_d_encoder_heads"": 8, ""x_d_fp_groups"": 128}","[0.5426044464111328, 0.4711152613162994, 0.2679142653942108, 0.416769802570343, 0.3817290961742401]",COMPLETE
2,0.398659685254097,2026-06-22 23:53:25.154501,2026-06-22 23:59:41.795015,0 days 00:06:16.640514,32,4,0.2,512,1,0.05656627257155115,4.0,0.1,mean_max,0.04608647251321383,7.74398296013482e-05,300,4,128,8,64,"{""batch_size"": 32, ""depth"": 4, ""dropout"": 0.2, ""ffn_hidden_dim"": 512, ""ffn_num_layers"": 1, ""final_lr"": 4.3804825091243375e-06, ""gotennet_cutoff"": 4.0, ""gotennet_lr_scale"": 0.1, ""gotennet_pooling"": ""mean_max"", ""init_lr"": 3.5689285783504967e-06, ""max_lr"": 7.74398296013482e-05, ""message_hidden_dim"": 300, ""warmup_epochs"": 4, ""x_d_embed_dim"": 128, ""x_d_encoder_heads"": 8, ""x_d_fp_groups"": 64}","[0.5712555646896362, 0.3933920264244079, 0.2222069352865219, 0.4280694723129272, 0.3783744275569916]",COMPLETE
3,0.40079015493392944,2026-06-22 23:59:41.801141,2026-06-23 00:07:14.099765,0 days 00:07:32.298624,16,3,0.25,512,1,0.06693656791085276,5.0,0.1,mean_max,0.11693635609135392,6.105981923735302e-05,600,4,128,4,64,"{""batch_size"": 16, ""depth"": 3, ""dropout"": 0.25, ""ffn_hidden_dim"": 512, ""ffn_num_layers"": 1, ""final_lr"": 4.087134737005474e-06, ""gotennet_cutoff"": 5.0, ""gotennet_lr_scale"": 0.1, ""gotennet_pooling"": ""mean_max"", ""init_lr"": 7.1401127652128146e-06, ""max_lr"": 6.105981923735302e-05, ""message_hidden_dim"": 600, ""warmup_epochs"": 4, ""x_d_embed_dim"": 128, ""x_d_encoder_heads"": 4, ""x_d_fp_groups"": 64}","[0.5425174832344055, 0.4245135486125946, 0.2109847068786621, 0.4306223392486572, 0.3953126966953277]",COMPLETE
4,0.39259607195854185,2026-06-23 00:07:14.105765,2026-06-23 00:15:55.943695,0 days 00:08:41.837930,32,4,0.2,300,2,0.0549720318589522,5.0,0.1,mean_max,0.08786884660469503,6.576507718814309e-05,300,4,128,8,64,"{""batch_size"": 32, ""depth"": 4, ""dropout"": 0.2, ""ffn_hidden_dim"": 300, ""ffn_num_layers"": 2, ""final_lr"": 3.6152399183930524e-06, ""gotennet_cutoff"": 5.0, ""gotennet_lr_scale"": 0.1, ""gotennet_pooling"": ""mean_max"", ""init_lr"": 5.778701479390874e-06, ""max_lr"": 6.576507718814309e-05, ""message_hidden_dim"": 300, ""warmup_epochs"": 4, ""x_d_embed_dim"": 128, ""x_d_encoder_heads"": 8, ""x_d_fp_groups"": 64}","[0.5486619472503662, 0.4009805023670196, 0.2318828999996185, 0.4116040170192718, 0.3698509931564331]",COMPLETE
5,0.39466784000396726,2026-06-23 00:15:55.950037,2026-06-23 00:22:40.810862,0 days 00:06:44.860825,16,4,0.35,512,2,0.07575261574353705,4.0,0.1,mean_max,0.10530598488557939,0.00011403820393151987,300,3,128,4,128,"{""batch_size"": 16, ""depth"": 4, ""dropout"": 0.35, ""ffn_hidden_dim"": 512, ""ffn_num_layers"": 2, ""final_lr"": 8.638692242507541e-06, ""gotennet_cutoff"": 4.0, ""gotennet_lr_scale"": 0.1, ""gotennet_pooling"": ""mean_max"", ""init_lr"": 1.2008905379591252e-05, ""max_lr"": 0.00011403820393151987, ""message_hidden_dim"": 300, ""warmup_epochs"": 3, ""x_d_embed_dim"": 128, ""x_d_encoder_heads"": 4, ""x_d_fp_groups"": 128}","[0.526425302028656, 0.4226067066192627, 0.2462566196918487, 0.4050521850585937, 0.3729983866214752]",COMPLETE
6,0.40472657084465025,2026-06-23 00:22:40.816861,2026-06-23 00:29:28.586703,0 days 00:06:47.769842,16,4,0.30000000000000004,300,2,0.1071078811605412,5.0,0.1,mean,0.06425381174844887,0.00019403404522845276,600,4,128,8,128,"{""batch_size"": 16, ""depth"": 4, ""dropout"": 0.30000000000000004, ""ffn_hidden_dim"": 300, ""ffn_num_layers"": 2, ""final_lr"": 2.078257545742819e-05, ""gotennet_cutoff"": 5.0, ""gotennet_lr_scale"": 0.1, ""gotennet_pooling"": ""mean"", ""init_lr"": 1.2467427014899017e-05, ""max_lr"": 0.00019403404522845276, ""message_hidden_dim"": 600, ""warmup_epochs"": 4, ""x_d_embed_dim"": 128, ""x_d_encoder_heads"": 8, ""x_d_fp_groups"": 128}","[0.5319862961769104, 0.4580698013305664, 0.2359757721424102, 0.4036987125873565, 0.3939022719860077]",COMPLETE
7,0.4125312685966492,2026-06-23 00:29:28.592695,2026-06-23 00:35:38.333502,0 days 00:06:09.740807,32,3,0.30000000000000004,300,2,0.1036166181758137,4.0,0.1,mean_max,0.08842357404360901,0.00012839847326348127,600,2,128,4,128,"{""batch_size"": 32, ""depth"": 3, ""dropout"": 0.30000000000000004, ""ffn_hidden_dim"": 300, ""ffn_num_layers"": 2, ""final_lr"": 1.3304215578499564e-05, ""gotennet_cutoff"": 4.0, ""gotennet_lr_scale"": 0.1, ""gotennet_pooling"": ""mean_max"", ""init_lr"": 1.1353451907699788e-05, ""max_lr"": 0.00012839847326348127, ""message_hidden_dim"": 600, ""warmup_epochs"": 2, ""x_d_embed_dim"": 128, ""x_d_encoder_heads"": 4, ""x_d_fp_groups"": 128}","[0.552436888217926, 0.4348573386669159, 0.254222959280014, 0.4283221960067749, 0.392816960811615]",COMPLETE
8,0.40899808406829835,2026-06-23 00:35:38.339493,2026-06-23 00:41:17.600200,0 days 00:05:39.260707,32,4,0.2,300,1,0.07204797623653346,5.0,0.3,mean,0.07852287614241282,0.0003488585019780636,600,4,128,8,128,"{""batch_size"": 32, ""depth"": 4, ""dropout"": 0.2, ""ffn_hidden_dim"": 300, ""ffn_num_layers"": 1, ""final_lr"": 2.513454906042819e-05, ""gotennet_cutoff"": 5.0, ""gotennet_lr_scale"": 0.3, ""gotennet_pooling"": ""mean"", ""init_lr"": 2.739337294205117e-05, ""max_lr"": 0.0003488585019780636, ""message_hidden_dim"": 600, ""warmup_epochs"": 4, ""x_d_embed_dim"": 128, ""x_d_encoder_heads"": 8, ""x_d_fp_groups"": 128}","[0.5343197584152222, 0.461763471364975, 0.2319155931472778, 0.4214258790016174, 0.3955657184123993]",COMPLETE
9,0.3958952486515045,2026-06-23 00:41:17.607197,2026-06-23 00:46:30.046609,0 days 00:05:12.439412,16,3,0.2,512,2,0.10712255528821008,4.0,0.3,mean,0.07212292603603178,0.00012843964063896302,300,4,128,4,64,"{""batch_size"": 16, ""depth"": 3, ""dropout"": 0.2, ""ffn_hidden_dim"": 512, ""ffn_num_layers"": 2, ""final_lr"": 1.3758782505545149e-05, ""gotennet_cutoff"": 4.0, ""gotennet_lr_scale"": 0.3, ""gotennet_pooling"": ""mean"", ""init_lr"": 9.26344270189843e-06, ""max_lr"": 0.00012843964063896302, ""message_hidden_dim"": 300, ""warmup_epochs"": 4, ""x_d_embed_dim"": 128, ""x_d_encoder_heads"": 4, ""x_d_fp_groups"": 64}","[0.555892825126648, 0.4380488097667694, 0.1989156305789947, 0.4181199669837951, 0.3684990108013153]",COMPLETE
10,0.43012667298316953,2026-06-23 00:46:30.052610,2026-06-23 00:51:17.965199,0 days 00:04:47.912589,16,3,0.25,512,1,0.04092316774499409,4.0,0.3,mean,0.04154120356582859,0.00035951314235898164,300,2,128,8,128,"{""batch_size"": 16, ""depth"": 3, ""dropout"": 0.25, ""ffn_hidden_dim"": 512, ""ffn_num_layers"": 1, ""final_lr"": 1.4712416631286546e-05, ""gotennet_cutoff"": 4.0, ""gotennet_lr_scale"": 0.3, ""gotennet_pooling"": ""mean"", ""init_lr"": 1.493460863132517e-05, ""max_lr"": 0.00035951314235898164, ""message_hidden_dim"": 300, ""warmup_epochs"": 2, ""x_d_embed_dim"": 128, ""x_d_encoder_heads"": 8, ""x_d_fp_groups"": 128}","[0.5584156513214111, 0.4901947379112243, 0.2646406888961792, 0.4327130317687988, 0.4046692550182342]",COMPLETE
11,0.4119247645139694,2026-06-23 00:51:17.973189,2026-06-23 00:56:20.478311,0 days 00:05:02.505122,16,3,0.25,512,1,0.04024670745820799,4.0,0.3,mean,0.04061940165256936,0.0003950550037640316,300,2,128,8,128,"{""batch_size"": 16, ""depth"": 3, ""dropout"": 0.25, ""ffn_hidden_dim"": 512, ""ffn_num_layers"": 1, ""final_lr"": 1.5899663166392238e-05, ""gotennet_cutoff"": 4.0, ""gotennet_lr_scale"": 0.3, ""gotennet_pooling"": ""mean"", ""init_lr"": 1.60468978727485e-05, ""max_lr"": 0.0003950550037640316, ""message_hidden_dim"": 300, ""warmup_epochs"": 2, ""x_d_embed_dim"": 128, ""x_d_encoder_heads"": 8, ""x_d_fp_groups"": 128}","[0.5515271425247192, 0.4666809141635895, 0.2303929179906845, 0.4201603531837463, 0.3908624947071075]",COMPLETE
12,0.40889792442321776,2026-06-23 00:56:20.484310,2026-06-23 01:01:21.836264,0 days 00:05:01.351954,16,3,0.25,512,1,0.040947298825696934,4.0,0.3,mean,0.052485221923724366,0.00026069826276495505,300,3,128,8,128,"{""batch_size"": 16, ""depth"": 3, ""dropout"": 0.25, ""ffn_hidden_dim"": 512, ""ffn_num_layers"": 1, ""final_lr"": 1.0674889668776674e-05, ""gotennet_cutoff"": 4.0, ""gotennet_lr_scale"": 0.3, ""gotennet_pooling"": ""mean"", ""init_lr"": 1.3682806176348074e-05, ""max_lr"": 0.00026069826276495505, ""message_hidden_dim"": 300, ""warmup_epochs"": 3, ""x_d_embed_dim"": 128, ""x_d_encoder_heads"": 8, ""x_d_fp_groups"": 128}","[0.5337881445884705, 0.4750892519950866, 0.2552804350852966, 0.4133887588977813, 0.3669430315494537]",COMPLETE
13,0.42206032276153566,2026-06-23 01:01:21.843264,2026-06-23 01:06:22.827376,0 days 00:05:00.984112,16,3,0.30000000000000004,512,1,0.0504626647324481,4.0,0.3,mean,0.05299869457662604,0.00026110355433060946,300,2,128,8,128,"{""batch_size"": 16, ""depth"": 3, ""dropout"": 0.30000000000000004, ""ffn_hidden_dim"": 512, ""ffn_num_layers"": 1, ""final_lr"": 1.3175981122636092e-05, ""gotennet_cutoff"": 4.0, ""gotennet_lr_scale"": 0.3, ""gotennet_pooling"": ""mean"", ""init_lr"": 1.3838147528839453e-05, ""max_lr"": 0.00026110355433060946, ""message_hidden_dim"": 300, ""warmup_epochs"": 2, ""x_d_embed_dim"": 128, ""x_d_encoder_heads"": 8, ""x_d_fp_groups"": 128}","[0.5769564509391785, 0.4555174112319946, 0.2736167013645172, 0.4062499403953552, 0.3979611098766327]",COMPLETE
14,0.41114591956138613,2026-06-23 01:06:22.833367,2026-06-23 01:11:27.162775,0 days 00:05:04.329408,16,3,0.30000000000000004,512,1,0.04857942621058098,4.0,0.3,mean,0.058124705490882285,0.00029113274757359986,300,2,128,8,128,"{""batch_size"": 16, ""depth"": 3, ""dropout"": 0.30000000000000004, ""ffn_hidden_dim"": 512, ""ffn_num_layers"": 1, ""final_lr"": 1.4143061828235392e-05, ""gotennet_cutoff"": 4.0, ""gotennet_lr_scale"": 0.3, ""gotennet_pooling"": ""mean"", ""init_lr"": 1.6922005211466866e-05, ""max_lr"": 0.00029113274757359986, ""message_hidden_dim"": 300, ""warmup_epochs"": 2, ""x_d_embed_dim"": 128, ""x_d_encoder_heads"": 8, ""x_d_fp_groups"": 128}","[0.5264403223991394, 0.4719134867191314, 0.2548809349536896, 0.3991719484329223, 0.4033229053020477]",COMPLETE
15,0.4112591028213501,2026-06-23 01:11:27.168775,2026-06-23 01:17:24.354701,0 days 00:05:57.185926,16,3,0.30000000000000004,512,1,0.047021060134270334,4.0,0.3,mean,0.04008701679857075,0.00019718101943630084,300,2,128,8,128,"{""batch_size"": 16, ""depth"": 3, ""dropout"": 0.30000000000000004, ""ffn_hidden_dim"": 512, ""ffn_num_layers"": 1, ""final_lr"": 9.27166057225103e-06, ""gotennet_cutoff"": 4.0, ""gotennet_lr_scale"": 0.3, ""gotennet_pooling"": ""mean"", ""init_lr"": 7.904398838502297e-06, ""max_lr"": 0.00019718101943630084, ""message_hidden_dim"": 300, ""warmup_epochs"": 2, ""x_d_embed_dim"": 128, ""x_d_encoder_heads"": 8, ""x_d_fp_groups"": 128}","[0.5376806855201721, 0.4438174366950989, 0.2410091459751129, 0.4150128066539764, 0.4187754392623901]",COMPLETE
16,0.42672944664955137,2026-06-23 01:17:24.360698,2026-06-23 01:22:02.338333,0 days 00:04:37.977635,16,3,0.30000000000000004,512,1,0.04793503959092625,4.0,0.3,mean,0.05094599180853075,0.0003115290056399787,300,2,128,8,128,"{""batch_size"": 16, ""depth"": 3, ""dropout"": 0.30000000000000004, ""ffn_hidden_dim"": 512, ""ffn_num_layers"": 1, ""final_lr"": 1.4933155219074267e-05, ""gotennet_cutoff"": 4.0, ""gotennet_lr_scale"": 0.3, ""gotennet_pooling"": ""mean"", ""init_lr"": 1.5871154169454087e-05, ""max_lr"": 0.0003115290056399787, ""message_hidden_dim"": 300, ""warmup_epochs"": 2, ""x_d_embed_dim"": 128, ""x_d_encoder_heads"": 8, ""x_d_fp_groups"": 128}","[0.5591002702713013, 0.4673627316951751, 0.2700319290161133, 0.4085419178009033, 0.4286103844642639]",COMPLETE
17,0.42525996565818786,2026-06-23 01:22:02.344332,2026-06-23 01:26:46.449716,0 days 00:04:44.105384,16,3,0.25,512,1,0.05987724159354198,4.0,0.3,mean,0.04782376374505791,0.00033014359321591137,300,3,128,8,128,"{""batch_size"": 16, ""depth"": 3, ""dropout"": 0.25, ""ffn_hidden_dim"": 512, ""ffn_num_layers"": 1, ""final_lr"": 1.976808769154917e-05, ""gotennet_cutoff"": 4.0, ""gotennet_lr_scale"": 0.3, ""gotennet_pooling"": ""mean"", ""init_lr"": 1.5788709203902248e-05, ""max_lr"": 0.00033014359321591137, ""message_hidden_dim"": 300, ""warmup_epochs"": 3, ""x_d_embed_dim"": 128, ""x_d_encoder_heads"": 8, ""x_d_fp_groups"": 128}","[0.5576804280281067, 0.4786952435970306, 0.265438437461853, 0.4074507057666778, 0.4170350134372711]",COMPLETE
18,0.3975332945585251,2026-06-23 01:26:46.456716,2026-06-23 01:31:40.543658,0 days 00:04:54.086942,32,3,0.35,300,1,0.04437468280516008,4.0,0.3,mean,0.05999418851253641,0.00021147797039872593,600,2,128,8,64,"{""batch_size"": 32, ""depth"": 3, ""dropout"": 0.35, ""ffn_hidden_dim"": 300, ""ffn_num_layers"": 1, ""final_lr"": 9.384267856722497e-06, ""gotennet_cutoff"": 4.0, ""gotennet_lr_scale"": 0.3, ""gotennet_pooling"": ""mean"", ""init_lr"": 1.268744922234976e-05, ""max_lr"": 0.00021147797039872593, ""message_hidden_dim"": 600, ""warmup_epochs"": 2, ""x_d_embed_dim"": 128, ""x_d_encoder_heads"": 8, ""x_d_fp_groups"": 64}","[0.5581343173980713, 0.428174078464508, 0.2068840414285659, 0.4036758244037628, 0.3907982110977173]",COMPLETE
19,0.4260179400444031,2026-06-23 01:31:40.549660,2026-06-23 01:36:50.750724,0 days 00:05:10.201064,16,3,0.30000000000000004,512,1,0.04386484233185458,4.0,0.3,mean,0.05137997350556088,0.00037613087233723545,300,2,128,8,128,"{""batch_size"": 16, ""depth"": 3, ""dropout"": 0.30000000000000004, ""ffn_hidden_dim"": 512, ""ffn_num_layers"": 1, ""final_lr"": 1.6498921411215756e-05, ""gotennet_cutoff"": 4.0, ""gotennet_lr_scale"": 0.3, ""gotennet_pooling"": ""mean"", ""init_lr"": 1.932559425531066e-05, ""max_lr"": 0.00037613087233723545, ""message_hidden_dim"": 300, ""warmup_epochs"": 2, ""x_d_embed_dim"": 128, ""x_d_encoder_heads"": 8, ""x_d_fp_groups"": 128}","[0.5550593733787537, 0.4915724396705627, 0.2616015374660492, 0.4367956221103668, 0.3850607275962829]",COMPLETE
