number,value,datetime_start,datetime_complete,duration,params_batch_size,params_depth,params_dropout,params_ffn_hidden_dim,params_ffn_num_layers,params_final_lr_ratio,params_gotennet_cutoff,params_gotennet_lr_scale,params_gotennet_pooling,params_init_lr_ratio,params_max_lr,params_message_hidden_dim,params_warmup_epochs,params_x_d_embed_dim,params_x_d_encoder_heads,params_x_d_fp_groups,user_attrs_params_json,user_attrs_per_seed_values,state
0,0.9634216547012329,2026-06-22 04:30:00.244510,2026-06-22 05:37:46.346599,0 days 01:07:46.102089,16,4,0.35,512,2,0.07756239476796357,5.0,0.1,mean_max,0.08775907543295038,0.00015653014388703845,300,3,128,4,128,"{""batch_size"": 16, ""depth"": 4, ""dropout"": 0.35, ""ffn_hidden_dim"": 512, ""ffn_num_layers"": 2, ""final_lr"": 1.2140852813252617e-05, ""gotennet_cutoff"": 5.0, ""gotennet_lr_scale"": 0.1, ""gotennet_pooling"": ""mean_max"", ""init_lr"": 1.3736940704913184e-05, ""max_lr"": 0.00015653014388703845, ""message_hidden_dim"": 300, ""warmup_epochs"": 3, ""x_d_embed_dim"": 128, ""x_d_encoder_heads"": 4, ""x_d_fp_groups"": 128}","[0.960990071296692, 0.9777131676673888, 0.9612082242965698, 0.9475176930427552, 0.9696791172027588]",COMPLETE
1,0.9573836326599121,2026-06-22 05:37:46.356118,2026-06-22 05:42:09.140073,0 days 00:04:22.783955,16,4,0.25,512,2,0.08079414919250522,4.0,0.3,mean_max,0.04555029917806253,0.00025343003758733187,300,4,128,8,128,"{""batch_size"": 16, ""depth"": 4, ""dropout"": 0.25, ""ffn_hidden_dim"": 512, ""ffn_num_layers"": 2, ""final_lr"": 2.0475664266693097e-05, ""gotennet_cutoff"": 4.0, ""gotennet_lr_scale"": 0.3, ""gotennet_pooling"": ""mean_max"", ""init_lr"": 1.15438140328106e-05, ""max_lr"": 0.00025343003758733187, ""message_hidden_dim"": 300, ""warmup_epochs"": 4, ""x_d_embed_dim"": 128, ""x_d_encoder_heads"": 8, ""x_d_fp_groups"": 128}","[0.959644854068756, 0.9699612259864808, 0.9488075971603394, 0.9438297748565674, 0.964674711227417]",COMPLETE
2,0.9568518280982972,2026-06-22 05:42:09.146592,2026-06-22 05:46:58.518926,0 days 00:04:49.372334,32,4,0.2,512,1,0.05656627257155115,4.0,0.1,mean_max,0.04608647251321383,7.74398296013482e-05,300,4,128,8,64,"{""batch_size"": 32, ""depth"": 4, ""dropout"": 0.2, ""ffn_hidden_dim"": 512, ""ffn_num_layers"": 1, ""final_lr"": 4.3804825091243375e-06, ""gotennet_cutoff"": 4.0, ""gotennet_lr_scale"": 0.1, ""gotennet_pooling"": ""mean_max"", ""init_lr"": 3.5689285783504967e-06, ""max_lr"": 7.74398296013482e-05, ""message_hidden_dim"": 300, ""warmup_epochs"": 4, ""x_d_embed_dim"": 128, ""x_d_encoder_heads"": 8, ""x_d_fp_groups"": 64}","[0.9642184972763062, 0.9667312502861024, 0.9465819001197816, 0.9441134333610536, 0.9626140594482422]",COMPLETE
3,0.9593006491661071,2026-06-22 05:46:58.526432,2026-06-22 05:52:33.805254,0 days 00:05:35.278822,16,3,0.25,512,1,0.06693656791085276,5.0,0.1,mean_max,0.11693635609135392,6.105981923735302e-05,600,4,128,4,64,"{""batch_size"": 16, ""depth"": 3, ""dropout"": 0.25, ""ffn_hidden_dim"": 512, ""ffn_num_layers"": 1, ""final_lr"": 4.087134737005474e-06, ""gotennet_cutoff"": 5.0, ""gotennet_lr_scale"": 0.1, ""gotennet_pooling"": ""mean_max"", ""init_lr"": 7.1401127652128146e-06, ""max_lr"": 6.105981923735302e-05, ""message_hidden_dim"": 600, ""warmup_epochs"": 4, ""x_d_embed_dim"": 128, ""x_d_encoder_heads"": 4, ""x_d_fp_groups"": 64}","[0.9566854238510132, 0.9748061895370485, 0.952305257320404, 0.9495035409927368, 0.9632028341293336]",COMPLETE
4,0.9545070648193359,2026-06-22 05:52:33.811258,2026-06-22 05:57:36.984970,0 days 00:05:03.173712,32,4,0.2,300,2,0.0549720318589522,5.0,0.1,mean_max,0.08786884660469503,6.576507718814309e-05,300,4,128,8,64,"{""batch_size"": 32, ""depth"": 4, ""dropout"": 0.2, ""ffn_hidden_dim"": 300, ""ffn_num_layers"": 2, ""final_lr"": 3.6152399183930524e-06, ""gotennet_cutoff"": 5.0, ""gotennet_lr_scale"": 0.1, ""gotennet_pooling"": ""mean_max"", ""init_lr"": 5.778701479390874e-06, ""max_lr"": 6.576507718814309e-05, ""message_hidden_dim"": 300, ""warmup_epochs"": 4, ""x_d_embed_dim"": 128, ""x_d_encoder_heads"": 8, ""x_d_fp_groups"": 64}","[0.9620661735534668, 0.9651162624359132, 0.9265501499176024, 0.9517730474472046, 0.9670296907424928]",COMPLETE
5,0.9599292993545532,2026-06-22 05:57:36.990977,2026-06-22 06:02:27.475574,0 days 00:04:50.484597,16,4,0.35,512,2,0.07575261574353705,4.0,0.1,mean_max,0.10530598488557939,0.00011403820393151987,300,3,128,4,128,"{""batch_size"": 16, ""depth"": 4, ""dropout"": 0.35, ""ffn_hidden_dim"": 512, ""ffn_num_layers"": 2, ""final_lr"": 8.638692242507541e-06, ""gotennet_cutoff"": 4.0, ""gotennet_lr_scale"": 0.1, ""gotennet_pooling"": ""mean_max"", ""init_lr"": 1.2008905379591252e-05, ""max_lr"": 0.00011403820393151987, ""message_hidden_dim"": 300, ""warmup_epochs"": 3, ""x_d_embed_dim"": 128, ""x_d_encoder_heads"": 4, ""x_d_fp_groups"": 128}","[0.9593758583068848, 0.9780361652374268, 0.9516693353652954, 0.9438297748565674, 0.9667353630065918]",COMPLETE
6,0.9603438973426819,2026-06-22 06:02:27.481084,2026-06-22 06:06:58.878316,0 days 00:04:31.397232,16,4,0.30000000000000004,300,2,0.1071078811605412,5.0,0.1,mean,0.06425381174844887,0.00019403404522845276,600,4,128,8,128,"{""batch_size"": 16, ""depth"": 4, ""dropout"": 0.30000000000000004, ""ffn_hidden_dim"": 300, ""ffn_num_layers"": 2, ""final_lr"": 2.078257545742819e-05, ""gotennet_cutoff"": 5.0, ""gotennet_lr_scale"": 0.1, ""gotennet_pooling"": ""mean"", ""init_lr"": 1.2467427014899017e-05, ""max_lr"": 0.00019403404522845276, ""message_hidden_dim"": 600, ""warmup_epochs"": 4, ""x_d_embed_dim"": 128, ""x_d_encoder_heads"": 8, ""x_d_fp_groups"": 128}","[0.9599138498306274, 0.9748061895370485, 0.955802857875824, 0.9426950216293336, 0.9685015678405762]",COMPLETE
7,0.9582098484039306,2026-06-22 06:06:58.884313,2026-06-22 06:11:16.207429,0 days 00:04:17.323116,32,3,0.30000000000000004,300,2,0.1036166181758137,4.0,0.1,mean_max,0.08842357404360901,0.00012839847326348127,600,2,128,4,128,"{""batch_size"": 32, ""depth"": 3, ""dropout"": 0.30000000000000004, ""ffn_hidden_dim"": 300, ""ffn_num_layers"": 2, ""final_lr"": 1.3304215578499564e-05, ""gotennet_cutoff"": 4.0, ""gotennet_lr_scale"": 0.1, ""gotennet_pooling"": ""mean_max"", ""init_lr"": 1.1353451907699788e-05, ""max_lr"": 0.00012839847326348127, ""message_hidden_dim"": 600, ""warmup_epochs"": 2, ""x_d_embed_dim"": 128, ""x_d_encoder_heads"": 4, ""x_d_fp_groups"": 128}","[0.9574925899505616, 0.9706072807312012, 0.9481717348098756, 0.949219822883606, 0.9655578136444092]",COMPLETE
8,0.9599942207336426,2026-06-22 06:11:16.213943,2026-06-22 06:15:07.337330,0 days 00:03:51.123387,32,4,0.2,300,1,0.07204797623653346,5.0,0.3,mean,0.07852287614241282,0.0003488585019780636,600,4,128,8,128,"{""batch_size"": 32, ""depth"": 4, ""dropout"": 0.2, ""ffn_hidden_dim"": 300, ""ffn_num_layers"": 1, ""final_lr"": 2.513454906042819e-05, ""gotennet_cutoff"": 5.0, ""gotennet_lr_scale"": 0.3, ""gotennet_pooling"": ""mean"", ""init_lr"": 2.739337294205117e-05, ""max_lr"": 0.0003488585019780636, ""message_hidden_dim"": 600, ""warmup_epochs"": 4, ""x_d_embed_dim"": 128, ""x_d_encoder_heads"": 8, ""x_d_fp_groups"": 128}","[0.9634113311767578, 0.9799741506576538, 0.9513514041900636, 0.9446808099746704, 0.9605534076690674]",COMPLETE
9,0.9595986127853393,2026-06-22 06:15:07.343840,2026-06-22 06:19:09.747220,0 days 00:04:02.403380,16,3,0.2,512,2,0.10712255528821008,4.0,0.3,mean,0.07212292603603178,0.00012843964063896302,300,4,128,4,64,"{""batch_size"": 16, ""depth"": 3, ""dropout"": 0.2, ""ffn_hidden_dim"": 512, ""ffn_num_layers"": 2, ""final_lr"": 1.3758782505545149e-05, ""gotennet_cutoff"": 4.0, ""gotennet_lr_scale"": 0.3, ""gotennet_pooling"": ""mean"", ""init_lr"": 9.26344270189843e-06, ""max_lr"": 0.00012843964063896302, ""message_hidden_dim"": 300, ""warmup_epochs"": 4, ""x_d_embed_dim"": 128, ""x_d_encoder_heads"": 4, ""x_d_fp_groups"": 64}","[0.9661017656326294, 0.9720606803894044, 0.9468998908996582, 0.9435460567474364, 0.9693846702575684]",COMPLETE
10,0.9615537524223328,2026-06-22 06:19:09.753221,2026-06-22 06:23:19.655626,0 days 00:04:09.902405,16,3,0.35,512,1,0.04092316774499409,5.0,0.3,mean,0.05712610723154663,0.0001991117353437465,300,2,128,4,128,"{""batch_size"": 16, ""depth"": 3, ""dropout"": 0.35, ""ffn_hidden_dim"": 512, ""ffn_num_layers"": 1, ""final_lr"": 8.148282945469006e-06, ""gotennet_cutoff"": 5.0, ""gotennet_lr_scale"": 0.3, ""gotennet_pooling"": ""mean"", ""init_lr"": 1.1374478344306197e-05, ""max_lr"": 0.0001991117353437465, ""message_hidden_dim"": 300, ""warmup_epochs"": 2, ""x_d_embed_dim"": 128, ""x_d_encoder_heads"": 4, ""x_d_fp_groups"": 128}","[0.9628732800483704, 0.971253216266632, 0.94721782207489, 0.9526240825653076, 0.9738003611564636]",COMPLETE
11,0.9612431526184082,2026-06-22 06:23:19.661810,2026-06-22 06:27:28.661053,0 days 00:04:08.999243,16,3,0.35,512,1,0.04024670745820799,5.0,0.3,mean,0.05923558775445591,0.000192945193891529,300,2,128,4,128,"{""batch_size"": 16, ""depth"": 3, ""dropout"": 0.35, ""ffn_hidden_dim"": 512, ""ffn_num_layers"": 1, ""final_lr"": 7.765408774019587e-06, ""gotennet_cutoff"": 5.0, ""gotennet_lr_scale"": 0.3, ""gotennet_pooling"": ""mean"", ""init_lr"": 1.1429221964562175e-05, ""max_lr"": 0.000192945193891529, ""message_hidden_dim"": 300, ""warmup_epochs"": 2, ""x_d_embed_dim"": 128, ""x_d_encoder_heads"": 4, ""x_d_fp_groups"": 128}","[0.9617971181869508, 0.971899151802063, 0.9497615694999696, 0.9483687877655028, 0.9743891358375548]",COMPLETE
12,0.9624091386795044,2026-06-22 06:27:28.667562,2026-06-22 06:31:50.410901,0 days 00:04:21.743339,16,3,0.35,512,1,0.040947298825696934,5.0,0.3,mean,0.05559978129560742,0.0001882312063711412,300,3,128,4,128,"{""batch_size"": 16, ""depth"": 3, ""dropout"": 0.35, ""ffn_hidden_dim"": 512, ""ffn_num_layers"": 1, ""final_lr"": 7.707559455600547e-06, ""gotennet_cutoff"": 5.0, ""gotennet_lr_scale"": 0.3, ""gotennet_pooling"": ""mean"", ""init_lr"": 1.0465613907243797e-05, ""max_lr"": 0.0001882312063711412, ""message_hidden_dim"": 300, ""warmup_epochs"": 3, ""x_d_embed_dim"": 128, ""x_d_encoder_heads"": 4, ""x_d_fp_groups"": 128}","[0.9634113311767578, 0.9799741506576538, 0.9449920654296876, 0.9554609060287476, 0.9682072401046752]",COMPLETE
13,0.9640310525894165,2026-06-22 06:31:50.416905,2026-06-22 06:36:11.068497,0 days 00:04:20.651592,16,3,0.30000000000000004,512,1,0.05004367497287483,5.0,0.3,mean,0.040263103740648024,9.95475904375018e-05,300,3,128,4,128,"{""batch_size"": 16, ""depth"": 3, ""dropout"": 0.30000000000000004, ""ffn_hidden_dim"": 512, ""ffn_num_layers"": 1, ""final_lr"": 4.981727260187203e-06, ""gotennet_cutoff"": 5.0, ""gotennet_lr_scale"": 0.3, ""gotennet_pooling"": ""mean"", ""init_lr"": 4.008094960916676e-06, ""max_lr"": 9.95475904375018e-05, ""message_hidden_dim"": 300, ""warmup_epochs"": 3, ""x_d_embed_dim"": 128, ""x_d_encoder_heads"": 4, ""x_d_fp_groups"": 128}","[0.9647565484046936, 0.975775182247162, 0.9443561434745787, 0.9679432511329652, 0.9673241376876832]",COMPLETE
14,0.9599749922752381,2026-06-22 06:36:11.077001,2026-06-22 06:41:27.347164,0 days 00:05:16.270163,16,3,0.30000000000000004,512,1,0.05314027838643508,5.0,0.1,mean_max,0.041142892341285334,8.50583403448062e-05,300,3,128,4,128,"{""batch_size"": 16, ""depth"": 3, ""dropout"": 0.30000000000000004, ""ffn_hidden_dim"": 512, ""ffn_num_layers"": 1, ""final_lr"": 4.520023885011144e-06, ""gotennet_cutoff"": 5.0, ""gotennet_lr_scale"": 0.1, ""gotennet_pooling"": ""mean_max"", ""init_lr"": 3.499546139534768e-06, ""max_lr"": 8.50583403448062e-05, ""message_hidden_dim"": 300, ""warmup_epochs"": 3, ""x_d_embed_dim"": 128, ""x_d_encoder_heads"": 4, ""x_d_fp_groups"": 128}","[0.9631422758102416, 0.9738371968269348, 0.9465818405151368, 0.9475176930427552, 0.9687959551811218]",COMPLETE
15,0.9617009162902832,2026-06-22 06:41:27.353164,2026-06-22 06:45:45.296555,0 days 00:04:17.943391,16,4,0.30000000000000004,512,2,0.08590186849074452,5.0,0.3,mean,0.09870272684924844,9.936435770227097e-05,300,3,128,4,128,"{""batch_size"": 16, ""depth"": 4, ""dropout"": 0.30000000000000004, ""ffn_hidden_dim"": 512, ""ffn_num_layers"": 2, ""final_lr"": 8.535583988007778e-06, ""gotennet_cutoff"": 5.0, ""gotennet_lr_scale"": 0.3, ""gotennet_pooling"": ""mean"", ""init_lr"": 9.807533056838266e-06, ""max_lr"": 9.936435770227097e-05, ""message_hidden_dim"": 300, ""warmup_epochs"": 3, ""x_d_embed_dim"": 128, ""x_d_encoder_heads"": 4, ""x_d_fp_groups"": 128}","[0.966639757156372, 0.9712531566619872, 0.9580286741256714, 0.9449645280838012, 0.967618465423584]",COMPLETE
16,0.9630333185195923,2026-06-22 06:45:45.302555,2026-06-22 06:50:02.511508,0 days 00:04:17.208953,16,3,0.25,512,1,0.047161763789152406,5.0,0.1,mean,0.0495956014306256,0.00014461241840747183,300,3,128,4,128,"{""batch_size"": 16, ""depth"": 3, ""dropout"": 0.25, ""ffn_hidden_dim"": 512, ""ffn_num_layers"": 1, ""final_lr"": 6.820176717911261e-06, ""gotennet_cutoff"": 5.0, ""gotennet_lr_scale"": 0.1, ""gotennet_pooling"": ""mean"", ""init_lr"": 7.172139865255837e-06, ""max_lr"": 0.00014461241840747183, ""message_hidden_dim"": 300, ""warmup_epochs"": 3, ""x_d_embed_dim"": 128, ""x_d_encoder_heads"": 4, ""x_d_fp_groups"": 128}","[0.9623352289199828, 0.9841731190681458, 0.9494435787200928, 0.948652446269989, 0.970562219619751]",COMPLETE
17,0.9609503746032715,2026-06-22 06:50:02.518513,2026-06-22 06:54:55.451772,0 days 00:04:52.933259,16,4,0.30000000000000004,512,2,0.09045074589316303,5.0,0.3,mean_max,0.06985653637063098,0.00015645316276031301,300,3,128,4,128,"{""batch_size"": 16, ""depth"": 4, ""dropout"": 0.30000000000000004, ""ffn_hidden_dim"": 512, ""ffn_num_layers"": 2, ""final_lr"": 1.4151305269014748e-05, ""gotennet_cutoff"": 5.0, ""gotennet_lr_scale"": 0.3, ""gotennet_pooling"": ""mean_max"", ""init_lr"": 1.0929276054666054e-05, ""max_lr"": 0.00015645316276031301, ""message_hidden_dim"": 300, ""warmup_epochs"": 3, ""x_d_embed_dim"": 128, ""x_d_encoder_heads"": 4, ""x_d_fp_groups"": 128}","[0.9677159190177916, 0.9709302186965942, 0.9558029174804688, 0.9429786801338196, 0.9673241376876832]",COMPLETE
18,0.9618295907974244,2026-06-22 06:54:55.457773,2026-06-22 06:59:24.057485,0 days 00:04:28.599712,32,4,0.35,300,2,0.06002158832349754,5.0,0.3,mean_max,0.04002723068938823,0.000283130677929548,600,3,128,4,64,"{""batch_size"": 32, ""depth"": 4, ""dropout"": 0.35, ""ffn_hidden_dim"": 300, ""ffn_num_layers"": 2, ""final_lr"": 1.69939529924401e-05, ""gotennet_cutoff"": 5.0, ""gotennet_lr_scale"": 0.3, ""gotennet_pooling"": ""mean_max"", ""init_lr"": 1.1332936960728899e-05, ""max_lr"": 0.000283130677929548, ""message_hidden_dim"": 600, ""warmup_epochs"": 3, ""x_d_embed_dim"": 128, ""x_d_encoder_heads"": 4, ""x_d_fp_groups"": 64}","[0.960990071296692, 0.9815891981124878, 0.95071542263031, 0.9441134929656982, 0.9717397689819336]",COMPLETE
19,0.9625646114349365,2026-06-22 06:59:24.063996,2026-06-22 07:03:54.483834,0 days 00:04:30.419838,16,3,0.30000000000000004,512,1,0.1186313288385451,5.0,0.1,mean,0.11788363366589608,9.647610802981505e-05,300,2,128,4,128,"{""batch_size"": 16, ""depth"": 3, ""dropout"": 0.30000000000000004, ""ffn_hidden_dim"": 512, ""ffn_num_layers"": 1, ""final_lr"": 1.1445088896747991e-05, ""gotennet_cutoff"": 5.0, ""gotennet_lr_scale"": 0.1, ""gotennet_pooling"": ""mean"", ""init_lr"": 1.1372954176498132e-05, ""max_lr"": 9.647610802981505e-05, ""message_hidden_dim"": 300, ""warmup_epochs"": 2, ""x_d_embed_dim"": 128, ""x_d_encoder_heads"": 4, ""x_d_fp_groups"": 128}","[0.9626042246818542, 0.9767441749572754, 0.9500795006752014, 0.9548935890197754, 0.9685015678405762]",COMPLETE
